Configuration:
dim: 256, lambda_div: 0.100000, lambda_ff: 0.100000, decay_iterations: 25000, potential: True, vector_potential: False, 
Using device: cuda (gpus 1) ['NVIDIA GeForce RTX 3060']
[Iteration 000100/050000] [BC: 0.03243637; Div: 0.00004523; For: 0.00074829] [0:00:13.806674]
Lambda B: 972.747224
LR: 0.000498
[Iteration 000200/050000] [BC: 0.03159330; Div: 0.00057075; For: 0.00402706] [0:00:28.134830]
Lambda B: 946.237161
LR: 0.000495
[Iteration 000300/050000] [BC: 0.03076068; Div: 0.00214445; For: 0.00919786] [0:00:42.469103]
Lambda B: 920.449572
LR: 0.000493
[Iteration 000400/050000] [BC: 0.02959176; Div: 0.00929697; For: 0.02268718] [0:00:56.690517]
Lambda B: 895.364766
LR: 0.000491
[Iteration 000500/050000] [BC: 0.02820952; Div: 0.01205610; For: 0.03572670] [0:01:11.069107]
Lambda B: 870.963590
LR: 0.000489
[Iteration 000600/050000] [BC: 0.02667167; Div: 0.01067095; For: 0.06694973] [0:01:25.299071]
Lambda B: 847.227414
LR: 0.000486
[Iteration 000700/050000] [BC: 0.02482068; Div: 0.02638825; For: 0.10805158] [0:01:39.210604]
Lambda B: 824.138115
LR: 0.000484
[Iteration 000800/050000] [BC: 0.02021292; Div: 0.14409816; For: 0.21752813] [0:01:53.704604]
Lambda B: 801.678063
LR: 0.000482
[Iteration 000900/050000] [BC: 0.01361890; Div: 0.22619654; For: 0.49392787] [0:02:08.390020]
Lambda B: 779.830111
LR: 0.000480
[Iteration 001000/050000] [BC: 0.00952264; Div: 0.34123015; For: 0.71646738] [0:02:22.500177]
Lambda B: 758.577575
LR: 0.000477
Validation [Cube: BC: 13.558; Div: 0.096; For: 1.411; Sig: 52.104]
[Iteration 001100/050000] [BC: 0.00675561; Div: 0.39820307; For: 0.75373369] [0:02:37.585212]
Lambda B: 737.904230
LR: 0.000475
[Iteration 001200/050000] [BC: 0.00527073; Div: 0.42213723; For: 0.69395471] [0:02:52.189458]
Lambda B: 717.794291
LR: 0.000473
[Iteration 001300/050000] [BC: 0.00412693; Div: 0.47036117; For: 0.64744109] [0:03:06.590749]
Lambda B: 698.232404
LR: 0.000471
[Iteration 001400/050000] [BC: 0.00320249; Div: 0.50383455; For: 0.63851094] [0:03:21.270922]
Lambda B: 679.203633
LR: 0.000469
[Iteration 001500/050000] [BC: 0.00293372; Div: 0.52663684; For: 0.63340801] [0:03:35.929161]
Lambda B: 660.693448
LR: 0.000467
[Iteration 001600/050000] [BC: 0.00182111; Div: 0.57514453; For: 0.63241941] [0:03:50.234100]
Lambda B: 642.687717
LR: 0.000464
[Iteration 001700/050000] [BC: 0.00156720; Div: 0.57647115; For: 0.64718229] [0:04:04.551107]
Lambda B: 625.172693
LR: 0.000462
[Iteration 001800/050000] [BC: 0.00101710; Div: 0.59413767; For: 0.60814726] [0:04:19.448896]
Lambda B: 608.135001
LR: 0.000460
[Iteration 001900/050000] [BC: 0.00120214; Div: 0.56580687; For: 0.58570617] [0:04:33.738639]
Lambda B: 591.561634
LR: 0.000458
[Iteration 002000/050000] [BC: 0.00088968; Div: 0.56573594; For: 0.58147496] [0:04:48.448581]
Lambda B: 575.439937
LR: 0.000456
Validation [Cube: BC: 3.474; Div: 0.107; For: 0.855; Sig: 43.177]
[Iteration 002100/050000] [BC: 0.00055277; Div: 0.49935800; For: 0.54300654] [0:05:03.541728]
Lambda B: 559.757601
LR: 0.000454
[Iteration 002200/050000] [BC: 0.00065579; Div: 0.48035961; For: 0.52116615] [0:05:17.916494]
Lambda B: 544.502653
LR: 0.000452
[Iteration 002300/050000] [BC: 0.00065180; Div: 0.45366287; For: 0.50081193] [0:05:32.316782]
Lambda B: 529.663444
LR: 0.000450
[Iteration 002400/050000] [BC: 0.00048350; Div: 0.47391972; For: 0.51169509] [0:05:47.318727]
Lambda B: 515.228645
LR: 0.000448
[Iteration 002500/050000] [BC: 0.00057728; Div: 0.42056504; For: 0.47957191] [0:06:01.990329]
Lambda B: 501.187234
LR: 0.000446
[Iteration 002600/050000] [BC: 0.00066028; Div: 0.45388833; For: 0.50025463] [0:06:17.423246]
Lambda B: 487.528490
LR: 0.000444
[Iteration 002700/050000] [BC: 0.00028865; Div: 0.39437646; For: 0.44337529] [0:06:31.862167]
Lambda B: 474.241985
LR: 0.000442
[Iteration 002800/050000] [BC: 0.00048000; Div: 0.35863784; For: 0.43045905] [0:06:46.251321]
Lambda B: 461.317575
LR: 0.000440
[Iteration 002900/050000] [BC: 0.00057558; Div: 0.37010098; For: 0.44761062] [0:07:00.647776]
Lambda B: 448.745390
LR: 0.000437
[Iteration 003000/050000] [BC: 0.00032975; Div: 0.35985684; For: 0.42757374] [0:07:15.019630]
Lambda B: 436.515832
LR: 0.000435
Validation [Cube: BC: 2.282; Div: 0.108; For: 0.712; Sig: 47.807]
[Iteration 003100/050000] [BC: 0.00034165; Div: 0.31114957; For: 0.38569352] [0:07:31.121046]
Lambda B: 424.619564
LR: 0.000433
[Iteration 003200/050000] [BC: 0.00041609; Div: 0.31704599; For: 0.38888001] [0:07:45.526607]
Lambda B: 413.047502
LR: 0.000431
[Iteration 003300/050000] [BC: 0.00049200; Div: 0.31406224; For: 0.39115193] [0:07:59.941157]
Lambda B: 401.790811
LR: 0.000430
[Iteration 003400/050000] [BC: 0.00036974; Div: 0.30319709; For: 0.37263247] [0:08:14.333466]
Lambda B: 390.840896
LR: 0.000428
[Iteration 003500/050000] [BC: 0.00025654; Div: 0.29444024; For: 0.34745225] [0:08:28.732300]
Lambda B: 380.189396
LR: 0.000426
[Iteration 003600/050000] [BC: 0.00028522; Div: 0.26306495; For: 0.32431954] [0:08:43.123740]
Lambda B: 369.828180
LR: 0.000424
[Iteration 003700/050000] [BC: 0.00022636; Div: 0.25545329; For: 0.32755700] [0:08:57.519629]
Lambda B: 359.749335
LR: 0.000422
[Iteration 003800/050000] [BC: 0.00023501; Div: 0.23472969; For: 0.31516051] [0:09:12.669128]
Lambda B: 349.945167
LR: 0.000420
[Iteration 003900/050000] [BC: 0.00043500; Div: 0.25823575; For: 0.32301098] [0:09:27.068952]
Lambda B: 340.408190
LR: 0.000418
[Iteration 004000/050000] [BC: 0.00022632; Div: 0.23647261; For: 0.30508685] [0:09:41.489470]
Lambda B: 331.131121
LR: 0.000416
Validation [Cube: BC: 1.685; Div: 0.111; For: 0.555; Sig: 46.751]
[Iteration 004100/050000] [BC: 0.00016943; Div: 0.19878569; For: 0.27303442] [0:09:57.004144]
Lambda B: 322.106879
LR: 0.000414
[Iteration 004200/050000] [BC: 0.00021510; Div: 0.19772452; For: 0.26160949] [0:10:11.301157]
Lambda B: 313.328572
LR: 0.000412
[Iteration 004300/050000] [BC: 0.00027036; Div: 0.21002360; For: 0.26487386] [0:10:25.628785]
Lambda B: 304.789499
LR: 0.000410
[Iteration 004400/050000] [BC: 0.00013155; Div: 0.18123080; For: 0.22931220] [0:10:39.920674]
Lambda B: 296.483139
LR: 0.000408
[Iteration 004500/050000] [BC: 0.00022040; Div: 0.16728130; For: 0.21380883] [0:10:54.219373]
Lambda B: 288.403150
LR: 0.000406
[Iteration 004600/050000] [BC: 0.00034089; Div: 0.17200938; For: 0.21891360] [0:11:08.528861]
Lambda B: 280.543364
LR: 0.000405
[Iteration 004700/050000] [BC: 0.00018798; Div: 0.15675052; For: 0.21043974] [0:11:23.755165]
Lambda B: 272.897778
LR: 0.000403
[Iteration 004800/050000] [BC: 0.00012671; Div: 0.13285649; For: 0.18807793] [0:11:38.052229]
Lambda B: 265.460556
LR: 0.000401
[Iteration 004900/050000] [BC: 0.00018699; Div: 0.12886663; For: 0.17792177] [0:11:52.338776]
Lambda B: 258.226019
LR: 0.000399
[Iteration 005000/050000] [BC: 0.00013391; Div: 0.12421192; For: 0.15344870] [0:12:06.673313]
Lambda B: 251.188643
LR: 0.000397
Validation [Cube: BC: 2.368; Div: 0.086; For: 0.413; Sig: 43.523]
[Iteration 005100/050000] [BC: 0.00033621; Div: 0.13534889; For: 0.18315683] [0:12:21.744285]
Lambda B: 244.343055
LR: 0.000395
[Iteration 005200/050000] [BC: 0.00031622; Div: 0.12755346; For: 0.17340477] [0:12:36.020205]
Lambda B: 237.684029
LR: 0.000394
[Iteration 005300/050000] [BC: 0.00013139; Div: 0.10755549; For: 0.14775020] [0:12:50.310378]
Lambda B: 231.206479
LR: 0.000392
[Iteration 005400/050000] [BC: 0.00021684; Div: 0.09857927; For: 0.13562378] [0:13:04.589968]
Lambda B: 224.905461
LR: 0.000390
[Iteration 005500/050000] [BC: 0.00022135; Div: 0.09222881; For: 0.13124268] [0:13:18.887437]
Lambda B: 218.776162
LR: 0.000388
[Iteration 005600/050000] [BC: 0.00026998; Div: 0.08869768; For: 0.12594257] [0:13:33.179680]
Lambda B: 212.813905
LR: 0.000386
[Iteration 005700/050000] [BC: 0.00013034; Div: 0.07330030; For: 0.11201032] [0:13:47.453773]
Lambda B: 207.014135
LR: 0.000385
[Iteration 005800/050000] [BC: 0.00021965; Div: 0.06282042; For: 0.09769651] [0:14:02.862389]
Lambda B: 201.372425
LR: 0.000383
[Iteration 005900/050000] [BC: 0.00012566; Div: 0.06054423; For: 0.09664302] [0:14:17.147689]
Lambda B: 195.884467
LR: 0.000381
[Iteration 006000/050000] [BC: 0.00016325; Div: 0.05010488; For: 0.08383270] [0:14:31.540148]
Lambda B: 190.546072
LR: 0.000379
Validation [Cube: BC: 2.409; Div: 0.080; For: 0.298; Sig: 38.985]
[Iteration 006100/050000] [BC: 0.00019678; Div: 0.05172634; For: 0.08567013] [0:14:46.793193]
Lambda B: 185.353162
LR: 0.000378
[Iteration 006200/050000] [BC: 0.00010420; Div: 0.04128310; For: 0.07016531] [0:15:01.108439]
Lambda B: 180.301774
LR: 0.000376
[Iteration 006300/050000] [BC: 0.00013413; Div: 0.03498630; For: 0.06085506] [0:15:15.392392]
Lambda B: 175.388050
LR: 0.000374
[Iteration 006400/050000] [BC: 0.00020198; Div: 0.03736171; For: 0.06373861] [0:15:29.676914]
Lambda B: 170.608239
LR: 0.000372
[Iteration 006500/050000] [BC: 0.00010149; Div: 0.03202586; For: 0.05191212] [0:15:43.951820]
Lambda B: 165.958691
LR: 0.000371
[Iteration 006600/050000] [BC: 0.00008801; Div: 0.02500891; For: 0.04101712] [0:15:58.258805]
Lambda B: 161.435856
LR: 0.000369
[Iteration 006700/050000] [BC: 0.00016282; Div: 0.02457024; For: 0.04012094] [0:16:12.553742]
Lambda B: 157.036280
LR: 0.000367
[Iteration 006800/050000] [BC: 0.00023137; Div: 0.02999382; For: 0.04698202] [0:16:26.844534]
Lambda B: 152.756606
LR: 0.000366
[Iteration 006900/050000] [BC: 0.00010978; Div: 0.02390370; For: 0.03525358] [0:16:41.134778]
Lambda B: 148.593564
LR: 0.000364
[Iteration 007000/050000] [BC: 0.00008607; Div: 0.01952455; For: 0.02915237] [0:16:55.522366]
Lambda B: 144.543977
LR: 0.000362
Validation [Cube: BC: 1.138; Div: 0.067; For: 0.208; Sig: 29.789]
[Iteration 007100/050000] [BC: 0.00012459; Div: 0.01806164; For: 0.02773136] [0:17:10.636354]
Lambda B: 140.604752
LR: 0.000361
[Iteration 007200/050000] [BC: 0.00007819; Div: 0.01613145; For: 0.02363855] [0:17:26.487177]
Lambda B: 136.772883
LR: 0.000359
[Iteration 007300/050000] [BC: 0.00007140; Div: 0.01371257; For: 0.01835112] [0:17:40.868950]
Lambda B: 133.045442
LR: 0.000357
[Iteration 007400/050000] [BC: 0.00018380; Div: 0.01743633; For: 0.02415767] [0:17:55.259833]
Lambda B: 129.419584
LR: 0.000356
[Iteration 007500/050000] [BC: 0.00018497; Div: 0.01877498; For: 0.02529578] [0:18:09.637838]
Lambda B: 125.892541
LR: 0.000354
[Iteration 007600/050000] [BC: 0.00014061; Div: 0.01515790; For: 0.02159518] [0:18:24.021063]
Lambda B: 122.461620
LR: 0.000352
[Iteration 007700/050000] [BC: 0.00006902; Div: 0.01089799; For: 0.01607479] [0:18:38.401033]
Lambda B: 119.124201
LR: 0.000351
[Iteration 007800/050000] [BC: 0.00006316; Div: 0.00940110; For: 0.01357180] [0:18:52.787536]
Lambda B: 115.877736
LR: 0.000349
[Iteration 007900/050000] [BC: 0.00007358; Div: 0.00889227; For: 0.01238407] [0:19:07.150592]
Lambda B: 112.719746
LR: 0.000348
[Iteration 008000/050000] [BC: 0.00005832; Div: 0.00790918; For: 0.01087872] [0:19:21.513001]
Lambda B: 109.647820
LR: 0.000346
Validation [Cube: BC: 1.052; Div: 0.060; For: 0.151; Sig: 23.427]
[Iteration 008100/050000] [BC: 0.00013751; Div: 0.00932942; For: 0.01240537] [0:19:36.620539]
Lambda B: 106.659612
LR: 0.000344
[Iteration 008200/050000] [BC: 0.00016436; Div: 0.01108965; For: 0.01534197] [0:19:51.006962]
Lambda B: 103.752842
LR: 0.000343
[Iteration 008300/050000] [BC: 0.00006574; Div: 0.00745343; For: 0.01030977] [0:20:05.401618]
Lambda B: 100.925289
LR: 0.000341
[Iteration 008400/050000] [BC: 0.00016917; Div: 0.00911879; For: 0.01275677] [0:20:19.774276]
Lambda B: 98.174794
LR: 0.000340
[Iteration 008500/050000] [BC: 0.00006454; Div: 0.00658905; For: 0.00977184] [0:20:34.157053]
Lambda B: 95.499259
LR: 0.000338
[Iteration 008600/050000] [BC: 0.00005585; Div: 0.00567994; For: 0.00885808] [0:20:48.560791]
Lambda B: 92.896639
LR: 0.000336
[Iteration 008700/050000] [BC: 0.00006756; Div: 0.00529141; For: 0.00805406] [0:21:02.938161]
Lambda B: 90.364947
LR: 0.000335
[Iteration 008800/050000] [BC: 0.00017733; Div: 0.00839000; For: 0.01170111] [0:21:19.120434]
Lambda B: 87.902252
LR: 0.000333
[Iteration 008900/050000] [BC: 0.00007397; Div: 0.00526526; For: 0.00794689] [0:21:33.406959]
Lambda B: 85.506671
LR: 0.000332
[Iteration 009000/050000] [BC: 0.00009775; Div: 0.00546845; For: 0.00791938] [0:21:47.692190]
Lambda B: 83.176377
LR: 0.000330
Validation [Cube: BC: 1.516; Div: 0.072; For: 0.125; Sig: 20.248]
[Iteration 009100/050000] [BC: 0.00009173; Div: 0.00508707; For: 0.00789235] [0:22:02.742653]
Lambda B: 80.909590
LR: 0.000329
[Iteration 009200/050000] [BC: 0.00004274; Div: 0.00387749; For: 0.00602374] [0:22:17.020889]
Lambda B: 78.704579
LR: 0.000327
[Iteration 009300/050000] [BC: 0.00010201; Div: 0.00504180; For: 0.00740610] [0:22:31.310909]
Lambda B: 76.559661
LR: 0.000326
[Iteration 009400/050000] [BC: 0.00008400; Div: 0.00409570; For: 0.00684130] [0:22:45.599771]
Lambda B: 74.473197
LR: 0.000324
[Iteration 009500/050000] [BC: 0.00004398; Div: 0.00335189; For: 0.00567841] [0:22:59.898586]
Lambda B: 72.443596
LR: 0.000323
[Iteration 009600/050000] [BC: 0.00004258; Div: 0.00307533; For: 0.00528576] [0:23:14.198584]
Lambda B: 70.469307
LR: 0.000321
[Iteration 009700/050000] [BC: 0.00006430; Div: 0.00327876; For: 0.00528553] [0:23:28.480887]
Lambda B: 68.548823
LR: 0.000320
[Iteration 009800/050000] [BC: 0.00007336; Div: 0.00363032; For: 0.00547249] [0:23:42.784305]
Lambda B: 66.680677
LR: 0.000318
[Iteration 009900/050000] [BC: 0.00008098; Div: 0.00343476; For: 0.00557433] [0:23:57.076295]
Lambda B: 64.863443
LR: 0.000317
[Iteration 010000/050000] [BC: 0.00009126; Div: 0.00331452; For: 0.00536585] [0:24:11.378029]
Lambda B: 63.095734
LR: 0.000315
Validation [Cube: BC: 1.270; Div: 0.055; For: 0.100; Sig: 17.239]
[Iteration 010100/050000] [BC: 0.00006211; Div: 0.00283202; For: 0.00452683] [0:24:26.397014]
Lambda B: 61.376201
LR: 0.000314
[Iteration 010200/050000] [BC: 0.00007529; Div: 0.00300540; For: 0.00473104] [0:24:40.696954]
Lambda B: 59.703529
LR: 0.000313
[Iteration 010300/050000] [BC: 0.00004961; Div: 0.00240893; For: 0.00400814] [0:24:54.982107]
Lambda B: 58.076442
LR: 0.000311
[Iteration 010400/050000] [BC: 0.00004821; Div: 0.00230634; For: 0.00379076] [0:25:09.279445]
Lambda B: 56.493697
LR: 0.000310
[Iteration 010500/050000] [BC: 0.00003390; Div: 0.00211697; For: 0.00349308] [0:25:23.569492]
Lambda B: 54.954087
LR: 0.000308
[Iteration 010600/050000] [BC: 0.00003184; Div: 0.00201657; For: 0.00326698] [0:25:37.865758]
Lambda B: 53.456436
LR: 0.000307
[Iteration 010700/050000] [BC: 0.00004659; Div: 0.00209875; For: 0.00328292] [0:25:52.183468]
Lambda B: 51.999600
LR: 0.000305
[Iteration 010800/050000] [BC: 0.00004386; Div: 0.00210120; For: 0.00322019] [0:26:08.845183]
Lambda B: 50.582466
LR: 0.000304
[Iteration 010900/050000] [BC: 0.00007154; Div: 0.00243724; For: 0.00366181] [0:26:23.171807]
Lambda B: 49.203954
LR: 0.000303
[Iteration 011000/050000] [BC: 0.00005045; Div: 0.00222475; For: 0.00330866] [0:26:37.455260]
Lambda B: 47.863009
LR: 0.000301
Validation [Cube: BC: 0.727; Div: 0.043; For: 0.087; Sig: 14.659]
[Iteration 011100/050000] [BC: 0.00005940; Div: 0.00221096; For: 0.00345267] [0:26:52.503139]
Lambda B: 46.558609
LR: 0.000300
[Iteration 011200/050000] [BC: 0.00005744; Div: 0.00210979; For: 0.00333919] [0:27:06.781960]
Lambda B: 45.289758
LR: 0.000299
[Iteration 011300/050000] [BC: 0.00007172; Div: 0.00205172; For: 0.00339216] [0:27:21.089929]
Lambda B: 44.055486
LR: 0.000297
[Iteration 011400/050000] [BC: 0.00008259; Div: 0.00216230; For: 0.00342767] [0:27:35.378451]
Lambda B: 42.854852
LR: 0.000296
[Iteration 011500/050000] [BC: 0.00004413; Div: 0.00177594; For: 0.00277885] [0:27:49.663889]
Lambda B: 41.686938
LR: 0.000294
[Iteration 011600/050000] [BC: 0.00004448; Div: 0.00170250; For: 0.00263221] [0:28:03.941541]
Lambda B: 40.550854
LR: 0.000293
[Iteration 011700/050000] [BC: 0.00003633; Div: 0.00152120; For: 0.00234304] [0:28:18.311395]
Lambda B: 39.445730
LR: 0.000292
[Iteration 011800/050000] [BC: 0.00004310; Div: 0.00157300; For: 0.00239992] [0:28:32.699846]
Lambda B: 38.370725
LR: 0.000290
[Iteration 011900/050000] [BC: 0.00007840; Div: 0.00214483; For: 0.00307554] [0:28:47.090728]
Lambda B: 37.325016
LR: 0.000289
[Iteration 012000/050000] [BC: 0.00005407; Div: 0.00159525; For: 0.00245213] [0:29:01.471551]
Lambda B: 36.307805
LR: 0.000288
Validation [Cube: BC: 1.201; Div: 0.046; For: 0.082; Sig: 13.645]
[Iteration 012100/050000] [BC: 0.00004883; Div: 0.00165261; For: 0.00247829] [0:29:16.630717]
Lambda B: 35.318317
LR: 0.000286
[Iteration 012200/050000] [BC: 0.00004224; Div: 0.00154569; For: 0.00225555] [0:29:31.023301]
Lambda B: 34.355795
LR: 0.000285
[Iteration 012300/050000] [BC: 0.00006605; Div: 0.00169043; For: 0.00290380] [0:29:45.404840]
Lambda B: 33.419504
LR: 0.000284
[Iteration 012400/050000] [BC: 0.00004462; Div: 0.00147269; For: 0.00225036] [0:29:59.797678]
Lambda B: 32.508730
LR: 0.000282
[Iteration 012500/050000] [BC: 0.00004481; Div: 0.00135661; For: 0.00205572] [0:30:14.192374]
Lambda B: 31.622777
LR: 0.000281
[Iteration 012600/050000] [BC: 0.00004474; Div: 0.00132499; For: 0.00207790] [0:30:28.583198]
Lambda B: 30.760968
LR: 0.000280
[Iteration 012700/050000] [BC: 0.00003323; Div: 0.00117828; For: 0.00180377] [0:30:42.958067]
Lambda B: 29.922646
LR: 0.000279
[Iteration 012800/050000] [BC: 0.00002551; Div: 0.00107883; For: 0.00164441] [0:30:57.354059]
Lambda B: 29.107171
LR: 0.000277
[Iteration 012900/050000] [BC: 0.00002508; Div: 0.00106798; For: 0.00158684] [0:31:11.742788]
Lambda B: 28.313920
LR: 0.000276
[Iteration 013000/050000] [BC: 0.00002426; Div: 0.00104122; For: 0.00151698] [0:31:26.145603]
Lambda B: 27.542287
LR: 0.000275
Validation [Cube: BC: 0.803; Div: 0.028; For: 0.067; Sig: 11.503]
[Iteration 013100/050000] [BC: 0.00006231; Div: 0.00142762; For: 0.00216206] [0:31:41.264965]
Lambda B: 26.791683
LR: 0.000274
[Iteration 013200/050000] [BC: 0.00004688; Div: 0.00125833; For: 0.00185527] [0:31:58.315044]
Lambda B: 26.061535
LR: 0.000272
[Iteration 013300/050000] [BC: 0.00004605; Div: 0.00118686; For: 0.00188743] [0:32:12.714896]
Lambda B: 25.351286
LR: 0.000271
[Iteration 013400/050000] [BC: 0.00002732; Div: 0.00093290; For: 0.00144342] [0:32:27.106199]
Lambda B: 24.660393
LR: 0.000270
[Iteration 013500/050000] [BC: 0.00002673; Div: 0.00090252; For: 0.00138161] [0:32:41.446109]
Lambda B: 23.988329
LR: 0.000269
[Iteration 013600/050000] [BC: 0.00003747; Div: 0.00094204; For: 0.00149753] [0:32:55.719852]
Lambda B: 23.334581
LR: 0.000267
[Iteration 013700/050000] [BC: 0.00004533; Div: 0.00105391; For: 0.00165898] [0:33:10.007515]
Lambda B: 22.698649
LR: 0.000266
[Iteration 013800/050000] [BC: 0.00005188; Div: 0.00121700; For: 0.00186926] [0:33:24.303316]
Lambda B: 22.080047
LR: 0.000265
[Iteration 013900/050000] [BC: 0.00003771; Div: 0.00102550; For: 0.00156428] [0:33:38.595835]
Lambda B: 21.478305
LR: 0.000264
[Iteration 014000/050000] [BC: 0.00003968; Div: 0.00100810; For: 0.00163187] [0:33:52.878031]
Lambda B: 20.892961
LR: 0.000262
Validation [Cube: BC: 0.676; Div: 0.021; For: 0.060; Sig: 10.735]
[Iteration 014100/050000] [BC: 0.00003268; Div: 0.00090355; For: 0.00143765] [0:34:07.897350]
Lambda B: 20.323570
LR: 0.000261
[Iteration 014200/050000] [BC: 0.00003339; Div: 0.00095362; For: 0.00140000] [0:34:22.191402]
Lambda B: 19.769696
LR: 0.000260
[Iteration 014300/050000] [BC: 0.00003909; Div: 0.00096775; For: 0.00150417] [0:34:36.490308]
Lambda B: 19.230917
LR: 0.000259
[Iteration 014400/050000] [BC: 0.00004139; Div: 0.00097597; For: 0.00157205] [0:34:50.780963]
Lambda B: 18.706821
LR: 0.000258
[Iteration 014500/050000] [BC: 0.00004138; Div: 0.00102572; For: 0.00157339] [0:35:05.078261]
Lambda B: 18.197009
LR: 0.000256
[Iteration 014600/050000] [BC: 0.00002802; Div: 0.00073858; For: 0.00114833] [0:35:19.401761]
Lambda B: 17.701090
LR: 0.000255
[Iteration 014700/050000] [BC: 0.00003070; Div: 0.00073791; For: 0.00124930] [0:35:33.682662]
Lambda B: 17.218686
LR: 0.000254
[Iteration 014800/050000] [BC: 0.00003585; Div: 0.00078734; For: 0.00136087] [0:35:47.954827]
Lambda B: 16.749429
LR: 0.000253
[Iteration 014900/050000] [BC: 0.00002973; Div: 0.00067819; For: 0.00111198] [0:36:02.249550]
Lambda B: 16.292960
LR: 0.000252
[Iteration 015000/050000] [BC: 0.00002417; Div: 0.00059381; For: 0.00097241] [0:36:16.557888]
Lambda B: 15.848932
LR: 0.000251
Validation [Cube: BC: 0.614; Div: 0.026; For: 0.053; Sig: 9.304]
[Iteration 015100/050000] [BC: 0.00002357; Div: 0.00058034; For: 0.00095151] [0:36:31.580282]
Lambda B: 15.417005
LR: 0.000249
[Iteration 015200/050000] [BC: 0.00002733; Div: 0.00059095; For: 0.00100545] [0:36:45.860156]
Lambda B: 14.996848
LR: 0.000248
[Iteration 015300/050000] [BC: 0.00005483; Div: 0.00112834; For: 0.00167137] [0:37:00.155497]
Lambda B: 14.588143
LR: 0.000247
[Iteration 015400/050000] [BC: 0.00003421; Div: 0.00076898; For: 0.00125442] [0:37:14.482899]
Lambda B: 14.190575
LR: 0.000246
[Iteration 015500/050000] [BC: 0.00003156; Div: 0.00066089; For: 0.00098642] [0:37:28.860606]
Lambda B: 13.803843
LR: 0.000245
[Iteration 015600/050000] [BC: 0.00002395; Div: 0.00051926; For: 0.00083730] [0:37:43.202830]
Lambda B: 13.427650
LR: 0.000244
[Iteration 015700/050000] [BC: 0.00003412; Div: 0.00059054; For: 0.00095215] [0:37:57.494546]
Lambda B: 13.061709
LR: 0.000243
[Iteration 015800/050000] [BC: 0.00003244; Div: 0.00051188; For: 0.00087725] [0:38:11.817269]
Lambda B: 12.705741
LR: 0.000242
[Iteration 015900/050000] [BC: 0.00002272; Div: 0.00050467; For: 0.00081426] [0:38:26.106893]
Lambda B: 12.359474
LR: 0.000240
[Iteration 016000/050000] [BC: 0.00002111; Div: 0.00048073; For: 0.00078191] [0:38:40.367770]
Lambda B: 12.022644
LR: 0.000239
Validation [Cube: BC: 1.036; Div: 0.017; For: 0.051; Sig: 9.169]
[Iteration 016100/050000] [BC: 0.00002780; Div: 0.00049375; For: 0.00080808] [0:38:55.375897]
Lambda B: 11.694994
LR: 0.000238
[Iteration 016200/050000] [BC: 0.00002044; Div: 0.00043744; For: 0.00072820] [0:39:12.888540]
Lambda B: 11.376273
LR: 0.000237
[Iteration 016300/050000] [BC: 0.00002122; Div: 0.00049626; For: 0.00077846] [0:39:27.178932]
Lambda B: 11.066238
LR: 0.000236
[Iteration 016400/050000] [BC: 0.00001869; Div: 0.00040463; For: 0.00067459] [0:39:41.611260]
Lambda B: 10.764652
LR: 0.000235
[Iteration 016500/050000] [BC: 0.00001855; Div: 0.00038558; For: 0.00064894] [0:39:55.987167]
Lambda B: 10.471285
LR: 0.000234
[Iteration 016600/050000] [BC: 0.00001898; Div: 0.00038501; For: 0.00064064] [0:40:10.359739]
Lambda B: 10.185914
LR: 0.000233
[Iteration 016700/050000] [BC: 0.00001830; Div: 0.00035605; For: 0.00060664] [0:40:24.744701]
Lambda B: 9.908319
LR: 0.000232
[Iteration 016800/050000] [BC: 0.00001994; Div: 0.00039173; For: 0.00063994] [0:40:39.129707]
Lambda B: 9.638290
LR: 0.000231
[Iteration 016900/050000] [BC: 0.00001926; Div: 0.00036023; For: 0.00060600] [0:40:53.514007]
Lambda B: 9.375620
LR: 0.000230
[Iteration 017000/050000] [BC: 0.00001898; Div: 0.00033817; For: 0.00057698] [0:41:07.910391]
Lambda B: 9.120108
LR: 0.000229
Validation [Cube: BC: 0.545; Div: 0.020; For: 0.043; Sig: 7.631]
[Iteration 017100/050000] [BC: 0.00002048; Div: 0.00037714; For: 0.00061310] [0:41:23.059869]
Lambda B: 8.871560
LR: 0.000227
[Iteration 017200/050000] [BC: 0.00001903; Div: 0.00032104; For: 0.00055312] [0:41:37.463902]
Lambda B: 8.629785
LR: 0.000226
[Iteration 017300/050000] [BC: 0.00001944; Div: 0.00032607; For: 0.00055699] [0:41:51.855061]
Lambda B: 8.394600
LR: 0.000225
[Iteration 017400/050000] [BC: 0.00001918; Div: 0.00031362; For: 0.00054289] [0:42:06.240842]
Lambda B: 8.165824
LR: 0.000224
[Iteration 017500/050000] [BC: 0.00002168; Div: 0.00037167; For: 0.00060188] [0:42:20.633672]
Lambda B: 7.943282
LR: 0.000223
[Iteration 017600/050000] [BC: 0.00002024; Div: 0.00033411; For: 0.00055365] [0:42:35.021485]
Lambda B: 7.726806
LR: 0.000222
[Iteration 017700/050000] [BC: 0.00001902; Div: 0.00028295; For: 0.00049483] [0:42:49.418226]
Lambda B: 7.516229
LR: 0.000221
[Iteration 017800/050000] [BC: 0.00002053; Div: 0.00031947; For: 0.00053028] [0:43:03.802926]
Lambda B: 7.311391
LR: 0.000220
[Iteration 017900/050000] [BC: 0.00001942; Div: 0.00027186; For: 0.00047607] [0:43:18.192911]
Lambda B: 7.112135
LR: 0.000219
[Iteration 018000/050000] [BC: 0.00002090; Div: 0.00030846; For: 0.00052419] [0:43:32.587454]
Lambda B: 6.918310
LR: 0.000218
Validation [Cube: BC: 0.623; Div: 0.017; For: 0.040; Sig: 7.170]
[Iteration 018100/050000] [BC: 0.00001997; Div: 0.00026650; For: 0.00046635] [0:43:47.705269]
Lambda B: 6.729767
LR: 0.000217
[Iteration 018200/050000] [BC: 0.00002102; Div: 0.00028385; For: 0.00049445] [0:44:02.064929]
Lambda B: 6.546362
LR: 0.000216
[Iteration 018300/050000] [BC: 0.00001998; Div: 0.00026577; For: 0.00045879] [0:44:16.343507]
Lambda B: 6.367955
LR: 0.000215
[Iteration 018400/050000] [BC: 0.00002412; Div: 0.00039024; For: 0.00060340] [0:44:30.638700]
Lambda B: 6.194411
LR: 0.000214
[Iteration 018500/050000] [BC: 0.00001984; Div: 0.00023655; For: 0.00042079] [0:44:44.936210]
Lambda B: 6.025596
LR: 0.000213
[Iteration 018600/050000] [BC: 0.00002034; Div: 0.00023457; For: 0.00041714] [0:44:59.226014]
Lambda B: 5.861382
LR: 0.000212
[Iteration 018700/050000] [BC: 0.00002018; Div: 0.00022794; For: 0.00040659] [0:45:13.529019]
Lambda B: 5.701643
LR: 0.000211
[Iteration 018800/050000] [BC: 0.00002080; Div: 0.00022853; For: 0.00040448] [0:45:27.816925]
Lambda B: 5.546257
LR: 0.000210
[Iteration 018900/050000] [BC: 0.00002121; Div: 0.00024707; For: 0.00043406] [0:45:42.128821]
Lambda B: 5.395106
LR: 0.000209
[Iteration 019000/050000] [BC: 0.00002106; Div: 0.00023731; For: 0.00040702] [0:45:56.431612]
Lambda B: 5.248075
LR: 0.000208
Validation [Cube: BC: 0.579; Div: 0.018; For: 0.037; Sig: 6.541]
[Iteration 019100/050000] [BC: 0.00002217; Div: 0.00024659; For: 0.00043134] [0:46:11.445346]
Lambda B: 5.105050
LR: 0.000207
[Iteration 019200/050000] [BC: 0.00002134; Div: 0.00022277; For: 0.00039549] [0:46:25.751069]
Lambda B: 4.965923
LR: 0.000207
[Iteration 019300/050000] [BC: 0.00002397; Div: 0.00032174; For: 0.00053177] [0:46:40.042680]
Lambda B: 4.830588
LR: 0.000206
[Iteration 019400/050000] [BC: 0.00002109; Div: 0.00019951; For: 0.00035560] [0:46:54.344551]
Lambda B: 4.698941
LR: 0.000205
[Iteration 019500/050000] [BC: 0.00002153; Div: 0.00020278; For: 0.00036067] [0:47:08.642784]
Lambda B: 4.570882
LR: 0.000204
[Iteration 019600/050000] [BC: 0.00002199; Div: 0.00020271; For: 0.00036192] [0:47:22.941493]
Lambda B: 4.446313
LR: 0.000203
[Iteration 019700/050000] [BC: 0.00002199; Div: 0.00019335; For: 0.00035040] [0:47:37.229537]
Lambda B: 4.325138
LR: 0.000202
[Iteration 019800/050000] [BC: 0.00002186; Div: 0.00018281; For: 0.00033046] [0:47:55.349399]
Lambda B: 4.207266
LR: 0.000201
[Iteration 019900/050000] [BC: 0.00002353; Div: 0.00024081; For: 0.00040541] [0:48:09.625901]
Lambda B: 4.092607
LR: 0.000200
[Iteration 020000/050000] [BC: 0.00002342; Div: 0.00021431; For: 0.00037667] [0:48:23.905612]
Lambda B: 3.981072
LR: 0.000199
Validation [Cube: BC: 0.611; Div: 0.015; For: 0.036; Sig: 6.411]
[Iteration 020100/050000] [BC: 0.00002297; Div: 0.00020100; For: 0.00035613] [0:48:38.996922]
Lambda B: 3.872576
LR: 0.000198
[Iteration 020200/050000] [BC: 0.00002258; Div: 0.00017510; For: 0.00031519] [0:48:53.383672]
Lambda B: 3.767038
LR: 0.000197
[Iteration 020300/050000] [BC: 0.00002363; Div: 0.00020060; For: 0.00035338] [0:49:07.699176]
Lambda B: 3.664376
LR: 0.000196
[Iteration 020400/050000] [BC: 0.00002363; Div: 0.00018377; For: 0.00032772] [0:49:22.004821]
Lambda B: 3.564511
LR: 0.000195
[Iteration 020500/050000] [BC: 0.00002388; Div: 0.00020270; For: 0.00034453] [0:49:36.299851]
Lambda B: 3.467369
LR: 0.000195
[Iteration 020600/050000] [BC: 0.00002444; Div: 0.00021211; For: 0.00033576] [0:49:50.585497]
Lambda B: 3.372873
LR: 0.000194
[Iteration 020700/050000] [BC: 0.00002336; Div: 0.00015358; For: 0.00028227] [0:50:04.885761]
Lambda B: 3.280953
LR: 0.000193
[Iteration 020800/050000] [BC: 0.00002411; Div: 0.00016386; For: 0.00030526] [0:50:19.183661]
Lambda B: 3.191538
LR: 0.000192
[Iteration 020900/050000] [BC: 0.00002404; Div: 0.00015184; For: 0.00028294] [0:50:33.461563]
Lambda B: 3.104560
LR: 0.000191
[Iteration 021000/050000] [BC: 0.00002647; Div: 0.00024999; For: 0.00039633] [0:50:47.742694]
Lambda B: 3.019952
LR: 0.000190
Validation [Cube: BC: 0.627; Div: 0.012; For: 0.032; Sig: 5.651]
[Iteration 021100/050000] [BC: 0.00002403; Div: 0.00013655; For: 0.00025805] [0:51:02.874086]
Lambda B: 2.937650
LR: 0.000189
[Iteration 021200/050000] [BC: 0.00002427; Div: 0.00013348; For: 0.00025276] [0:51:17.269237]
Lambda B: 2.857591
LR: 0.000188
[Iteration 021300/050000] [BC: 0.00002528; Div: 0.00014711; For: 0.00027358] [0:51:31.945346]
Lambda B: 2.779713
LR: 0.000187
[Iteration 021400/050000] [BC: 0.00002669; Div: 0.00020936; For: 0.00037085] [0:51:46.357193]
Lambda B: 2.703958
LR: 0.000187
[Iteration 021500/050000] [BC: 0.00002653; Div: 0.00016414; For: 0.00029490] [0:52:00.804380]
Lambda B: 2.630268
LR: 0.000186
[Iteration 021600/050000] [BC: 0.00002532; Div: 0.00013163; For: 0.00024373] [0:52:15.480072]
Lambda B: 2.558586
LR: 0.000185
[Iteration 021700/050000] [BC: 0.00002553; Div: 0.00012419; For: 0.00023651] [0:52:30.155573]
Lambda B: 2.488857
LR: 0.000184
[Iteration 021800/050000] [BC: 0.00002598; Div: 0.00012889; For: 0.00023765] [0:52:44.833228]
Lambda B: 2.421029
LR: 0.000183
[Iteration 021900/050000] [BC: 0.00002778; Div: 0.00017303; For: 0.00031417] [0:52:59.521880]
Lambda B: 2.355049
LR: 0.000182
[Iteration 022000/050000] [BC: 0.00002627; Div: 0.00012111; For: 0.00022174] [0:53:14.202145]
Lambda B: 2.290868
LR: 0.000182
Validation [Cube: BC: 0.641; Div: 0.012; For: 0.031; Sig: 5.506]
[Iteration 022100/050000] [BC: 0.00002748; Div: 0.00015317; For: 0.00027658] [0:53:29.644235]
Lambda B: 2.228435
LR: 0.000181
[Iteration 022200/050000] [BC: 0.00002681; Div: 0.00011066; For: 0.00021375] [0:53:44.324870]
Lambda B: 2.167704
LR: 0.000180
[Iteration 022300/050000] [BC: 0.00002700; Div: 0.00011250; For: 0.00021442] [0:53:58.699732]
Lambda B: 2.108628
LR: 0.000179
[Iteration 022400/050000] [BC: 0.00002898; Div: 0.00019698; For: 0.00030864] [0:54:13.088034]
Lambda B: 2.051162
LR: 0.000178
[Iteration 022500/050000] [BC: 0.00002892; Div: 0.00012641; For: 0.00023442] [0:54:27.488140]
Lambda B: 1.995262
LR: 0.000177
[Iteration 022600/050000] [BC: 0.00002796; Div: 0.00010779; For: 0.00021270] [0:54:41.869573]
Lambda B: 1.940886
LR: 0.000177
[Iteration 022700/050000] [BC: 0.00002786; Div: 0.00009245; For: 0.00018385] [0:54:56.274131]
Lambda B: 1.887991
LR: 0.000176
[Iteration 022800/050000] [BC: 0.00002905; Div: 0.00011067; For: 0.00021755] [0:55:10.664547]
Lambda B: 1.836538
LR: 0.000175
[Iteration 022900/050000] [BC: 0.00002893; Div: 0.00010524; For: 0.00021278] [0:55:24.985405]
Lambda B: 1.786488
LR: 0.000174
[Iteration 023000/050000] [BC: 0.00003055; Div: 0.00015008; For: 0.00026894] [0:55:39.272652]
Lambda B: 1.737801
LR: 0.000173
Validation [Cube: BC: 0.687; Div: 0.009; For: 0.027; Sig: 4.813]
[Iteration 023100/050000] [BC: 0.00002905; Div: 0.00009015; For: 0.00017232] [0:55:54.270301]
Lambda B: 1.690441
LR: 0.000173
[Iteration 023200/050000] [BC: 0.00002955; Div: 0.00009455; For: 0.00018197] [0:56:08.563314]
Lambda B: 1.644372
LR: 0.000172
[Iteration 023300/050000] [BC: 0.00002983; Div: 0.00008518; For: 0.00017042] [0:56:22.855663]
Lambda B: 1.599558
LR: 0.000171
[Iteration 023400/050000] [BC: 0.00003063; Div: 0.00011185; For: 0.00020170] [0:56:37.139767]
Lambda B: 1.555966
LR: 0.000170
[Iteration 023500/050000] [BC: 0.00003120; Div: 0.00011663; For: 0.00021137] [0:56:51.432325]
Lambda B: 1.513561
LR: 0.000169
[Iteration 023600/050000] [BC: 0.00003098; Div: 0.00008243; For: 0.00016646] [0:57:05.718463]
Lambda B: 1.472313
LR: 0.000169
[Iteration 023700/050000] [BC: 0.00003176; Div: 0.00011072; For: 0.00019160] [0:57:20.025933]
Lambda B: 1.432188
LR: 0.000168
[Iteration 023800/050000] [BC: 0.00003215; Div: 0.00012268; For: 0.00022601] [0:57:34.338391]
Lambda B: 1.393157
LR: 0.000167
[Iteration 023900/050000] [BC: 0.00003947; Div: 0.00028334; For: 0.00041043] [0:57:48.645063]
Lambda B: 1.355189
LR: 0.000166
[Iteration 024000/050000] [BC: 0.00003152; Div: 0.00006354; For: 0.00013367] [0:58:02.920420]
Lambda B: 1.318257
LR: 0.000166
Validation [Cube: BC: 0.705; Div: 0.010; For: 0.024; Sig: 4.242]
[Iteration 024100/050000] [BC: 0.00003171; Div: 0.00006222; For: 0.00013011] [0:58:22.633720]
Lambda B: 1.282331
LR: 0.000165
[Iteration 024200/050000] [BC: 0.00003202; Div: 0.00006131; For: 0.00012925] [0:58:36.922390]
Lambda B: 1.247384
LR: 0.000164
[Iteration 024300/050000] [BC: 0.00003238; Div: 0.00006002; For: 0.00012855] [0:58:51.222293]
Lambda B: 1.213389
LR: 0.000163
[Iteration 024400/050000] [BC: 0.00003306; Div: 0.00006481; For: 0.00013786] [0:59:05.493335]
Lambda B: 1.180321
LR: 0.000163
[Iteration 024500/050000] [BC: 0.00003407; Div: 0.00009674; For: 0.00015901] [0:59:19.768007]
Lambda B: 1.148154
LR: 0.000162
[Iteration 024600/050000] [BC: 0.00003374; Div: 0.00006434; For: 0.00013750] [0:59:34.053612]
Lambda B: 1.116863
LR: 0.000161
[Iteration 024700/050000] [BC: 0.00003547; Div: 0.00012192; For: 0.00022367] [0:59:48.348863]
Lambda B: 1.086426
LR: 0.000160
[Iteration 024800/050000] [BC: 0.00003412; Div: 0.00005508; For: 0.00011754] [1:00:02.806948]
Lambda B: 1.056818
LR: 0.000160
[Iteration 024900/050000] [BC: 0.00003451; Div: 0.00005564; For: 0.00011849] [1:00:17.197051]
Lambda B: 1.028016
LR: 0.000159
[Iteration 025000/050000] [BC: 0.00003565; Div: 0.00008915; For: 0.00014842] [1:00:31.485462]
Lambda B: 1.000000
LR: 0.000158
Validation [Cube: BC: 0.735; Div: 0.010; For: 0.022; Sig: 3.865]
[Iteration 025100/050000] [BC: 0.00003502; Div: 0.00005453; For: 0.00011623] [1:00:46.486129]
Lambda B: 0.999724
LR: 0.000157
[Iteration 025200/050000] [BC: 0.00003528; Div: 0.00006456; For: 0.00013220] [1:01:00.791578]
Lambda B: 0.999724
LR: 0.000157
[Iteration 025300/050000] [BC: 0.00003538; Div: 0.00005861; For: 0.00012820] [1:01:15.074397]
Lambda B: 0.999724
LR: 0.000156
[Iteration 025400/050000] [BC: 0.00003585; Div: 0.00006342; For: 0.00014110] [1:01:29.360074]
Lambda B: 0.999724
LR: 0.000155
[Iteration 025500/050000] [BC: 0.00003606; Div: 0.00006938; For: 0.00014245] [1:01:43.643595]
Lambda B: 0.999724
LR: 0.000155
[Iteration 025600/050000] [BC: 0.00003721; Div: 0.00009232; For: 0.00018337] [1:01:57.938612]
Lambda B: 0.999724
LR: 0.000154
[Iteration 025700/050000] [BC: 0.00003674; Div: 0.00013124; For: 0.00018425] [1:02:12.287505]
Lambda B: 0.999724
LR: 0.000153
[Iteration 025800/050000] [BC: 0.00003585; Div: 0.00006137; For: 0.00012981] [1:02:26.679587]
Lambda B: 0.999724
LR: 0.000152
[Iteration 025900/050000] [BC: 0.00003506; Div: 0.00004670; For: 0.00010206] [1:02:41.086549]
Lambda B: 0.999724
LR: 0.000152
[Iteration 026000/050000] [BC: 0.00003527; Div: 0.00004974; For: 0.00010854] [1:02:55.487290]
Lambda B: 0.999724
LR: 0.000151
Validation [Cube: BC: 0.738; Div: 0.008; For: 0.022; Sig: 3.872]
[Iteration 026100/050000] [BC: 0.00003590; Div: 0.00007042; For: 0.00013852] [1:03:10.624049]
Lambda B: 0.999724
LR: 0.000150
[Iteration 026200/050000] [BC: 0.00003637; Div: 0.00007905; For: 0.00017270] [1:03:25.028343]
Lambda B: 0.999724
LR: 0.000150
[Iteration 026300/050000] [BC: 0.00003674; Div: 0.00007928; For: 0.00016569] [1:03:39.431735]
Lambda B: 0.999724
LR: 0.000149
[Iteration 026400/050000] [BC: 0.00003535; Div: 0.00005537; For: 0.00010661] [1:03:53.839213]
Lambda B: 0.999724
LR: 0.000148
[Iteration 026500/050000] [BC: 0.00003515; Div: 0.00004899; For: 0.00010324] [1:04:08.242450]
Lambda B: 0.999724
LR: 0.000148
[Iteration 026600/050000] [BC: 0.00003563; Div: 0.00005761; For: 0.00011710] [1:04:22.626798]
Lambda B: 0.999724
LR: 0.000147
[Iteration 026700/050000] [BC: 0.00003553; Div: 0.00005828; For: 0.00011884] [1:04:37.018106]
Lambda B: 0.999724
LR: 0.000146
[Iteration 026800/050000] [BC: 0.00003614; Div: 0.00006860; For: 0.00013474] [1:04:51.400899]
Lambda B: 0.999724
LR: 0.000146
[Iteration 026900/050000] [BC: 0.00003792; Div: 0.00010272; For: 0.00020905] [1:05:05.799382]
Lambda B: 0.999724
LR: 0.000145
[Iteration 027000/050000] [BC: 0.00003537; Div: 0.00005065; For: 0.00010968] [1:05:20.203584]
Lambda B: 0.999724
LR: 0.000144
Validation [Cube: BC: 0.758; Div: 0.008; For: 0.021; Sig: 3.738]
[Iteration 027100/050000] [BC: 0.00003527; Div: 0.00004937; For: 0.00010231] [1:05:35.335246]
Lambda B: 0.999724
LR: 0.000144
[Iteration 027200/050000] [BC: 0.00003547; Div: 0.00005563; For: 0.00011574] [1:05:49.727047]
Lambda B: 0.999724
LR: 0.000143
[Iteration 027300/050000] [BC: 0.00003569; Div: 0.00006019; For: 0.00011869] [1:06:04.130406]
Lambda B: 0.999724
LR: 0.000142
[Iteration 027400/050000] [BC: 0.00003605; Div: 0.00007895; For: 0.00014322] [1:06:18.540143]
Lambda B: 0.999724
LR: 0.000142
[Iteration 027500/050000] [BC: 0.00003557; Div: 0.00005267; For: 0.00011745] [1:06:32.947864]
Lambda B: 0.999724
LR: 0.000141
[Iteration 027600/050000] [BC: 0.00003568; Div: 0.00005895; For: 0.00012235] [1:06:47.245118]
Lambda B: 0.999724
LR: 0.000140
[Iteration 027700/050000] [BC: 0.00003534; Div: 0.00004734; For: 0.00010422] [1:07:01.540537]
Lambda B: 0.999724
LR: 0.000140
[Iteration 027800/050000] [BC: 0.00003670; Div: 0.00009063; For: 0.00016219] [1:07:15.850270]
Lambda B: 0.999724
LR: 0.000139
[Iteration 027900/050000] [BC: 0.00003520; Div: 0.00005244; For: 0.00010924] [1:07:30.136679]
Lambda B: 0.999724
LR: 0.000138
[Iteration 028000/050000] [BC: 0.00003621; Div: 0.00007376; For: 0.00013282] [1:07:44.438738]
Lambda B: 0.999724
LR: 0.000138
Validation [Cube: BC: 0.769; Div: 0.007; For: 0.021; Sig: 3.779]
[Iteration 028100/050000] [BC: 0.00003553; Div: 0.00005267; For: 0.00011228] [1:07:59.469296]
Lambda B: 0.999724
LR: 0.000137
[Iteration 028200/050000] [BC: 0.00003594; Div: 0.00006443; For: 0.00013118] [1:08:13.764472]
Lambda B: 0.999724
LR: 0.000136
[Iteration 028300/050000] [BC: 0.00003553; Div: 0.00005418; For: 0.00011413] [1:08:28.070155]
Lambda B: 0.999724
LR: 0.000136
[Iteration 028400/050000] [BC: 0.00003579; Div: 0.00006209; For: 0.00012403] [1:08:42.359768]
Lambda B: 0.999724
LR: 0.000135
[Iteration 028500/050000] [BC: 0.00003541; Div: 0.00005308; For: 0.00011510] [1:08:56.673584]
Lambda B: 0.999724
LR: 0.000135
[Iteration 028600/050000] [BC: 0.00003580; Div: 0.00006027; For: 0.00011943] [1:09:10.977913]
Lambda B: 0.999724
LR: 0.000134
[Iteration 028700/050000] [BC: 0.00003807; Div: 0.00012591; For: 0.00017793] [1:09:25.278116]
Lambda B: 0.999724
LR: 0.000133
[Iteration 028800/050000] [BC: 0.00003503; Div: 0.00004514; For: 0.00009823] [1:09:39.608694]
Lambda B: 0.999724
LR: 0.000133
[Iteration 028900/050000] [BC: 0.00003513; Div: 0.00004543; For: 0.00009941] [1:09:53.902367]
Lambda B: 0.999724
LR: 0.000132
[Iteration 029000/050000] [BC: 0.00003568; Div: 0.00006312; For: 0.00013241] [1:10:08.196799]
Lambda B: 0.999724
LR: 0.000132
Validation [Cube: BC: 0.763; Div: 0.009; For: 0.021; Sig: 3.697]
[Iteration 029100/050000] [BC: 0.00003523; Div: 0.00004413; For: 0.00010046] [1:10:23.215683]
Lambda B: 0.999724
LR: 0.000131
[Iteration 029200/050000] [BC: 0.00003698; Div: 0.00007811; For: 0.00015235] [1:10:37.507426]
Lambda B: 0.999724
LR: 0.000130
[Iteration 029300/050000] [BC: 0.00003493; Div: 0.00004440; For: 0.00009496] [1:10:51.805936]
Lambda B: 0.999724
LR: 0.000130
[Iteration 029400/050000] [BC: 0.00003557; Div: 0.00005768; For: 0.00012252] [1:11:11.938881]
Lambda B: 0.999724
LR: 0.000129
[Iteration 029500/050000] [BC: 0.00003718; Div: 0.00008220; For: 0.00015931] [1:11:26.318458]
Lambda B: 0.999724
LR: 0.000129
[Iteration 029600/050000] [BC: 0.00003499; Div: 0.00004314; For: 0.00009514] [1:11:40.647929]
Lambda B: 0.999724
LR: 0.000128
[Iteration 029700/050000] [BC: 0.00003509; Div: 0.00004439; For: 0.00009751] [1:11:54.938114]
Lambda B: 0.999724
LR: 0.000127
[Iteration 029800/050000] [BC: 0.00003541; Div: 0.00005808; For: 0.00012207] [1:12:09.255555]
Lambda B: 0.999724
LR: 0.000127
[Iteration 029900/050000] [BC: 0.00003636; Div: 0.00008305; For: 0.00015015] [1:12:23.552281]
Lambda B: 0.999724
LR: 0.000126
[Iteration 030000/050000] [BC: 0.00003496; Div: 0.00004346; For: 0.00009606] [1:12:37.846214]
Lambda B: 0.999724
LR: 0.000126
Validation [Cube: BC: 0.736; Div: 0.009; For: 0.021; Sig: 3.689]
[Iteration 030100/050000] [BC: 0.00003504; Div: 0.00004489; For: 0.00009849] [1:12:52.902283]
Lambda B: 0.999724
LR: 0.000125
[Iteration 030200/050000] [BC: 0.00003550; Div: 0.00005095; For: 0.00010404] [1:13:07.238933]
Lambda B: 0.999724
LR: 0.000124
[Iteration 030300/050000] [BC: 0.00003548; Div: 0.00005628; For: 0.00011705] [1:13:21.533210]
Lambda B: 0.999724
LR: 0.000124
[Iteration 030400/050000] [BC: 0.00003553; Div: 0.00005644; For: 0.00011714] [1:13:35.933845]
Lambda B: 0.999724
LR: 0.000123
[Iteration 030500/050000] [BC: 0.00003560; Div: 0.00005698; For: 0.00012181] [1:13:50.343621]
Lambda B: 0.999724
LR: 0.000123
[Iteration 030600/050000] [BC: 0.00003557; Div: 0.00005509; For: 0.00011063] [1:14:04.740864]
Lambda B: 0.999724
LR: 0.000122
[Iteration 030700/050000] [BC: 0.00003521; Div: 0.00005058; For: 0.00010533] [1:14:19.132348]
Lambda B: 0.999724
LR: 0.000122
[Iteration 030800/050000] [BC: 0.00003627; Div: 0.00006644; For: 0.00013715] [1:14:33.549253]
Lambda B: 0.999724
LR: 0.000121
[Iteration 030900/050000] [BC: 0.00003629; Div: 0.00008286; For: 0.00014706] [1:14:47.937714]
Lambda B: 0.999724
LR: 0.000120
[Iteration 031000/050000] [BC: 0.00003518; Div: 0.00004874; For: 0.00009870] [1:15:02.327465]
Lambda B: 0.999724
LR: 0.000120
Validation [Cube: BC: 0.750; Div: 0.008; For: 0.020; Sig: 3.677]
[Iteration 031100/050000] [BC: 0.00003493; Div: 0.00004305; For: 0.00009462] [1:15:17.493180]
Lambda B: 0.999724
LR: 0.000119
[Iteration 031200/050000] [BC: 0.00003529; Div: 0.00004906; For: 0.00010984] [1:15:31.885006]
Lambda B: 0.999724
LR: 0.000119
[Iteration 031300/050000] [BC: 0.00003530; Div: 0.00005111; For: 0.00010590] [1:15:46.279993]
Lambda B: 0.999724
LR: 0.000118
[Iteration 031400/050000] [BC: 0.00003579; Div: 0.00007286; For: 0.00013045] [1:16:00.676075]
Lambda B: 0.999724
LR: 0.000118
[Iteration 031500/050000] [BC: 0.00003621; Div: 0.00006789; For: 0.00015430] [1:16:15.058366]
Lambda B: 0.999724
LR: 0.000117
[Iteration 031600/050000] [BC: 0.00003484; Div: 0.00004188; For: 0.00009201] [1:16:29.445872]
Lambda B: 0.999724
LR: 0.000117
[Iteration 031700/050000] [BC: 0.00003484; Div: 0.00004217; For: 0.00009300] [1:16:43.858793]
Lambda B: 0.999724
LR: 0.000116
[Iteration 031800/050000] [BC: 0.00003499; Div: 0.00004711; For: 0.00009808] [1:16:58.261665]
Lambda B: 0.999724
LR: 0.000116
[Iteration 031900/050000] [BC: 0.00003528; Div: 0.00005047; For: 0.00010274] [1:17:12.670130]
Lambda B: 0.999724
LR: 0.000115
[Iteration 032000/050000] [BC: 0.00003545; Div: 0.00005251; For: 0.00011058] [1:17:27.069669]
Lambda B: 0.999724
LR: 0.000115
Validation [Cube: BC: 0.778; Div: 0.007; For: 0.021; Sig: 3.827]
[Iteration 032100/050000] [BC: 0.00003545; Div: 0.00006201; For: 0.00012300] [1:17:42.243904]
Lambda B: 0.999724
LR: 0.000114
[Iteration 032200/050000] [BC: 0.00003512; Div: 0.00004392; For: 0.00010008] [1:17:56.631100]
Lambda B: 0.999724
LR: 0.000113
[Iteration 032300/050000] [BC: 0.00003531; Div: 0.00004834; For: 0.00010764] [1:18:10.927442]
Lambda B: 0.999724
LR: 0.000113
[Iteration 032400/050000] [BC: 0.00003503; Div: 0.00004700; For: 0.00010389] [1:18:25.251427]
Lambda B: 0.999724
LR: 0.000112
[Iteration 032500/050000] [BC: 0.00003542; Div: 0.00005634; For: 0.00011245] [1:18:39.539590]
Lambda B: 0.999724
LR: 0.000112
[Iteration 032600/050000] [BC: 0.00003563; Div: 0.00005519; For: 0.00011559] [1:18:53.855980]
Lambda B: 0.999724
LR: 0.000111
[Iteration 032700/050000] [BC: 0.00003549; Div: 0.00006693; For: 0.00012299] [1:19:08.166648]
Lambda B: 0.999724
LR: 0.000111
[Iteration 032800/050000] [BC: 0.00003509; Div: 0.00004493; For: 0.00009659] [1:19:22.473308]
Lambda B: 0.999724
LR: 0.000110
[Iteration 032900/050000] [BC: 0.00003472; Div: 0.00004262; For: 0.00009385] [1:19:36.773434]
Lambda B: 0.999724
LR: 0.000110
[Iteration 033000/050000] [BC: 0.00003529; Div: 0.00005443; For: 0.00011225] [1:19:51.056027]
Lambda B: 0.999724
LR: 0.000109
Validation [Cube: BC: 0.768; Div: 0.009; For: 0.021; Sig: 3.732]
[Iteration 033100/050000] [BC: 0.00003531; Div: 0.00005494; For: 0.00011388] [1:20:06.077400]
Lambda B: 0.999724
LR: 0.000109
[Iteration 033200/050000] [BC: 0.00003493; Div: 0.00004451; For: 0.00009668] [1:20:20.376374]
Lambda B: 0.999724
LR: 0.000108
[Iteration 033300/050000] [BC: 0.00003503; Div: 0.00004877; For: 0.00010006] [1:20:34.661392]
Lambda B: 0.999724
LR: 0.000108
[Iteration 033400/050000] [BC: 0.00003549; Div: 0.00005573; For: 0.00011359] [1:20:48.943464]
Lambda B: 0.999724
LR: 0.000107
[Iteration 033500/050000] [BC: 0.00003546; Div: 0.00005547; For: 0.00011362] [1:21:03.231501]
Lambda B: 0.999724
LR: 0.000107
[Iteration 033600/050000] [BC: 0.00003509; Div: 0.00004956; For: 0.00010039] [1:21:17.541360]
Lambda B: 0.999724
LR: 0.000106
[Iteration 033700/050000] [BC: 0.00003487; Div: 0.00004708; For: 0.00010048] [1:21:31.842327]
Lambda B: 0.999724
LR: 0.000106
[Iteration 033800/050000] [BC: 0.00003522; Div: 0.00005508; For: 0.00011137] [1:21:46.132470]
Lambda B: 0.999724
LR: 0.000105
[Iteration 033900/050000] [BC: 0.00003509; Div: 0.00004824; For: 0.00010621] [1:22:00.421746]
Lambda B: 0.999724
LR: 0.000105
[Iteration 034000/050000] [BC: 0.00003511; Div: 0.00004988; For: 0.00010667] [1:22:14.722046]
Lambda B: 0.999724
LR: 0.000104
Validation [Cube: BC: 0.753; Div: 0.008; For: 0.020; Sig: 3.661]
[Iteration 034100/050000] [BC: 0.00003563; Div: 0.00007058; For: 0.00011905] [1:22:29.807964]
Lambda B: 0.999724
LR: 0.000104
[Iteration 034200/050000] [BC: 0.00003510; Div: 0.00004590; For: 0.00009590] [1:22:44.215042]
Lambda B: 0.999724
LR: 0.000104
[Iteration 034300/050000] [BC: 0.00003500; Div: 0.00004871; For: 0.00010268] [1:22:58.559174]
Lambda B: 0.999724
LR: 0.000103
[Iteration 034400/050000] [BC: 0.00003503; Div: 0.00004992; For: 0.00010168] [1:23:12.854368]
Lambda B: 0.999724
LR: 0.000103
[Iteration 034500/050000] [BC: 0.00003488; Div: 0.00004605; For: 0.00009945] [1:23:27.151511]
Lambda B: 0.999724
LR: 0.000102
[Iteration 034600/050000] [BC: 0.00003482; Div: 0.00004281; For: 0.00009474] [1:23:41.441403]
Lambda B: 0.999724
LR: 0.000102
[Iteration 034700/050000] [BC: 0.00003589; Div: 0.00007438; For: 0.00016157] [1:23:55.744216]
Lambda B: 0.999724
LR: 0.000101
[Iteration 034800/050000] [BC: 0.00003473; Div: 0.00004324; For: 0.00009225] [1:24:10.053528]
Lambda B: 0.999724
LR: 0.000101
[Iteration 034900/050000] [BC: 0.00003469; Div: 0.00004126; For: 0.00009057] [1:24:24.330419]
Lambda B: 0.999724
LR: 0.000100
[Iteration 035000/050000] [BC: 0.00003474; Div: 0.00004383; For: 0.00009385] [1:24:38.613360]
Lambda B: 0.999724
LR: 0.000100
Validation [Cube: BC: 0.758; Div: 0.007; For: 0.020; Sig: 3.659]
[Iteration 035100/050000] [BC: 0.00003487; Div: 0.00004850; For: 0.00009793] [1:24:53.795138]
Lambda B: 0.999724
LR: 0.000099
[Iteration 035200/050000] [BC: 0.00003514; Div: 0.00005195; For: 0.00010326] [1:25:08.179818]
Lambda B: 0.999724
LR: 0.000099
[Iteration 035300/050000] [BC: 0.00003470; Div: 0.00004164; For: 0.00009311] [1:25:22.559944]
Lambda B: 0.999724
LR: 0.000098
[Iteration 035400/050000] [BC: 0.00003528; Div: 0.00005526; For: 0.00010642] [1:25:36.945163]
Lambda B: 0.999724
LR: 0.000098
[Iteration 035500/050000] [BC: 0.00003471; Div: 0.00004421; For: 0.00009605] [1:25:51.323050]
Lambda B: 0.999724
LR: 0.000097
[Iteration 035600/050000] [BC: 0.00003483; Div: 0.00004683; For: 0.00010447] [1:26:05.700992]
Lambda B: 0.999724
LR: 0.000097
[Iteration 035700/050000] [BC: 0.00003517; Div: 0.00004820; For: 0.00010651] [1:26:20.110681]
Lambda B: 0.999724
LR: 0.000097
[Iteration 035800/050000] [BC: 0.00003501; Div: 0.00004856; For: 0.00010094] [1:26:34.505411]
Lambda B: 0.999724
LR: 0.000096
[Iteration 035900/050000] [BC: 0.00003470; Div: 0.00004670; For: 0.00009650] [1:26:55.960114]
Lambda B: 0.999724
LR: 0.000096
[Iteration 036000/050000] [BC: 0.00003507; Div: 0.00004913; For: 0.00010364] [1:27:10.628084]
Lambda B: 0.999724
LR: 0.000095
Validation [Cube: BC: 0.760; Div: 0.009; For: 0.021; Sig: 3.790]
[Iteration 036100/050000] [BC: 0.00003537; Div: 0.00005797; For: 0.00012596] [1:27:26.082054]
Lambda B: 0.999724
LR: 0.000095
[Iteration 036200/050000] [BC: 0.00003459; Div: 0.00004425; For: 0.00009254] [1:27:40.771586]
Lambda B: 0.999724
LR: 0.000094
[Iteration 036300/050000] [BC: 0.00003468; Div: 0.00004285; For: 0.00009198] [1:27:55.467222]
Lambda B: 0.999724
LR: 0.000094
[Iteration 036400/050000] [BC: 0.00003474; Div: 0.00004266; For: 0.00009282] [1:28:10.156934]
Lambda B: 0.999724
LR: 0.000094
[Iteration 036500/050000] [BC: 0.00003537; Div: 0.00005910; For: 0.00011464] [1:28:24.839682]
Lambda B: 0.999724
LR: 0.000093
[Iteration 036600/050000] [BC: 0.00003457; Div: 0.00004311; For: 0.00009349] [1:28:39.530783]
Lambda B: 0.999724
LR: 0.000093
[Iteration 036700/050000] [BC: 0.00003475; Div: 0.00004667; For: 0.00009772] [1:28:54.214904]
Lambda B: 0.999724
LR: 0.000092
[Iteration 036800/050000] [BC: 0.00003461; Div: 0.00004444; For: 0.00009500] [1:29:08.900594]
Lambda B: 0.999724
LR: 0.000092
[Iteration 036900/050000] [BC: 0.00003510; Div: 0.00005319; For: 0.00010861] [1:29:23.281478]
Lambda B: 0.999724
LR: 0.000091
[Iteration 037000/050000] [BC: 0.00003486; Div: 0.00004851; For: 0.00009949] [1:29:37.587840]
Lambda B: 0.999724
LR: 0.000091
Validation [Cube: BC: 0.744; Div: 0.007; For: 0.020; Sig: 3.622]
[Iteration 037100/050000] [BC: 0.00003453; Div: 0.00004196; For: 0.00009064] [1:29:52.645131]
Lambda B: 0.999724
LR: 0.000091
[Iteration 037200/050000] [BC: 0.00003484; Div: 0.00004436; For: 0.00009628] [1:30:06.936705]
Lambda B: 0.999724
LR: 0.000090
[Iteration 037300/050000] [BC: 0.00003470; Div: 0.00004345; For: 0.00009369] [1:30:21.241788]
Lambda B: 0.999724
LR: 0.000090
[Iteration 037400/050000] [BC: 0.00003491; Div: 0.00005188; For: 0.00010933] [1:30:35.545896]
Lambda B: 0.999724
LR: 0.000089
[Iteration 037500/050000] [BC: 0.00003477; Div: 0.00004678; For: 0.00010004] [1:30:49.846334]
Lambda B: 0.999724
LR: 0.000089
[Iteration 037600/050000] [BC: 0.00003452; Div: 0.00004254; For: 0.00009281] [1:31:04.149910]
Lambda B: 0.999724
LR: 0.000089
[Iteration 037700/050000] [BC: 0.00003499; Div: 0.00004983; For: 0.00010940] [1:31:18.438235]
Lambda B: 0.999724
LR: 0.000088
[Iteration 037800/050000] [BC: 0.00003469; Div: 0.00004468; For: 0.00009300] [1:31:32.749505]
Lambda B: 0.999724
LR: 0.000088
[Iteration 037900/050000] [BC: 0.00003499; Div: 0.00005216; For: 0.00010718] [1:31:47.030282]
Lambda B: 0.999724
LR: 0.000087
[Iteration 038000/050000] [BC: 0.00003458; Div: 0.00004184; For: 0.00009126] [1:32:01.311289]
Lambda B: 0.999724
LR: 0.000087
Validation [Cube: BC: 0.750; Div: 0.008; For: 0.020; Sig: 3.604]
[Iteration 038100/050000] [BC: 0.00003463; Div: 0.00004403; For: 0.00009650] [1:32:16.368670]
Lambda B: 0.999724
LR: 0.000086
[Iteration 038200/050000] [BC: 0.00003475; Div: 0.00004771; For: 0.00009801] [1:32:30.663792]
Lambda B: 0.999724
LR: 0.000086
[Iteration 038300/050000] [BC: 0.00003459; Div: 0.00004687; For: 0.00009706] [1:32:44.956552]
Lambda B: 0.999724
LR: 0.000086
[Iteration 038400/050000] [BC: 0.00003449; Div: 0.00004221; For: 0.00009298] [1:32:59.244647]
Lambda B: 0.999724
LR: 0.000085
[Iteration 038500/050000] [BC: 0.00003463; Div: 0.00004403; For: 0.00009486] [1:33:13.538271]
Lambda B: 0.999724
LR: 0.000085
[Iteration 038600/050000] [BC: 0.00003483; Div: 0.00004930; For: 0.00010734] [1:33:27.826716]
Lambda B: 0.999724
LR: 0.000085
[Iteration 038700/050000] [BC: 0.00003440; Div: 0.00004080; For: 0.00008891] [1:33:42.132814]
Lambda B: 0.999724
LR: 0.000084
[Iteration 038800/050000] [BC: 0.00003447; Div: 0.00004154; For: 0.00009075] [1:33:56.503883]
Lambda B: 0.999724
LR: 0.000084
[Iteration 038900/050000] [BC: 0.00003471; Div: 0.00004645; For: 0.00009738] [1:34:10.889321]
Lambda B: 0.999724
LR: 0.000083
[Iteration 039000/050000] [BC: 0.00003474; Div: 0.00004963; For: 0.00010238] [1:34:25.209813]
Lambda B: 0.999724
LR: 0.000083
Validation [Cube: BC: 0.765; Div: 0.008; For: 0.020; Sig: 3.623]
[Iteration 039100/050000] [BC: 0.00003452; Div: 0.00004348; For: 0.00009421] [1:34:40.285150]
Lambda B: 0.999724
LR: 0.000083
[Iteration 039200/050000] [BC: 0.00003440; Div: 0.00004256; For: 0.00009064] [1:34:54.599799]
Lambda B: 0.999724
LR: 0.000082
[Iteration 039300/050000] [BC: 0.00003468; Div: 0.00004760; For: 0.00009789] [1:35:08.916442]
Lambda B: 0.999724
LR: 0.000082
[Iteration 039400/050000] [BC: 0.00003477; Div: 0.00004829; For: 0.00010260] [1:35:23.209560]
Lambda B: 0.999724
LR: 0.000081
[Iteration 039500/050000] [BC: 0.00003450; Div: 0.00004360; For: 0.00009215] [1:35:37.515475]
Lambda B: 0.999724
LR: 0.000081
[Iteration 039600/050000] [BC: 0.00003446; Div: 0.00004269; For: 0.00009335] [1:35:51.827302]
Lambda B: 0.999724
LR: 0.000081
[Iteration 039700/050000] [BC: 0.00003457; Div: 0.00004423; For: 0.00009591] [1:36:06.184877]
Lambda B: 0.999724
LR: 0.000080
[Iteration 039800/050000] [BC: 0.00003463; Div: 0.00004524; For: 0.00009524] [1:36:20.594274]
Lambda B: 0.999724
LR: 0.000080
[Iteration 039900/050000] [BC: 0.00003457; Div: 0.00004457; For: 0.00009365] [1:36:34.991894]
Lambda B: 0.999724
LR: 0.000080
[Iteration 040000/050000] [BC: 0.00003437; Div: 0.00004127; For: 0.00009099] [1:36:49.391462]
Lambda B: 0.999724
LR: 0.000079
Validation [Cube: BC: 0.754; Div: 0.008; For: 0.020; Sig: 3.635]
[Iteration 040100/050000] [BC: 0.00003469; Div: 0.00004761; For: 0.00010072] [1:37:04.549272]
Lambda B: 0.999724
LR: 0.000079
[Iteration 040200/050000] [BC: 0.00003443; Div: 0.00004562; For: 0.00009431] [1:37:18.949173]
Lambda B: 0.999724
LR: 0.000079
[Iteration 040300/050000] [BC: 0.00003463; Div: 0.00004676; For: 0.00009849] [1:37:33.348267]
Lambda B: 0.999724
LR: 0.000078
[Iteration 040400/050000] [BC: 0.00003439; Div: 0.00004175; For: 0.00009212] [1:37:47.756999]
Lambda B: 0.999724
LR: 0.000078
[Iteration 040500/050000] [BC: 0.00003440; Div: 0.00004365; For: 0.00009275] [1:38:02.152904]
Lambda B: 0.999724
LR: 0.000077
[Iteration 040600/050000] [BC: 0.00003445; Div: 0.00004546; For: 0.00009653] [1:38:16.567024]
Lambda B: 0.999724
LR: 0.000077
[Iteration 040700/050000] [BC: 0.00003436; Div: 0.00004288; For: 0.00009207] [1:38:30.965174]
Lambda B: 0.999724
LR: 0.000077
[Iteration 040800/050000] [BC: 0.00003446; Div: 0.00004288; For: 0.00009345] [1:38:45.374995]
Lambda B: 0.999724
LR: 0.000076
[Iteration 040900/050000] [BC: 0.00003452; Div: 0.00004269; For: 0.00009078] [1:38:59.785634]
Lambda B: 0.999724
LR: 0.000076
[Iteration 041000/050000] [BC: 0.00003443; Div: 0.00004382; For: 0.00009465] [1:39:14.200181]
Lambda B: 0.999724
LR: 0.000076
Validation [Cube: BC: 0.756; Div: 0.008; For: 0.020; Sig: 3.641]
[Iteration 041100/050000] [BC: 0.00003439; Div: 0.00004572; For: 0.00009932] [1:39:29.383349]
Lambda B: 0.999724
LR: 0.000075
[Iteration 041200/050000] [BC: 0.00003440; Div: 0.00004179; For: 0.00009184] [1:39:43.782892]
Lambda B: 0.999724
LR: 0.000075
[Iteration 041300/050000] [BC: 0.00003425; Div: 0.00004101; For: 0.00008838] [1:39:58.191198]
Lambda B: 0.999724
LR: 0.000075
[Iteration 041400/050000] [BC: 0.00003444; Div: 0.00004230; For: 0.00009189] [1:40:12.591016]
Lambda B: 0.999724
LR: 0.000074
[Iteration 041500/050000] [BC: 0.00003448; Div: 0.00004576; For: 0.00009674] [1:40:27.009086]
Lambda B: 0.999724
LR: 0.000074
[Iteration 041600/050000] [BC: 0.00003431; Div: 0.00004359; For: 0.00009178] [1:40:41.318038]
Lambda B: 0.999724
LR: 0.000074
[Iteration 041700/050000] [BC: 0.00003441; Div: 0.00004312; For: 0.00009105] [1:40:55.596355]
Lambda B: 0.999724
LR: 0.000073
[Iteration 041800/050000] [BC: 0.00003435; Div: 0.00004165; For: 0.00009239] [1:41:09.884105]
Lambda B: 0.999724
LR: 0.000073
[Iteration 041900/050000] [BC: 0.00003462; Div: 0.00004775; For: 0.00010418] [1:41:24.176675]
Lambda B: 0.999724
LR: 0.000073
[Iteration 042000/050000] [BC: 0.00003431; Div: 0.00004387; For: 0.00009101] [1:41:38.470045]
Lambda B: 0.999724
LR: 0.000072
Validation [Cube: BC: 0.744; Div: 0.009; For: 0.020; Sig: 3.572]
[Iteration 042100/050000] [BC: 0.00003419; Div: 0.00004006; For: 0.00008748] [1:41:53.492346]
Lambda B: 0.999724
LR: 0.000072
[Iteration 042200/050000] [BC: 0.00003425; Div: 0.00004283; For: 0.00009012] [1:42:07.797591]
Lambda B: 0.999724
LR: 0.000072
[Iteration 042300/050000] [BC: 0.00003426; Div: 0.00004037; For: 0.00008831] [1:42:22.099728]
Lambda B: 0.999724
LR: 0.000071
[Iteration 042400/050000] [BC: 0.00003478; Div: 0.00005704; For: 0.00011087] [1:42:36.423181]
Lambda B: 0.999724
LR: 0.000071
[Iteration 042500/050000] [BC: 0.00003462; Div: 0.00004906; For: 0.00009619] [1:42:50.776681]
Lambda B: 0.999724
LR: 0.000071
[Iteration 042600/050000] [BC: 0.00003408; Div: 0.00003934; For: 0.00008578] [1:43:05.068734]
Lambda B: 0.999724
LR: 0.000070
[Iteration 042700/050000] [BC: 0.00003417; Div: 0.00003992; For: 0.00008765] [1:43:19.364384]
Lambda B: 0.999724
LR: 0.000070
[Iteration 042800/050000] [BC: 0.00003418; Div: 0.00004001; For: 0.00008745] [1:43:33.676463]
Lambda B: 0.999724
LR: 0.000070
[Iteration 042900/050000] [BC: 0.00003414; Div: 0.00003977; For: 0.00008697] [1:43:47.964752]
Lambda B: 0.999724
LR: 0.000069
[Iteration 043000/050000] [BC: 0.00003439; Div: 0.00004397; For: 0.00009761] [1:44:02.258666]
Lambda B: 0.999724
LR: 0.000069
Validation [Cube: BC: 0.756; Div: 0.006; For: 0.020; Sig: 3.528]
[Iteration 043100/050000] [BC: 0.00003479; Div: 0.00005481; For: 0.00011246] [1:44:17.279475]
Lambda B: 0.999724
LR: 0.000069
[Iteration 043200/050000] [BC: 0.00003418; Div: 0.00003913; For: 0.00008654] [1:44:31.582411]
Lambda B: 0.999724
LR: 0.000068
[Iteration 043300/050000] [BC: 0.00003408; Div: 0.00003970; For: 0.00008637] [1:44:45.885166]
Lambda B: 0.999724
LR: 0.000068
[Iteration 043400/050000] [BC: 0.00003420; Div: 0.00004007; For: 0.00008814] [1:45:00.213790]
Lambda B: 0.999724
LR: 0.000068
[Iteration 043500/050000] [BC: 0.00003422; Div: 0.00004184; For: 0.00008970] [1:45:14.604895]
Lambda B: 0.999724
LR: 0.000067
[Iteration 043600/050000] [BC: 0.00003412; Div: 0.00003964; For: 0.00008648] [1:45:28.959641]
Lambda B: 0.999724
LR: 0.000067
[Iteration 043700/050000] [BC: 0.00003430; Div: 0.00004780; For: 0.00009682] [1:45:51.390610]
Lambda B: 0.999724
LR: 0.000067
[Iteration 043800/050000] [BC: 0.00003414; Div: 0.00004011; For: 0.00008774] [1:46:05.671115]
Lambda B: 0.999724
LR: 0.000067
[Iteration 043900/050000] [BC: 0.00003405; Div: 0.00003935; For: 0.00008592] [1:46:19.963204]
Lambda B: 0.999724
LR: 0.000066
[Iteration 044000/050000] [BC: 0.00003415; Div: 0.00004242; For: 0.00009222] [1:46:34.236034]
Lambda B: 0.999724
LR: 0.000066
Validation [Cube: BC: 0.751; Div: 0.007; For: 0.020; Sig: 3.606]
[Iteration 044100/050000] [BC: 0.00003424; Div: 0.00004027; For: 0.00008812] [1:46:49.242962]
Lambda B: 0.999724
LR: 0.000066
[Iteration 044200/050000] [BC: 0.00003441; Div: 0.00004612; For: 0.00009786] [1:47:03.533024]
Lambda B: 0.999724
LR: 0.000065
[Iteration 044300/050000] [BC: 0.00003411; Div: 0.00004060; For: 0.00008800] [1:47:17.862517]
Lambda B: 0.999724
LR: 0.000065
[Iteration 044400/050000] [BC: 0.00003412; Div: 0.00004006; For: 0.00008736] [1:47:32.251119]
Lambda B: 0.999724
LR: 0.000065
[Iteration 044500/050000] [BC: 0.00003436; Div: 0.00004804; For: 0.00009853] [1:47:46.647297]
Lambda B: 0.999724
LR: 0.000064
[Iteration 044600/050000] [BC: 0.00003408; Div: 0.00003977; For: 0.00008648] [1:48:01.029027]
Lambda B: 0.999724
LR: 0.000064
[Iteration 044700/050000] [BC: 0.00003432; Div: 0.00004919; For: 0.00009711] [1:48:15.487199]
Lambda B: 0.999724
LR: 0.000064
[Iteration 044800/050000] [BC: 0.00003404; Div: 0.00003959; For: 0.00008580] [1:48:30.158912]
Lambda B: 0.999724
LR: 0.000064
[Iteration 044900/050000] [BC: 0.00003402; Div: 0.00003948; For: 0.00008551] [1:48:44.845791]
Lambda B: 0.999724
LR: 0.000063
[Iteration 045000/050000] [BC: 0.00003403; Div: 0.00004142; For: 0.00008841] [1:48:59.529333]
Lambda B: 0.999724
LR: 0.000063
Validation [Cube: BC: 0.746; Div: 0.007; For: 0.020; Sig: 3.549]
[Iteration 045100/050000] [BC: 0.00003418; Div: 0.00004254; For: 0.00009180] [1:49:14.965222]
Lambda B: 0.999724
LR: 0.000063
[Iteration 045200/050000] [BC: 0.00003419; Div: 0.00004137; For: 0.00008922] [1:49:29.656061]
Lambda B: 0.999724
LR: 0.000062
[Iteration 045300/050000] [BC: 0.00003410; Div: 0.00003993; For: 0.00008736] [1:49:44.338979]
Lambda B: 0.999724
LR: 0.000062
[Iteration 045400/050000] [BC: 0.00003416; Div: 0.00004135; For: 0.00009026] [1:49:59.035947]
Lambda B: 0.999724
LR: 0.000062
[Iteration 045500/050000] [BC: 0.00003410; Div: 0.00004063; For: 0.00008824] [1:50:13.722903]
Lambda B: 0.999724
LR: 0.000062
[Iteration 045600/050000] [BC: 0.00003409; Div: 0.00004053; For: 0.00008835] [1:50:28.408367]
Lambda B: 0.999724
LR: 0.000061
[Iteration 045700/050000] [BC: 0.00003421; Div: 0.00004350; For: 0.00009318] [1:50:43.083636]
Lambda B: 0.999724
LR: 0.000061
[Iteration 045800/050000] [BC: 0.00003404; Div: 0.00003928; For: 0.00008637] [1:50:57.740943]
Lambda B: 0.999724
LR: 0.000061
[Iteration 045900/050000] [BC: 0.00003410; Div: 0.00004230; For: 0.00008999] [1:51:12.414884]
Lambda B: 0.999724
LR: 0.000060
[Iteration 046000/050000] [BC: 0.00003404; Div: 0.00003964; For: 0.00008682] [1:51:27.123983]
Lambda B: 0.999724
LR: 0.000060
Validation [Cube: BC: 0.722; Div: 0.008; For: 0.020; Sig: 3.489]
[Iteration 046100/050000] [BC: 0.00003403; Div: 0.00004093; For: 0.00008790] [1:51:42.536518]
Lambda B: 0.999724
LR: 0.000060
[Iteration 046200/050000] [BC: 0.00003423; Div: 0.00004293; For: 0.00009218] [1:51:56.897645]
Lambda B: 0.999724
LR: 0.000060
[Iteration 046300/050000] [BC: 0.00003427; Div: 0.00004482; For: 0.00009615] [1:52:11.202518]
Lambda B: 0.999724
LR: 0.000059
[Iteration 046400/050000] [BC: 0.00003396; Div: 0.00003974; For: 0.00008634] [1:52:25.524169]
Lambda B: 0.999724
LR: 0.000059
[Iteration 046500/050000] [BC: 0.00003395; Div: 0.00004026; For: 0.00008761] [1:52:39.807515]
Lambda B: 0.999724
LR: 0.000059
[Iteration 046600/050000] [BC: 0.00003397; Div: 0.00004020; For: 0.00008695] [1:52:54.114022]
Lambda B: 0.999724
LR: 0.000058
[Iteration 046700/050000] [BC: 0.00003404; Div: 0.00004096; For: 0.00008785] [1:53:08.413701]
Lambda B: 0.999724
LR: 0.000058
[Iteration 046800/050000] [BC: 0.00003395; Div: 0.00004074; For: 0.00008667] [1:53:22.722066]
Lambda B: 0.999724
LR: 0.000058
[Iteration 046900/050000] [BC: 0.00003402; Div: 0.00004301; For: 0.00009133] [1:53:37.025454]
Lambda B: 0.999724
LR: 0.000058
[Iteration 047000/050000] [BC: 0.00003398; Div: 0.00004091; For: 0.00008792] [1:53:51.331986]
Lambda B: 0.999724
LR: 0.000057
Validation [Cube: BC: 0.746; Div: 0.007; For: 0.020; Sig: 3.535]
[Iteration 047100/050000] [BC: 0.00003395; Div: 0.00003948; For: 0.00008627] [1:54:06.414618]
Lambda B: 0.999724
LR: 0.000057
[Iteration 047200/050000] [BC: 0.00003402; Div: 0.00004215; For: 0.00008907] [1:54:20.721855]
Lambda B: 0.999724
LR: 0.000057
[Iteration 047300/050000] [BC: 0.00003392; Div: 0.00004086; For: 0.00008821] [1:54:35.021453]
Lambda B: 0.999724
LR: 0.000057
[Iteration 047400/050000] [BC: 0.00003390; Div: 0.00004008; For: 0.00008645] [1:54:49.318503]
Lambda B: 0.999724
LR: 0.000056
[Iteration 047500/050000] [BC: 0.00003406; Div: 0.00004130; For: 0.00008966] [1:55:03.614484]
Lambda B: 0.999724
LR: 0.000056
[Iteration 047600/050000] [BC: 0.00003394; Div: 0.00004008; For: 0.00008732] [1:55:17.921750]
Lambda B: 0.999724
LR: 0.000056
[Iteration 047700/050000] [BC: 0.00003405; Div: 0.00004282; For: 0.00009233] [1:55:32.209992]
Lambda B: 0.999724
LR: 0.000056
[Iteration 047800/050000] [BC: 0.00003387; Div: 0.00004125; For: 0.00008718] [1:55:46.500506]
Lambda B: 0.999724
LR: 0.000055
[Iteration 047900/050000] [BC: 0.00003397; Div: 0.00004017; For: 0.00008822] [1:56:00.788830]
Lambda B: 0.999724
LR: 0.000055
[Iteration 048000/050000] [BC: 0.00003387; Div: 0.00003880; For: 0.00008462] [1:56:15.092029]
Lambda B: 0.999724
LR: 0.000055
Validation [Cube: BC: 0.746; Div: 0.008; For: 0.020; Sig: 3.531]
[Iteration 048100/050000] [BC: 0.00003380; Div: 0.00004017; For: 0.00008649] [1:56:30.252117]
Lambda B: 0.999724
LR: 0.000055
[Iteration 048200/050000] [BC: 0.00003387; Div: 0.00004061; For: 0.00008742] [1:56:44.613637]
Lambda B: 0.999724
LR: 0.000054
[Iteration 048300/050000] [BC: 0.00003397; Div: 0.00004071; For: 0.00008780] [1:56:58.911776]
Lambda B: 0.999724
LR: 0.000054
[Iteration 048400/050000] [BC: 0.00003393; Div: 0.00004011; For: 0.00008683] [1:57:13.206417]
Lambda B: 0.999724
LR: 0.000054
[Iteration 048500/050000] [BC: 0.00003393; Div: 0.00004195; For: 0.00008915] [1:57:27.512116]
Lambda B: 0.999724
LR: 0.000054
[Iteration 048600/050000] [BC: 0.00003388; Div: 0.00003895; For: 0.00008529] [1:57:41.819009]
Lambda B: 0.999724
LR: 0.000053
[Iteration 048700/050000] [BC: 0.00003406; Div: 0.00004747; For: 0.00009593] [1:57:56.111484]
Lambda B: 0.999724
LR: 0.000053
[Iteration 048800/050000] [BC: 0.00003387; Div: 0.00003952; For: 0.00008630] [1:58:10.418284]
Lambda B: 0.999724
LR: 0.000053
[Iteration 048900/050000] [BC: 0.00003389; Div: 0.00003905; For: 0.00008470] [1:58:24.717972]
Lambda B: 0.999724
LR: 0.000053
[Iteration 049000/050000] [BC: 0.00003381; Div: 0.00003869; For: 0.00008461] [1:58:39.080160]
Lambda B: 0.999724
LR: 0.000052
Validation [Cube: BC: 0.736; Div: 0.008; For: 0.020; Sig: 3.495]
[Iteration 049100/050000] [BC: 0.00003377; Div: 0.00003869; For: 0.00008447] [1:58:54.213190]
Lambda B: 0.999724
LR: 0.000052
[Iteration 049200/050000] [BC: 0.00003403; Div: 0.00004328; For: 0.00009165] [1:59:08.888837]
Lambda B: 0.999724
LR: 0.000052
[Iteration 049300/050000] [BC: 0.00003389; Div: 0.00003957; For: 0.00008590] [1:59:23.571655]
Lambda B: 0.999724
LR: 0.000052
[Iteration 049400/050000] [BC: 0.00003373; Div: 0.00003944; For: 0.00008518] [1:59:38.277877]
Lambda B: 0.999724
LR: 0.000051
[Iteration 049500/050000] [BC: 0.00003384; Div: 0.00004144; For: 0.00008816] [1:59:52.959647]
Lambda B: 0.999724
LR: 0.000051
[Iteration 049600/050000] [BC: 0.00003383; Div: 0.00004255; For: 0.00008970] [2:00:07.638367]
Lambda B: 0.999724
LR: 0.000051
[Iteration 049700/050000] [BC: 0.00003370; Div: 0.00003924; For: 0.00008483] [2:00:22.315865]
Lambda B: 0.999724
LR: 0.000051
[Iteration 049800/050000] [BC: 0.00003379; Div: 0.00003940; For: 0.00008513] [2:00:37.021201]
Lambda B: 0.999724
LR: 0.000050
[Iteration 049900/050000] [BC: 0.00003378; Div: 0.00003893; For: 0.00008506] [2:00:51.711468]
Lambda B: 0.999724
LR: 0.000050
[Iteration 050000/050000] [BC: 0.00003397; Div: 0.00004156; For: 0.00008806] [2:01:06.388808]
Lambda B: 0.999724
LR: 0.000050
Validation [Cube: BC: 0.739; Div: 0.007; For: 0.020; Sig: 3.541]
TOTAL RUNTIME: 2:01:07.800457
