Configuration:
dim: 256, lambda_div: 0.100000, lambda_ff: 0.100000, decay_iterations: 25000, potential: True, vector_potential: False, 
Using device: cuda (gpus 2) ['NVIDIA RTX A6000', 'NVIDIA RTX A6000']
[Iteration 000001/050000] [BC: 0.03860115; Div: 0.00003547; For: 0.00001654] [0:00:03.207855]
Lambda B: 999.723728
LR: 0.000500
Validation [Cube: BC: 25.672; Div: 0.005; For: 0.019; Sig: 49.986]
[Iteration 000100/050000] [BC: 0.03317949; Div: 0.00004574; For: 0.00081465] [0:00:10.193978]
Lambda B: 972.747224
LR: 0.000498
Validation [Cube: BC: 25.324; Div: 0.010; For: 0.075; Sig: 55.325]
[Iteration 000200/050000] [BC: 0.03229734; Div: 0.00078183; For: 0.00487518] [0:00:17.162291]
Lambda B: 946.237161
LR: 0.000495
Validation [Cube: BC: 23.479; Div: 0.045; For: 0.282; Sig: 50.665]
[Iteration 000300/050000] [BC: 0.02971701; Div: 0.00562061; For: 0.02943231] [0:00:24.198238]
Lambda B: 920.449572
LR: 0.000493
Validation [Cube: BC: 22.868; Div: 0.066; For: 0.493; Sig: 47.562]
[Iteration 000400/050000] [BC: 0.02560035; Div: 0.01721310; For: 0.10730085] [0:00:31.097682]
Lambda B: 895.364766
LR: 0.000491
Validation [Cube: BC: 21.774; Div: 0.059; For: 0.909; Sig: 48.758]
[Iteration 000500/050000] [BC: 0.01971546; Div: 0.06902999; For: 0.27029458] [0:00:38.164091]
Lambda B: 870.963590
LR: 0.000489
Validation [Cube: BC: 17.453; Div: 0.105; For: 1.554; Sig: 47.377]
[Iteration 000600/050000] [BC: 0.01232995; Div: 0.37974286; For: 0.47225684] [0:00:45.115657]
Lambda B: 847.227414
LR: 0.000486
Validation [Cube: BC: 14.132; Div: 0.111; For: 1.787; Sig: 47.054]
[Iteration 000700/050000] [BC: 0.00884095; Div: 0.55370408; For: 0.68446481] [0:00:52.409950]
Lambda B: 824.138115
LR: 0.000484
Validation [Cube: BC: 12.692; Div: 0.124; For: 1.989; Sig: 47.650]
[Iteration 000800/050000] [BC: 0.00680268; Div: 0.65205693; For: 0.87480998] [0:00:59.512318]
Lambda B: 801.678063
LR: 0.000482
Validation [Cube: BC: 11.029; Div: 0.145; For: 2.120; Sig: 49.035]
[Iteration 000900/050000] [BC: 0.00613928; Div: 0.69688416; For: 0.99345809] [0:01:06.372768]
Lambda B: 779.830111
LR: 0.000480
Validation [Cube: BC: 10.617; Div: 0.124; For: 2.008; Sig: 48.207]
[Iteration 001000/050000] [BC: 0.00501254; Div: 0.75489479; For: 1.08508253] [0:01:13.990550]
Lambda B: 758.577575
LR: 0.000477
Validation [Cube: BC: 9.880; Div: 0.118; For: 2.135; Sig: 47.794]
[Iteration 001100/050000] [BC: 0.00477639; Div: 0.76489985; For: 1.10496068] [0:01:20.920160]
Lambda B: 737.904230
LR: 0.000475
Validation [Cube: BC: 9.641; Div: 0.110; For: 2.017; Sig: 46.498]
[Iteration 001200/050000] [BC: 0.00402507; Div: 0.82048219; For: 1.16163266] [0:01:27.904249]
Lambda B: 717.794291
LR: 0.000473
Validation [Cube: BC: 8.901; Div: 0.118; For: 2.085; Sig: 49.107]
[Iteration 001300/050000] [BC: 0.00395419; Div: 0.87127739; For: 1.17626286] [0:01:34.806765]
Lambda B: 698.232404
LR: 0.000471
Validation [Cube: BC: 8.405; Div: 0.133; For: 2.081; Sig: 48.299]
[Iteration 001400/050000] [BC: 0.00329287; Div: 0.88715386; For: 1.23781598] [0:01:41.176556]
Lambda B: 679.203633
LR: 0.000469
Validation [Cube: BC: 8.191; Div: 0.113; For: 2.146; Sig: 50.438]
[Iteration 001500/050000] [BC: 0.00330027; Div: 0.89455199; For: 1.24138594] [0:01:47.468129]
Lambda B: 660.693448
LR: 0.000467
Validation [Cube: BC: 7.630; Div: 0.120; For: 2.106; Sig: 49.430]
[Iteration 001600/050000] [BC: 0.00291656; Div: 0.97846001; For: 1.27573013] [0:01:54.487358]
Lambda B: 642.687717
LR: 0.000464
Validation [Cube: BC: 7.940; Div: 0.118; For: 2.071; Sig: 48.049]
[Iteration 001700/050000] [BC: 0.00262406; Div: 0.98443091; For: 1.27328575] [0:02:01.523767]
Lambda B: 625.172693
LR: 0.000462
Validation [Cube: BC: 6.973; Div: 0.118; For: 2.062; Sig: 50.186]
[Iteration 001800/050000] [BC: 0.00245781; Div: 1.01263475; For: 1.26493859] [0:02:08.755080]
Lambda B: 608.135001
LR: 0.000460
Validation [Cube: BC: 6.927; Div: 0.107; For: 2.100; Sig: 49.787]
[Iteration 001900/050000] [BC: 0.00243358; Div: 1.00131822; For: 1.26186216] [0:02:16.153716]
Lambda B: 591.561634
LR: 0.000458
Validation [Cube: BC: 6.611; Div: 0.116; For: 2.121; Sig: 49.731]
[Iteration 002000/050000] [BC: 0.00212974; Div: 1.04664016; For: 1.26223600] [0:02:23.109640]
Lambda B: 575.439937
LR: 0.000456
Validation [Cube: BC: 6.857; Div: 0.130; For: 2.057; Sig: 50.769]
[Iteration 002100/050000] [BC: 0.00193880; Div: 1.07669830; For: 1.27036452] [0:02:30.111891]
Lambda B: 559.757601
LR: 0.000454
Validation [Cube: BC: 5.829; Div: 0.119; For: 2.056; Sig: 50.965]
[Iteration 002200/050000] [BC: 0.00163200; Div: 1.09300888; For: 1.27647722] [0:02:37.146928]
Lambda B: 544.502653
LR: 0.000452
Validation [Cube: BC: 6.345; Div: 0.115; For: 1.933; Sig: 49.830]
[Iteration 002300/050000] [BC: 0.00144760; Div: 1.15270245; For: 1.24863970] [0:02:44.325765]
Lambda B: 529.663444
LR: 0.000450
Validation [Cube: BC: 4.581; Div: 0.108; For: 1.901; Sig: 49.581]
[Iteration 002400/050000] [BC: 0.00107342; Div: 1.17408299; For: 1.21196365] [0:02:51.296978]
Lambda B: 515.228645
LR: 0.000448
Validation [Cube: BC: 4.368; Div: 0.105; For: 1.823; Sig: 48.874]
[Iteration 002500/050000] [BC: 0.00088800; Div: 1.09299195; For: 1.13934565] [0:02:58.472844]
Lambda B: 501.187234
LR: 0.000446
Validation [Cube: BC: 4.465; Div: 0.106; For: 1.709; Sig: 47.655]
[Iteration 002600/050000] [BC: 0.00082025; Div: 1.02645862; For: 1.06918788] [0:03:05.699039]
Lambda B: 487.528490
LR: 0.000444
Validation [Cube: BC: 4.016; Div: 0.108; For: 1.552; Sig: 45.352]
[Iteration 002700/050000] [BC: 0.00070794; Div: 0.95207524; For: 0.98783356] [0:03:12.597751]
Lambda B: 474.241985
LR: 0.000442
Validation [Cube: BC: 3.212; Div: 0.111; For: 1.367; Sig: 46.467]
[Iteration 002800/050000] [BC: 0.00052764; Div: 0.78983366; For: 0.82610923] [0:03:19.575829]
Lambda B: 461.317575
LR: 0.000440
Validation [Cube: BC: 4.237; Div: 0.101; For: 1.103; Sig: 46.041]
[Iteration 002900/050000] [BC: 0.00045662; Div: 0.65678388; For: 0.68666250] [0:03:26.532374]
Lambda B: 448.745390
LR: 0.000437
Validation [Cube: BC: 3.121; Div: 0.109; For: 0.924; Sig: 45.267]
[Iteration 003000/050000] [BC: 0.00037432; Div: 0.52174181; For: 0.55790019] [0:03:33.576132]
Lambda B: 436.515832
LR: 0.000435
Validation [Cube: BC: 2.706; Div: 0.114; For: 0.788; Sig: 45.804]
[Iteration 003100/050000] [BC: 0.00031777; Div: 0.42529091; For: 0.45685375] [0:03:40.647505]
Lambda B: 424.619564
LR: 0.000433
Validation [Cube: BC: 3.328; Div: 0.109; For: 0.723; Sig: 45.281]
[Iteration 003200/050000] [BC: 0.00031168; Div: 0.37481672; For: 0.41479960] [0:03:47.742470]
Lambda B: 413.047502
LR: 0.000431
Validation [Cube: BC: 2.581; Div: 0.130; For: 0.639; Sig: 45.236]
[Iteration 003300/050000] [BC: 0.00030746; Div: 0.33462799; For: 0.37617207] [0:03:55.434362]
Lambda B: 401.790811
LR: 0.000430
Validation [Cube: BC: 2.401; Div: 0.109; For: 0.613; Sig: 46.062]
[Iteration 003400/050000] [BC: 0.00024936; Div: 0.29467335; For: 0.34336776] [0:04:02.099571]
Lambda B: 390.840896
LR: 0.000428
Validation [Cube: BC: 2.249; Div: 0.117; For: 0.564; Sig: 45.383]
[Iteration 003500/050000] [BC: 0.00021026; Div: 0.25196317; For: 0.30167377] [0:04:08.902038]
Lambda B: 380.189396
LR: 0.000426
Validation [Cube: BC: 2.292; Div: 0.128; For: 0.543; Sig: 46.105]
[Iteration 003600/050000] [BC: 0.00024112; Div: 0.22323167; For: 0.27846462] [0:04:15.822332]
Lambda B: 369.828180
LR: 0.000424
Validation [Cube: BC: 2.731; Div: 0.118; For: 0.467; Sig: 45.959]
[Iteration 003700/050000] [BC: 0.00022772; Div: 0.21717963; For: 0.26618934] [0:04:22.850742]
Lambda B: 359.749335
LR: 0.000422
Validation [Cube: BC: 1.690; Div: 0.116; For: 0.485; Sig: 45.583]
[Iteration 003800/050000] [BC: 0.00020736; Div: 0.18704076; For: 0.23741509] [0:04:29.496071]
Lambda B: 349.945167
LR: 0.000420
Validation [Cube: BC: 2.676; Div: 0.118; For: 0.463; Sig: 43.637]
[Iteration 003900/050000] [BC: 0.00021104; Div: 0.18329412; For: 0.23377472] [0:04:35.772423]
Lambda B: 340.408190
LR: 0.000418
Validation [Cube: BC: 2.327; Div: 0.111; For: 0.422; Sig: 44.618]
[Iteration 004000/050000] [BC: 0.00017225; Div: 0.15876956; For: 0.20987649] [0:04:42.203953]
Lambda B: 331.131121
LR: 0.000416
Validation [Cube: BC: 2.038; Div: 0.101; For: 0.410; Sig: 44.112]
[Iteration 004100/050000] [BC: 0.00018074; Div: 0.13918497; For: 0.19177654] [0:04:48.597409]
Lambda B: 322.106879
LR: 0.000414
Validation [Cube: BC: 2.718; Div: 0.104; For: 0.397; Sig: 41.976]
[Iteration 004200/050000] [BC: 0.00017462; Div: 0.13146687; For: 0.17930508] [0:04:55.638418]
Lambda B: 313.328572
LR: 0.000412
Validation [Cube: BC: 2.199; Div: 0.103; For: 0.373; Sig: 41.343]
[Iteration 004300/050000] [BC: 0.00017901; Div: 0.12614459; For: 0.17164217] [0:05:02.636540]
Lambda B: 304.789499
LR: 0.000410
Validation [Cube: BC: 1.760; Div: 0.085; For: 0.366; Sig: 41.373]
[Iteration 004400/050000] [BC: 0.00014112; Div: 0.10760808; For: 0.15367918] [0:05:10.170364]
Lambda B: 296.483139
LR: 0.000408
Validation [Cube: BC: 1.686; Div: 0.110; For: 0.337; Sig: 41.437]
[Iteration 004500/050000] [BC: 0.00017335; Div: 0.10033578; For: 0.14702418] [0:05:17.196604]
Lambda B: 288.403150
LR: 0.000406
Validation [Cube: BC: 2.065; Div: 0.099; For: 0.316; Sig: 40.361]
[Iteration 004600/050000] [BC: 0.00014356; Div: 0.09418593; For: 0.13813692] [0:05:24.180813]
Lambda B: 280.543364
LR: 0.000405
Validation [Cube: BC: 1.806; Div: 0.086; For: 0.314; Sig: 40.362]
[Iteration 004700/050000] [BC: 0.00015503; Div: 0.08539572; For: 0.12921709] [0:05:31.209990]
Lambda B: 272.897778
LR: 0.000403
Validation [Cube: BC: 1.955; Div: 0.096; For: 0.314; Sig: 40.459]
[Iteration 004800/050000] [BC: 0.00013477; Div: 0.07733530; For: 0.11894805] [0:05:38.713423]
Lambda B: 265.460556
LR: 0.000401
Validation [Cube: BC: 1.788; Div: 0.094; For: 0.300; Sig: 39.453]
[Iteration 004900/050000] [BC: 0.00014678; Div: 0.07367291; For: 0.11383933] [0:05:45.727123]
Lambda B: 258.226019
LR: 0.000399
Validation [Cube: BC: 1.561; Div: 0.089; For: 0.300; Sig: 38.343]
[Iteration 005000/050000] [BC: 0.00014627; Div: 0.06855273; For: 0.10721305] [0:05:52.788410]
Lambda B: 251.188643
LR: 0.000397
Validation [Cube: BC: 2.170; Div: 0.085; For: 0.304; Sig: 37.074]
[Iteration 005100/050000] [BC: 0.00013176; Div: 0.06383280; For: 0.10143865] [0:06:00.078017]
Lambda B: 244.343055
LR: 0.000395
Validation [Cube: BC: 1.932; Div: 0.084; For: 0.291; Sig: 36.475]
[Iteration 005200/050000] [BC: 0.00013360; Div: 0.05907907; For: 0.09522619] [0:06:07.007788]
Lambda B: 237.684029
LR: 0.000394
Validation [Cube: BC: 1.867; Div: 0.086; For: 0.276; Sig: 38.499]
[Iteration 005300/050000] [BC: 0.00014159; Div: 0.05682506; For: 0.09143931] [0:06:13.952664]
Lambda B: 231.206479
LR: 0.000392
Validation [Cube: BC: 1.536; Div: 0.091; For: 0.278; Sig: 36.566]
[Iteration 005400/050000] [BC: 0.00012901; Div: 0.05128770; For: 0.08488059] [0:06:20.342019]
Lambda B: 224.905461
LR: 0.000390
Validation [Cube: BC: 1.386; Div: 0.076; For: 0.270; Sig: 36.868]
[Iteration 005500/050000] [BC: 0.00013818; Div: 0.04881952; For: 0.08095622] [0:06:27.358283]
Lambda B: 218.776162
LR: 0.000388
Validation [Cube: BC: 1.578; Div: 0.079; For: 0.276; Sig: 35.373]
[Iteration 005600/050000] [BC: 0.00011733; Div: 0.04484656; For: 0.07320981] [0:06:34.538259]
Lambda B: 212.813905
LR: 0.000386
Validation [Cube: BC: 1.556; Div: 0.079; For: 0.276; Sig: 35.869]
[Iteration 005700/050000] [BC: 0.00011040; Div: 0.04105525; For: 0.06850957] [0:06:42.038102]
Lambda B: 207.014135
LR: 0.000385
Validation [Cube: BC: 2.014; Div: 0.060; For: 0.275; Sig: 35.358]
[Iteration 005800/050000] [BC: 0.00013082; Div: 0.04076361; For: 0.06603637] [0:06:49.524131]
Lambda B: 201.372425
LR: 0.000383
Validation [Cube: BC: 1.798; Div: 0.077; For: 0.271; Sig: 33.657]
[Iteration 005900/050000] [BC: 0.00012462; Div: 0.03895610; For: 0.06180564] [0:06:56.451424]
Lambda B: 195.884467
LR: 0.000381
Validation [Cube: BC: 1.437; Div: 0.082; For: 0.261; Sig: 33.854]
[Iteration 006000/050000] [BC: 0.00011013; Div: 0.03552036; For: 0.05751465] [0:07:03.176535]
Lambda B: 190.546072
LR: 0.000379
Validation [Cube: BC: 1.359; Div: 0.067; For: 0.267; Sig: 34.344]
[Iteration 006100/050000] [BC: 0.00010153; Div: 0.03243314; For: 0.05236978] [0:07:10.207425]
Lambda B: 185.353162
LR: 0.000378
Validation [Cube: BC: 1.819; Div: 0.070; For: 0.253; Sig: 33.769]
[Iteration 006200/050000] [BC: 0.00009792; Div: 0.02968640; For: 0.04854647] [0:07:16.819484]
Lambda B: 180.301774
LR: 0.000376
Validation [Cube: BC: 1.580; Div: 0.070; For: 0.244; Sig: 32.913]
[Iteration 006300/050000] [BC: 0.00011767; Div: 0.02831374; For: 0.04525455] [0:07:23.081107]
Lambda B: 175.388050
LR: 0.000374
Validation [Cube: BC: 1.378; Div: 0.089; For: 0.244; Sig: 32.783]
[Iteration 006400/050000] [BC: 0.00011833; Div: 0.02746668; For: 0.04236585] [0:07:30.429009]
Lambda B: 170.608239
LR: 0.000372
Validation [Cube: BC: 1.670; Div: 0.091; For: 0.238; Sig: 32.505]
[Iteration 006500/050000] [BC: 0.00010066; Div: 0.02556067; For: 0.03905287] [0:07:37.273356]
Lambda B: 165.958691
LR: 0.000371
Validation [Cube: BC: 1.584; Div: 0.082; For: 0.234; Sig: 31.019]
[Iteration 006600/050000] [BC: 0.00011074; Div: 0.02453385; For: 0.03633795] [0:07:44.637079]
Lambda B: 161.435856
LR: 0.000369
Validation [Cube: BC: 1.627; Div: 0.078; For: 0.234; Sig: 30.290]
[Iteration 006700/050000] [BC: 0.00009633; Div: 0.02206792; For: 0.03306200] [0:07:51.889838]
Lambda B: 157.036280
LR: 0.000367
Validation [Cube: BC: 1.342; Div: 0.071; For: 0.226; Sig: 30.111]
[Iteration 006800/050000] [BC: 0.00008106; Div: 0.02014360; For: 0.02940874] [0:07:58.793352]
Lambda B: 152.756606
LR: 0.000366
Validation [Cube: BC: 1.384; Div: 0.072; For: 0.222; Sig: 30.706]
[Iteration 006900/050000] [BC: 0.00007559; Div: 0.01827672; For: 0.02667703] [0:08:05.898188]
Lambda B: 148.593564
LR: 0.000364
Validation [Cube: BC: 1.576; Div: 0.076; For: 0.206; Sig: 29.680]
[Iteration 007000/050000] [BC: 0.00010776; Div: 0.01761610; For: 0.02453226] [0:08:12.945988]
Lambda B: 144.543977
LR: 0.000362
Validation [Cube: BC: 1.335; Div: 0.078; For: 0.205; Sig: 28.795]
[Iteration 007100/050000] [BC: 0.00008871; Div: 0.01529813; For: 0.02199067] [0:08:19.738843]
Lambda B: 140.604752
LR: 0.000361
Validation [Cube: BC: 1.165; Div: 0.088; For: 0.202; Sig: 28.991]
[Iteration 007200/050000] [BC: 0.00009848; Div: 0.01485656; For: 0.02132187] [0:08:26.850896]
Lambda B: 136.772883
LR: 0.000359
Validation [Cube: BC: 1.749; Div: 0.088; For: 0.183; Sig: 27.576]
[Iteration 007300/050000] [BC: 0.00011601; Div: 0.01431696; For: 0.02045007] [0:08:33.923567]
Lambda B: 133.045442
LR: 0.000357
Validation [Cube: BC: 1.711; Div: 0.073; For: 0.196; Sig: 28.439]
[Iteration 007400/050000] [BC: 0.00008481; Div: 0.01320733; For: 0.01819633] [0:08:40.816145]
Lambda B: 129.419584
LR: 0.000356
Validation [Cube: BC: 1.604; Div: 0.070; For: 0.183; Sig: 27.101]
[Iteration 007500/050000] [BC: 0.00009759; Div: 0.01272977; For: 0.01677906] [0:08:47.889878]
Lambda B: 125.892541
LR: 0.000354
Validation [Cube: BC: 1.337; Div: 0.082; For: 0.178; Sig: 25.320]
[Iteration 007600/050000] [BC: 0.00009013; Div: 0.01196721; For: 0.01568037] [0:08:55.072603]
Lambda B: 122.461620
LR: 0.000352
Validation [Cube: BC: 1.337; Div: 0.077; For: 0.176; Sig: 25.135]
[Iteration 007700/050000] [BC: 0.00008213; Div: 0.01085006; For: 0.01454200] [0:09:02.189578]
Lambda B: 119.124201
LR: 0.000351
Validation [Cube: BC: 1.125; Div: 0.066; For: 0.170; Sig: 24.944]
[Iteration 007800/050000] [BC: 0.00007826; Div: 0.01031713; For: 0.01410584] [0:09:09.417570]
Lambda B: 115.877736
LR: 0.000349
Validation [Cube: BC: 1.405; Div: 0.084; For: 0.163; Sig: 25.022]
[Iteration 007900/050000] [BC: 0.00008108; Div: 0.00976552; For: 0.01311297] [0:09:16.506056]
Lambda B: 112.719746
LR: 0.000348
Validation [Cube: BC: 1.278; Div: 0.083; For: 0.162; Sig: 24.366]
[Iteration 008000/050000] [BC: 0.00008149; Div: 0.00933721; For: 0.01188523] [0:09:24.030107]
Lambda B: 109.647820
LR: 0.000346
Validation [Cube: BC: 1.452; Div: 0.083; For: 0.155; Sig: 24.130]
[Iteration 008100/050000] [BC: 0.00008198; Div: 0.00907734; For: 0.01143622] [0:09:30.332362]
Lambda B: 106.659612
LR: 0.000344
Validation [Cube: BC: 1.617; Div: 0.093; For: 0.165; Sig: 23.947]
[Iteration 008200/050000] [BC: 0.00007879; Div: 0.00853348; For: 0.01074814] [0:09:36.753104]
Lambda B: 103.752842
LR: 0.000343
Validation [Cube: BC: 1.101; Div: 0.072; For: 0.151; Sig: 22.726]
[Iteration 008300/050000] [BC: 0.00007068; Div: 0.00822145; For: 0.01061625] [0:09:43.672631]
Lambda B: 100.925289
LR: 0.000341
Validation [Cube: BC: 1.385; Div: 0.053; For: 0.144; Sig: 21.903]
[Iteration 008400/050000] [BC: 0.00006335; Div: 0.00749120; For: 0.00974361] [0:09:51.033778]
Lambda B: 98.174794
LR: 0.000340
Validation [Cube: BC: 1.201; Div: 0.071; For: 0.150; Sig: 23.392]
[Iteration 008500/050000] [BC: 0.00008088; Div: 0.00765944; For: 0.00935551] [0:09:58.215657]
Lambda B: 95.499259
LR: 0.000338
Validation [Cube: BC: 1.518; Div: 0.082; For: 0.141; Sig: 22.612]
[Iteration 008600/050000] [BC: 0.00006909; Div: 0.00673898; For: 0.00855108] [0:10:04.620110]
Lambda B: 92.896639
LR: 0.000336
Validation [Cube: BC: 1.396; Div: 0.071; For: 0.139; Sig: 21.440]
[Iteration 008700/050000] [BC: 0.00006505; Div: 0.00646806; For: 0.00827786] [0:10:10.939938]
Lambda B: 90.364947
LR: 0.000335
Validation [Cube: BC: 1.492; Div: 0.069; For: 0.139; Sig: 20.888]
[Iteration 008800/050000] [BC: 0.00007237; Div: 0.00653362; For: 0.00811527] [0:10:17.283572]
Lambda B: 87.902252
LR: 0.000333
Validation [Cube: BC: 1.642; Div: 0.067; For: 0.144; Sig: 21.468]
[Iteration 008900/050000] [BC: 0.00007585; Div: 0.00636634; For: 0.00788459] [0:10:23.615200]
Lambda B: 85.506671
LR: 0.000332
Validation [Cube: BC: 0.997; Div: 0.065; For: 0.132; Sig: 20.091]
[Iteration 009000/050000] [BC: 0.00006648; Div: 0.00578104; For: 0.00740195] [0:10:30.578467]
Lambda B: 83.176377
LR: 0.000330
Validation [Cube: BC: 1.362; Div: 0.080; For: 0.133; Sig: 20.749]
[Iteration 009100/050000] [BC: 0.00006155; Div: 0.00554559; For: 0.00719579] [0:10:37.037297]
Lambda B: 80.909590
LR: 0.000329
Validation [Cube: BC: 1.133; Div: 0.059; For: 0.130; Sig: 20.096]
[Iteration 009200/050000] [BC: 0.00006572; Div: 0.00547130; For: 0.00717450] [0:10:43.301144]
Lambda B: 78.704579
LR: 0.000327
Validation [Cube: BC: 1.157; Div: 0.060; For: 0.124; Sig: 19.596]
[Iteration 009300/050000] [BC: 0.00006931; Div: 0.00544765; For: 0.00693712] [0:10:50.498383]
Lambda B: 76.559661
LR: 0.000326
Validation [Cube: BC: 1.421; Div: 0.063; For: 0.126; Sig: 19.140]
[Iteration 009400/050000] [BC: 0.00006582; Div: 0.00509214; For: 0.00644946] [0:10:57.606271]
Lambda B: 74.473197
LR: 0.000324
Validation [Cube: BC: 1.399; Div: 0.059; For: 0.125; Sig: 19.651]
[Iteration 009500/050000] [BC: 0.00005581; Div: 0.00471935; For: 0.00627555] [0:11:04.953987]
Lambda B: 72.443596
LR: 0.000323
Validation [Cube: BC: 1.449; Div: 0.075; For: 0.135; Sig: 21.963]
[Iteration 009600/050000] [BC: 0.00007286; Div: 0.00505771; For: 0.00687856] [0:11:11.802367]
Lambda B: 70.469307
LR: 0.000321
Validation [Cube: BC: 1.043; Div: 0.063; For: 0.117; Sig: 18.350]
[Iteration 009700/050000] [BC: 0.00005590; Div: 0.00442707; For: 0.00593767] [0:11:18.859170]
Lambda B: 68.548823
LR: 0.000320
Validation [Cube: BC: 1.340; Div: 0.073; For: 0.115; Sig: 19.053]
[Iteration 009800/050000] [BC: 0.00006439; Div: 0.00442964; For: 0.00577533] [0:11:26.268382]
Lambda B: 66.680677
LR: 0.000318
Validation [Cube: BC: 1.281; Div: 0.067; For: 0.112; Sig: 18.338]
[Iteration 009900/050000] [BC: 0.00006318; Div: 0.00423491; For: 0.00535807] [0:11:33.502848]
Lambda B: 64.863443
LR: 0.000317
Validation [Cube: BC: 1.063; Div: 0.055; For: 0.114; Sig: 17.862]
[Iteration 010000/050000] [BC: 0.00005310; Div: 0.00416139; For: 0.00571067] [0:11:40.619677]
Lambda B: 63.095734
LR: 0.000315
Validation [Cube: BC: 1.564; Div: 0.048; For: 0.121; Sig: 18.811]
[Iteration 010100/050000] [BC: 0.00005873; Div: 0.00391307; For: 0.00535228] [0:11:47.762525]
Lambda B: 61.376201
LR: 0.000314
Validation [Cube: BC: 1.071; Div: 0.067; For: 0.110; Sig: 17.574]
[Iteration 010200/050000] [BC: 0.00005031; Div: 0.00375465; For: 0.00504449] [0:11:54.900503]
Lambda B: 59.703529
LR: 0.000313
Validation [Cube: BC: 0.856; Div: 0.058; For: 0.105; Sig: 17.298]
[Iteration 010300/050000] [BC: 0.00005548; Div: 0.00367281; For: 0.00519473] [0:12:02.063314]
Lambda B: 58.076442
LR: 0.000311
Validation [Cube: BC: 1.067; Div: 0.063; For: 0.105; Sig: 16.937]
[Iteration 010400/050000] [BC: 0.00005094; Div: 0.00355740; For: 0.00513317] [0:12:09.755852]
Lambda B: 56.493697
LR: 0.000310
Validation [Cube: BC: 1.140; Div: 0.060; For: 0.106; Sig: 17.150]
[Iteration 010500/050000] [BC: 0.00006037; Div: 0.00345517; For: 0.00465054] [0:12:16.835808]
Lambda B: 54.954087
LR: 0.000308
Validation [Cube: BC: 1.122; Div: 0.053; For: 0.106; Sig: 16.780]
[Iteration 010600/050000] [BC: 0.00005384; Div: 0.00322432; For: 0.00440041] [0:12:23.852683]
Lambda B: 53.456436
LR: 0.000307
Validation [Cube: BC: 0.949; Div: 0.042; For: 0.102; Sig: 16.885]
[Iteration 010700/050000] [BC: 0.00004963; Div: 0.00311473; For: 0.00445014] [0:12:30.890848]
Lambda B: 51.999600
LR: 0.000305
Validation [Cube: BC: 1.089; Div: 0.066; For: 0.102; Sig: 16.666]
[Iteration 010800/050000] [BC: 0.00005363; Div: 0.00305541; For: 0.00448744] [0:12:37.400058]
Lambda B: 50.582466
LR: 0.000304
Validation [Cube: BC: 1.092; Div: 0.065; For: 0.099; Sig: 16.411]
[Iteration 010900/050000] [BC: 0.00004673; Div: 0.00276695; For: 0.00397397] [0:12:43.740502]
Lambda B: 49.203954
LR: 0.000303
Validation [Cube: BC: 0.915; Div: 0.065; For: 0.100; Sig: 16.427]
[Iteration 011000/050000] [BC: 0.00004216; Div: 0.00275586; For: 0.00398160] [0:12:50.622490]
Lambda B: 47.863009
LR: 0.000301
Validation [Cube: BC: 1.070; Div: 0.059; For: 0.101; Sig: 16.776]
[Iteration 011100/050000] [BC: 0.00006032; Div: 0.00283794; For: 0.00406427] [0:12:57.206550]
Lambda B: 46.558609
LR: 0.000300
Validation [Cube: BC: 1.191; Div: 0.062; For: 0.095; Sig: 16.206]
[Iteration 011200/050000] [BC: 0.00005489; Div: 0.00274560; For: 0.00401307] [0:13:04.097347]
Lambda B: 45.289758
LR: 0.000299
Validation [Cube: BC: 1.100; Div: 0.048; For: 0.097; Sig: 15.987]
[Iteration 011300/050000] [BC: 0.00004328; Div: 0.00267805; For: 0.00404971] [0:13:11.436071]
Lambda B: 44.055486
LR: 0.000297
Validation [Cube: BC: 0.921; Div: 0.048; For: 0.092; Sig: 15.259]
[Iteration 011400/050000] [BC: 0.00004142; Div: 0.00253064; For: 0.00375014] [0:13:18.699414]
Lambda B: 42.854852
LR: 0.000296
Validation [Cube: BC: 0.986; Div: 0.069; For: 0.092; Sig: 15.697]
[Iteration 011500/050000] [BC: 0.00004963; Div: 0.00261617; For: 0.00387397] [0:13:25.895873]
Lambda B: 41.686938
LR: 0.000294
Validation [Cube: BC: 1.160; Div: 0.033; For: 0.096; Sig: 16.341]
[Iteration 011600/050000] [BC: 0.00005447; Div: 0.00241352; For: 0.00339297] [0:13:32.958405]
Lambda B: 40.550854
LR: 0.000293
Validation [Cube: BC: 0.950; Div: 0.045; For: 0.090; Sig: 14.745]
[Iteration 011700/050000] [BC: 0.00004584; Div: 0.00216166; For: 0.00329501] [0:13:40.431170]
Lambda B: 39.445730
LR: 0.000292
Validation [Cube: BC: 0.943; Div: 0.041; For: 0.087; Sig: 14.425]
[Iteration 011800/050000] [BC: 0.00004577; Div: 0.00209704; For: 0.00329477] [0:13:47.610543]
Lambda B: 38.370725
LR: 0.000290
Validation [Cube: BC: 1.138; Div: 0.042; For: 0.086; Sig: 14.753]
[Iteration 011900/050000] [BC: 0.00004830; Div: 0.00215932; For: 0.00323743] [0:13:54.969167]
Lambda B: 37.325016
LR: 0.000289
Validation [Cube: BC: 1.006; Div: 0.045; For: 0.087; Sig: 14.349]
[Iteration 012000/050000] [BC: 0.00004247; Div: 0.00208400; For: 0.00325181] [0:14:02.007070]
Lambda B: 36.307805
LR: 0.000288
Validation [Cube: BC: 1.333; Div: 0.043; For: 0.092; Sig: 15.652]
[Iteration 012100/050000] [BC: 0.00005275; Div: 0.00211459; For: 0.00317476] [0:14:09.121376]
Lambda B: 35.318317
LR: 0.000286
Validation [Cube: BC: 0.963; Div: 0.049; For: 0.082; Sig: 14.124]
[Iteration 012200/050000] [BC: 0.00004923; Div: 0.00195409; For: 0.00285558] [0:14:16.141207]
Lambda B: 34.355795
LR: 0.000285
Validation [Cube: BC: 1.169; Div: 0.040; For: 0.084; Sig: 13.737]
[Iteration 012300/050000] [BC: 0.00004288; Div: 0.00187870; For: 0.00278227] [0:14:22.716238]
Lambda B: 33.419504
LR: 0.000284
Validation [Cube: BC: 1.017; Div: 0.057; For: 0.088; Sig: 14.517]
[Iteration 012400/050000] [BC: 0.00004362; Div: 0.00192031; For: 0.00319879] [0:14:30.106252]
Lambda B: 32.508730
LR: 0.000282
Validation [Cube: BC: 1.170; Div: 0.055; For: 0.080; Sig: 13.971]
[Iteration 012500/050000] [BC: 0.00004270; Div: 0.00184800; For: 0.00293956] [0:14:37.477417]
Lambda B: 31.622777
LR: 0.000281
Validation [Cube: BC: 0.961; Div: 0.041; For: 0.081; Sig: 13.806]
[Iteration 012600/050000] [BC: 0.00004348; Div: 0.00167778; For: 0.00260854] [0:14:44.437296]
Lambda B: 30.760968
LR: 0.000280
Validation [Cube: BC: 1.040; Div: 0.040; For: 0.081; Sig: 13.637]
[Iteration 012700/050000] [BC: 0.00004323; Div: 0.00168151; For: 0.00266206] [0:14:51.424654]
Lambda B: 29.922646
LR: 0.000279
Validation [Cube: BC: 0.981; Div: 0.039; For: 0.078; Sig: 13.006]
[Iteration 012800/050000] [BC: 0.00004058; Div: 0.00153403; For: 0.00250127] [0:14:58.971050]
Lambda B: 29.107171
LR: 0.000277
Validation [Cube: BC: 0.984; Div: 0.035; For: 0.080; Sig: 13.468]
[Iteration 012900/050000] [BC: 0.00004043; Div: 0.00155461; For: 0.00254418] [0:15:05.633861]
Lambda B: 28.313920
LR: 0.000276
Validation [Cube: BC: 1.016; Div: 0.046; For: 0.077; Sig: 13.049]
[Iteration 013000/050000] [BC: 0.00004145; Div: 0.00161231; For: 0.00253453] [0:15:12.803412]
Lambda B: 27.542287
LR: 0.000275
Validation [Cube: BC: 0.922; Div: 0.039; For: 0.076; Sig: 13.080]
[Iteration 013100/050000] [BC: 0.00003814; Div: 0.00154336; For: 0.00238789] [0:15:19.903299]
Lambda B: 26.791683
LR: 0.000274
Validation [Cube: BC: 1.062; Div: 0.037; For: 0.079; Sig: 13.368]
[Iteration 013200/050000] [BC: 0.00004461; Div: 0.00156030; For: 0.00244323] [0:15:27.033165]
Lambda B: 26.061535
LR: 0.000272
Validation [Cube: BC: 1.241; Div: 0.039; For: 0.074; Sig: 13.271]
[Iteration 013300/050000] [BC: 0.00004536; Div: 0.00145999; For: 0.00220424] [0:15:33.935698]
Lambda B: 25.351286
LR: 0.000271
Validation [Cube: BC: 0.969; Div: 0.032; For: 0.072; Sig: 12.445]
[Iteration 013400/050000] [BC: 0.00004108; Div: 0.00141809; For: 0.00230509] [0:15:41.577527]
Lambda B: 24.660393
LR: 0.000270
Validation [Cube: BC: 1.084; Div: 0.039; For: 0.071; Sig: 12.628]
[Iteration 013500/050000] [BC: 0.00003984; Div: 0.00135622; For: 0.00220838] [0:15:49.065877]
Lambda B: 23.988329
LR: 0.000269
Validation [Cube: BC: 0.897; Div: 0.030; For: 0.073; Sig: 12.409]
[Iteration 013600/050000] [BC: 0.00003630; Div: 0.00132773; For: 0.00212671] [0:15:56.550693]
Lambda B: 23.334581
LR: 0.000267
Validation [Cube: BC: 0.953; Div: 0.030; For: 0.069; Sig: 12.016]
[Iteration 013700/050000] [BC: 0.00003988; Div: 0.00131205; For: 0.00218533] [0:16:04.225195]
Lambda B: 22.698649
LR: 0.000266
Validation [Cube: BC: 0.873; Div: 0.033; For: 0.068; Sig: 11.822]
[Iteration 013800/050000] [BC: 0.00004055; Div: 0.00124549; For: 0.00220039] [0:16:11.112177]
Lambda B: 22.080047
LR: 0.000265
Validation [Cube: BC: 0.835; Div: 0.039; For: 0.073; Sig: 12.476]
[Iteration 013900/050000] [BC: 0.00003739; Div: 0.00135659; For: 0.00206426] [0:16:18.159159]
Lambda B: 21.478305
LR: 0.000264
Validation [Cube: BC: 0.926; Div: 0.036; For: 0.068; Sig: 11.736]
[Iteration 014000/050000] [BC: 0.00004327; Div: 0.00121325; For: 0.00182954] [0:16:25.240832]
Lambda B: 20.892961
LR: 0.000262
Validation [Cube: BC: 0.783; Div: 0.033; For: 0.066; Sig: 11.395]
[Iteration 014100/050000] [BC: 0.00003932; Div: 0.00117629; For: 0.00202654] [0:16:32.309766]
Lambda B: 20.323570
LR: 0.000261
Validation [Cube: BC: 0.693; Div: 0.030; For: 0.067; Sig: 11.643]
[Iteration 014200/050000] [BC: 0.00003368; Div: 0.00112673; For: 0.00189246] [0:16:39.158176]
Lambda B: 19.769696
LR: 0.000260
Validation [Cube: BC: 0.944; Div: 0.029; For: 0.069; Sig: 11.901]
[Iteration 014300/050000] [BC: 0.00003779; Div: 0.00110528; For: 0.00184165] [0:16:45.848594]
Lambda B: 19.230917
LR: 0.000259
Validation [Cube: BC: 0.998; Div: 0.032; For: 0.065; Sig: 11.312]
[Iteration 014400/050000] [BC: 0.00003488; Div: 0.00105361; For: 0.00176698] [0:16:52.506506]
Lambda B: 18.706821
LR: 0.000258
Validation [Cube: BC: 0.982; Div: 0.045; For: 0.071; Sig: 12.111]
[Iteration 014500/050000] [BC: 0.00003743; Div: 0.00122248; For: 0.00194679] [0:16:59.547594]
Lambda B: 18.197009
LR: 0.000256
Validation [Cube: BC: 0.984; Div: 0.030; For: 0.067; Sig: 11.447]
[Iteration 014600/050000] [BC: 0.00003599; Div: 0.00106152; For: 0.00203842] [0:17:06.646931]
Lambda B: 17.701090
LR: 0.000255
Validation [Cube: BC: 0.963; Div: 0.023; For: 0.064; Sig: 11.039]
[Iteration 014700/050000] [BC: 0.00003357; Div: 0.00091800; For: 0.00165509] [0:17:12.903715]
Lambda B: 17.218686
LR: 0.000254
Validation [Cube: BC: 0.982; Div: 0.031; For: 0.061; Sig: 10.974]
[Iteration 014800/050000] [BC: 0.00003631; Div: 0.00098637; For: 0.00185839] [0:17:19.025388]
Lambda B: 16.749429
LR: 0.000253
Validation [Cube: BC: 0.977; Div: 0.028; For: 0.065; Sig: 11.464]
[Iteration 014900/050000] [BC: 0.00002730; Div: 0.00087117; For: 0.00142369] [0:17:26.095423]
Lambda B: 16.292960
LR: 0.000252
Validation [Cube: BC: 0.667; Div: 0.030; For: 0.059; Sig: 10.443]
[Iteration 015000/050000] [BC: 0.00003201; Div: 0.00094410; For: 0.00161945] [0:17:33.504877]
Lambda B: 15.848932
LR: 0.000251
Validation [Cube: BC: 0.969; Div: 0.041; For: 0.067; Sig: 11.674]
[Iteration 015100/050000] [BC: 0.00002242; Div: 0.00077784; For: 0.00122841] [0:17:40.204186]
Lambda B: 15.417005
LR: 0.000249
Validation [Cube: BC: 0.567; Div: 0.028; For: 0.056; Sig: 9.859]
[Iteration 015200/050000] [BC: 0.00001980; Div: 0.00071155; For: 0.00110529] [0:17:47.146666]
Lambda B: 14.996848
LR: 0.000248
Validation [Cube: BC: 0.642; Div: 0.028; For: 0.057; Sig: 10.009]
[Iteration 015300/050000] [BC: 0.00002274; Div: 0.00073038; For: 0.00112598] [0:17:54.208664]
Lambda B: 14.588143
LR: 0.000247
Validation [Cube: BC: 0.706; Div: 0.024; For: 0.058; Sig: 10.094]
[Iteration 015400/050000] [BC: 0.00002247; Div: 0.00070920; For: 0.00110959] [0:18:01.653445]
Lambda B: 14.190575
LR: 0.000246
Validation [Cube: BC: 0.641; Div: 0.027; For: 0.054; Sig: 9.468]
[Iteration 015500/050000] [BC: 0.00002222; Div: 0.00066939; For: 0.00107101] [0:18:08.624521]
Lambda B: 13.803843
LR: 0.000245
Validation [Cube: BC: 0.703; Div: 0.026; For: 0.055; Sig: 9.718]
[Iteration 015600/050000] [BC: 0.00002021; Div: 0.00062745; For: 0.00098357] [0:18:15.981065]
Lambda B: 13.427650
LR: 0.000244
Validation [Cube: BC: 0.562; Div: 0.025; For: 0.053; Sig: 9.450]
[Iteration 015700/050000] [BC: 0.00002085; Div: 0.00062091; For: 0.00098400] [0:18:23.008094]
Lambda B: 13.061709
LR: 0.000243
Validation [Cube: BC: 0.577; Div: 0.029; For: 0.053; Sig: 9.303]
[Iteration 015800/050000] [BC: 0.00002006; Div: 0.00058976; For: 0.00092824] [0:18:30.525683]
Lambda B: 12.705741
LR: 0.000242
Validation [Cube: BC: 0.579; Div: 0.026; For: 0.052; Sig: 9.112]
[Iteration 015900/050000] [BC: 0.00002189; Div: 0.00059750; For: 0.00096943] [0:18:37.481275]
Lambda B: 12.359474
LR: 0.000240
Validation [Cube: BC: 0.636; Div: 0.027; For: 0.052; Sig: 9.188]
[Iteration 016000/050000] [BC: 0.00002054; Div: 0.00056187; For: 0.00090164] [0:18:44.944223]
Lambda B: 12.022644
LR: 0.000239
Validation [Cube: BC: 0.588; Div: 0.023; For: 0.050; Sig: 8.894]
[Iteration 016100/050000] [BC: 0.00004218; Div: 0.00089399; For: 0.00146902] [0:18:52.059739]
Lambda B: 11.694994
LR: 0.000238
Validation [Cube: BC: 0.978; Div: 0.023; For: 0.059; Sig: 10.215]
[Iteration 016200/050000] [BC: 0.00002180; Div: 0.00055893; For: 0.00090909] [0:18:58.950420]
Lambda B: 11.376273
LR: 0.000237
Validation [Cube: BC: 0.593; Div: 0.023; For: 0.050; Sig: 8.799]
[Iteration 016300/050000] [BC: 0.00001987; Div: 0.00051902; For: 0.00082762] [0:19:05.962077]
Lambda B: 11.066238
LR: 0.000236
Validation [Cube: BC: 0.566; Div: 0.023; For: 0.049; Sig: 8.623]
[Iteration 016400/050000] [BC: 0.00002026; Div: 0.00051256; For: 0.00082328] [0:19:13.008755]
Lambda B: 10.764652
LR: 0.000235
Validation [Cube: BC: 0.590; Div: 0.022; For: 0.050; Sig: 8.778]
[Iteration 016500/050000] [BC: 0.00002169; Div: 0.00050792; For: 0.00084675] [0:19:19.772154]
Lambda B: 10.471285
LR: 0.000234
Validation [Cube: BC: 0.671; Div: 0.021; For: 0.053; Sig: 9.166]
[Iteration 016600/050000] [BC: 0.00002138; Div: 0.00050352; For: 0.00082161] [0:19:26.141238]
Lambda B: 10.185914
LR: 0.000233
Validation [Cube: BC: 0.564; Div: 0.022; For: 0.048; Sig: 8.505]
[Iteration 016700/050000] [BC: 0.00002381; Div: 0.00051091; For: 0.00088142] [0:19:33.752379]
Lambda B: 9.908319
LR: 0.000232
Validation [Cube: BC: 0.635; Div: 0.020; For: 0.048; Sig: 8.470]
[Iteration 016800/050000] [BC: 0.00002066; Div: 0.00046414; For: 0.00075484] [0:19:41.072448]
Lambda B: 9.638290
LR: 0.000231
Validation [Cube: BC: 0.623; Div: 0.020; For: 0.048; Sig: 8.477]
[Iteration 016900/050000] [BC: 0.00002092; Div: 0.00045353; For: 0.00074811] [0:19:47.979662]
Lambda B: 9.375620
LR: 0.000230
Validation [Cube: BC: 0.628; Div: 0.022; For: 0.047; Sig: 8.310]
[Iteration 017000/050000] [BC: 0.00002141; Div: 0.00045594; For: 0.00075555] [0:19:55.298148]
Lambda B: 9.120108
LR: 0.000229
Validation [Cube: BC: 0.795; Div: 0.027; For: 0.050; Sig: 8.712]
[Iteration 017100/050000] [BC: 0.00002293; Div: 0.00045600; For: 0.00078615] [0:20:02.330573]
Lambda B: 8.871560
LR: 0.000227
Validation [Cube: BC: 0.658; Div: 0.020; For: 0.046; Sig: 8.029]
[Iteration 017200/050000] [BC: 0.00002263; Div: 0.00043604; For: 0.00076859] [0:20:09.301115]
Lambda B: 8.629785
LR: 0.000226
Validation [Cube: BC: 0.625; Div: 0.020; For: 0.046; Sig: 8.071]
[Iteration 017300/050000] [BC: 0.00002206; Div: 0.00042598; For: 0.00071157] [0:20:16.808352]
Lambda B: 8.394600
LR: 0.000225
Validation [Cube: BC: 0.590; Div: 0.021; For: 0.045; Sig: 7.926]
[Iteration 017400/050000] [BC: 0.00002226; Div: 0.00040476; For: 0.00073822] [0:20:23.822619]
Lambda B: 8.165824
LR: 0.000224
Validation [Cube: BC: 0.596; Div: 0.021; For: 0.045; Sig: 7.969]
[Iteration 017500/050000] [BC: 0.00002416; Div: 0.00044998; For: 0.00077790] [0:20:31.348259]
Lambda B: 7.943282
LR: 0.000223
Validation [Cube: BC: 0.620; Div: 0.022; For: 0.047; Sig: 8.265]
[Iteration 017600/050000] [BC: 0.00002174; Div: 0.00038520; For: 0.00066520] [0:20:38.418707]
Lambda B: 7.726806
LR: 0.000222
Validation [Cube: BC: 0.687; Div: 0.021; For: 0.045; Sig: 7.887]
[Iteration 017700/050000] [BC: 0.00002294; Div: 0.00040399; For: 0.00068268] [0:20:45.327629]
Lambda B: 7.516229
LR: 0.000221
Validation [Cube: BC: 0.579; Div: 0.019; For: 0.044; Sig: 7.731]
[Iteration 017800/050000] [BC: 0.00002132; Div: 0.00036344; For: 0.00061718] [0:20:52.249246]
Lambda B: 7.311391
LR: 0.000220
Validation [Cube: BC: 0.641; Div: 0.023; For: 0.044; Sig: 7.764]
[Iteration 017900/050000] [BC: 0.00002471; Div: 0.00041882; For: 0.00077472] [0:20:59.422820]
Lambda B: 7.112135
LR: 0.000219
Validation [Cube: BC: 0.676; Div: 0.023; For: 0.044; Sig: 7.827]
[Iteration 018000/050000] [BC: 0.00002155; Div: 0.00034482; For: 0.00060064] [0:21:06.837017]
Lambda B: 6.918310
LR: 0.000218
Validation [Cube: BC: 0.617; Div: 0.018; For: 0.044; Sig: 7.875]
[Iteration 018100/050000] [BC: 0.00002240; Div: 0.00035120; For: 0.00062639] [0:21:14.436014]
Lambda B: 6.729767
LR: 0.000217
Validation [Cube: BC: 0.604; Div: 0.021; For: 0.043; Sig: 7.627]
[Iteration 018200/050000] [BC: 0.00002293; Div: 0.00034737; For: 0.00061713] [0:21:21.781575]
Lambda B: 6.546362
LR: 0.000216
Validation [Cube: BC: 0.689; Div: 0.018; For: 0.043; Sig: 7.665]
[Iteration 018300/050000] [BC: 0.00002239; Div: 0.00033268; For: 0.00058704] [0:21:29.092930]
Lambda B: 6.367955
LR: 0.000215
Validation [Cube: BC: 0.621; Div: 0.020; For: 0.042; Sig: 7.494]
[Iteration 018400/050000] [BC: 0.00002522; Div: 0.00036335; For: 0.00067310] [0:21:35.879127]
Lambda B: 6.194411
LR: 0.000214
Validation [Cube: BC: 0.695; Div: 0.021; For: 0.042; Sig: 7.488]
[Iteration 018500/050000] [BC: 0.00002324; Div: 0.00032406; For: 0.00058377] [0:21:42.816861]
Lambda B: 6.025596
LR: 0.000213
Validation [Cube: BC: 0.616; Div: 0.017; For: 0.042; Sig: 7.533]
[Iteration 018600/050000] [BC: 0.00002313; Div: 0.00031411; For: 0.00056505] [0:21:50.216155]
Lambda B: 5.861382
LR: 0.000212
Validation [Cube: BC: 0.648; Div: 0.017; For: 0.041; Sig: 7.214]
[Iteration 018700/050000] [BC: 0.00002452; Div: 0.00033151; For: 0.00063470] [0:21:57.160948]
Lambda B: 5.701643
LR: 0.000211
Validation [Cube: BC: 0.636; Div: 0.019; For: 0.041; Sig: 7.277]
[Iteration 018800/050000] [BC: 0.00002332; Div: 0.00030789; For: 0.00053793] [0:22:04.278648]
Lambda B: 5.546257
LR: 0.000210
Validation [Cube: BC: 0.628; Div: 0.017; For: 0.040; Sig: 7.168]
[Iteration 018900/050000] [BC: 0.00002387; Div: 0.00030813; For: 0.00056599] [0:22:11.329715]
Lambda B: 5.395106
LR: 0.000209
Validation [Cube: BC: 0.596; Div: 0.016; For: 0.040; Sig: 7.092]
[Iteration 019000/050000] [BC: 0.00002409; Div: 0.00030269; For: 0.00056311] [0:22:18.228694]
Lambda B: 5.248075
LR: 0.000208
Validation [Cube: BC: 0.663; Div: 0.021; For: 0.043; Sig: 7.638]
[Iteration 019100/050000] [BC: 0.00002440; Div: 0.00029468; For: 0.00055052] [0:22:25.250740]
Lambda B: 5.105050
LR: 0.000207
Validation [Cube: BC: 0.674; Div: 0.020; For: 0.041; Sig: 7.240]
[Iteration 019200/050000] [BC: 0.00002392; Div: 0.00027813; For: 0.00051347] [0:22:32.103297]
Lambda B: 4.965923
LR: 0.000207
Validation [Cube: BC: 0.642; Div: 0.018; For: 0.039; Sig: 6.944]
[Iteration 019300/050000] [BC: 0.00002465; Div: 0.00028067; For: 0.00057796] [0:22:39.026406]
Lambda B: 4.830588
LR: 0.000206
Validation [Cube: BC: 0.629; Div: 0.015; For: 0.039; Sig: 6.991]
[Iteration 019400/050000] [BC: 0.00002453; Div: 0.00027311; For: 0.00052061] [0:22:45.727787]
Lambda B: 4.698941
LR: 0.000205
Validation [Cube: BC: 0.707; Div: 0.018; For: 0.040; Sig: 7.091]
[Iteration 019500/050000] [BC: 0.00002525; Div: 0.00027882; For: 0.00054521] [0:22:52.353827]
Lambda B: 4.570882
LR: 0.000204
Validation [Cube: BC: 0.706; Div: 0.016; For: 0.041; Sig: 7.348]
[Iteration 019600/050000] [BC: 0.00002422; Div: 0.00025331; For: 0.00047208] [0:22:59.929855]
Lambda B: 4.446313
LR: 0.000203
Validation [Cube: BC: 0.652; Div: 0.018; For: 0.039; Sig: 6.853]
[Iteration 019700/050000] [BC: 0.00002512; Div: 0.00025303; For: 0.00049389] [0:23:07.016985]
Lambda B: 4.325138
LR: 0.000202
Validation [Cube: BC: 0.713; Div: 0.018; For: 0.046; Sig: 8.042]
[Iteration 019800/050000] [BC: 0.00002653; Div: 0.00027911; For: 0.00056417] [0:23:14.154117]
Lambda B: 4.207266
LR: 0.000201
Validation [Cube: BC: 0.696; Div: 0.019; For: 0.040; Sig: 7.073]
[Iteration 019900/050000] [BC: 0.00002494; Div: 0.00024105; For: 0.00045827] [0:23:20.995652]
Lambda B: 4.092607
LR: 0.000200
Validation [Cube: BC: 0.752; Div: 0.017; For: 0.043; Sig: 7.508]
[Iteration 020000/050000] [BC: 0.00002547; Div: 0.00024016; For: 0.00047126] [0:23:28.212828]
Lambda B: 3.981072
LR: 0.000199
Validation [Cube: BC: 0.666; Div: 0.016; For: 0.040; Sig: 7.107]
[Iteration 020100/050000] [BC: 0.00002602; Div: 0.00024228; For: 0.00049669] [0:23:35.105455]
Lambda B: 3.872576
LR: 0.000198
Validation [Cube: BC: 0.674; Div: 0.018; For: 0.037; Sig: 6.609]
[Iteration 020200/050000] [BC: 0.00002567; Div: 0.00024142; For: 0.00047356] [0:23:42.313059]
Lambda B: 3.767038
LR: 0.000197
Validation [Cube: BC: 0.640; Div: 0.016; For: 0.038; Sig: 6.674]
[Iteration 020300/050000] [BC: 0.00002565; Div: 0.00022438; For: 0.00043434] [0:23:49.351875]
Lambda B: 3.664376
LR: 0.000196
Validation [Cube: BC: 0.701; Div: 0.016; For: 0.038; Sig: 6.655]
[Iteration 020400/050000] [BC: 0.00002588; Div: 0.00021606; For: 0.00042239] [0:23:56.923106]
Lambda B: 3.564511
LR: 0.000195
Validation [Cube: BC: 0.675; Div: 0.018; For: 0.036; Sig: 6.393]
[Iteration 020500/050000] [BC: 0.00002972; Div: 0.00028418; For: 0.00060998] [0:24:04.392465]
Lambda B: 3.467369
LR: 0.000195
Validation [Cube: BC: 0.703; Div: 0.017; For: 0.035; Sig: 6.221]
[Iteration 020600/050000] [BC: 0.00002586; Div: 0.00020551; For: 0.00037519] [0:24:11.421976]
Lambda B: 3.372873
LR: 0.000194
Validation [Cube: BC: 0.651; Div: 0.014; For: 0.036; Sig: 6.364]
[Iteration 020700/050000] [BC: 0.00002607; Div: 0.00019537; For: 0.00038413] [0:24:18.313440]
Lambda B: 3.280953
LR: 0.000193
Validation [Cube: BC: 0.649; Div: 0.015; For: 0.036; Sig: 6.426]
[Iteration 020800/050000] [BC: 0.00002680; Div: 0.00020656; For: 0.00038737] [0:24:25.657797]
Lambda B: 3.191538
LR: 0.000192
Validation [Cube: BC: 0.697; Div: 0.013; For: 0.036; Sig: 6.387]
[Iteration 020900/050000] [BC: 0.00002737; Div: 0.00022716; For: 0.00042026] [0:24:32.730454]
Lambda B: 3.104560
LR: 0.000191
Validation [Cube: BC: 0.670; Div: 0.016; For: 0.035; Sig: 6.266]
[Iteration 021000/050000] [BC: 0.00002782; Div: 0.00020882; For: 0.00043713] [0:24:39.528657]
Lambda B: 3.019952
LR: 0.000190
Validation [Cube: BC: 0.719; Div: 0.015; For: 0.036; Sig: 6.442]
[Iteration 021100/050000] [BC: 0.00002814; Div: 0.00020780; For: 0.00043560] [0:24:46.776553]
Lambda B: 2.937650
LR: 0.000189
Validation [Cube: BC: 0.756; Div: 0.015; For: 0.036; Sig: 6.408]
[Iteration 021200/050000] [BC: 0.00002719; Div: 0.00018331; For: 0.00034147] [0:24:54.045200]
Lambda B: 2.857591
LR: 0.000188
Validation [Cube: BC: 0.685; Div: 0.016; For: 0.034; Sig: 6.101]
[Iteration 021300/050000] [BC: 0.00002809; Div: 0.00018789; For: 0.00039565] [0:25:00.202086]
Lambda B: 2.779713
LR: 0.000187
Validation [Cube: BC: 0.703; Div: 0.014; For: 0.034; Sig: 6.093]
[Iteration 021400/050000] [BC: 0.00003018; Div: 0.00023406; For: 0.00048858] [0:25:06.466880]
Lambda B: 2.703958
LR: 0.000187
Validation [Cube: BC: 0.768; Div: 0.016; For: 0.037; Sig: 6.556]
[Iteration 021500/050000] [BC: 0.00002797; Div: 0.00017594; For: 0.00033420] [0:25:13.369003]
Lambda B: 2.630268
LR: 0.000186
Validation [Cube: BC: 0.708; Div: 0.014; For: 0.034; Sig: 6.028]
[Iteration 021600/050000] [BC: 0.00002825; Div: 0.00017739; For: 0.00034777] [0:25:20.213948]
Lambda B: 2.558586
LR: 0.000185
Validation [Cube: BC: 0.738; Div: 0.014; For: 0.034; Sig: 6.119]
[Iteration 021700/050000] [BC: 0.00002872; Div: 0.00017619; For: 0.00035351] [0:25:27.057325]
Lambda B: 2.488857
LR: 0.000184
Validation [Cube: BC: 0.717; Div: 0.014; For: 0.033; Sig: 5.884]
[Iteration 021800/050000] [BC: 0.00003251; Div: 0.00023505; For: 0.00054802] [0:25:34.655776]
Lambda B: 2.421029
LR: 0.000183
Validation [Cube: BC: 0.810; Div: 0.016; For: 0.037; Sig: 6.562]
[Iteration 021900/050000] [BC: 0.00002886; Div: 0.00015511; For: 0.00030377] [0:25:41.627495]
Lambda B: 2.355049
LR: 0.000182
Validation [Cube: BC: 0.705; Div: 0.012; For: 0.032; Sig: 5.787]
[Iteration 022000/050000] [BC: 0.00002872; Div: 0.00015214; For: 0.00029062] [0:25:48.680567]
Lambda B: 2.290868
LR: 0.000182
Validation [Cube: BC: 0.709; Div: 0.014; For: 0.031; Sig: 5.492]
[Iteration 022100/050000] [BC: 0.00002917; Div: 0.00015335; For: 0.00030102] [0:25:56.206763]
Lambda B: 2.228435
LR: 0.000181
Validation [Cube: BC: 0.700; Div: 0.013; For: 0.032; Sig: 5.734]
[Iteration 022200/050000] [BC: 0.00002990; Div: 0.00014881; For: 0.00032513] [0:26:03.259452]
Lambda B: 2.167704
LR: 0.000180
Validation [Cube: BC: 0.737; Div: 0.014; For: 0.031; Sig: 5.614]
[Iteration 022300/050000] [BC: 0.00003019; Div: 0.00015006; For: 0.00032501] [0:26:10.731376]
Lambda B: 2.108628
LR: 0.000179
Validation [Cube: BC: 0.708; Div: 0.012; For: 0.031; Sig: 5.484]
[Iteration 022400/050000] [BC: 0.00003029; Div: 0.00014869; For: 0.00030649] [0:26:17.529795]
Lambda B: 2.051162
LR: 0.000178
Validation [Cube: BC: 0.733; Div: 0.020; For: 0.033; Sig: 5.770]
[Iteration 022500/050000] [BC: 0.00003227; Div: 0.00017310; For: 0.00041823] [0:26:25.243417]
Lambda B: 1.995262
LR: 0.000177
Validation [Cube: BC: 0.826; Div: 0.012; For: 0.035; Sig: 6.160]
[Iteration 022600/050000] [BC: 0.00003071; Div: 0.00014063; For: 0.00027181] [0:26:32.144692]
Lambda B: 1.940886
LR: 0.000177
Validation [Cube: BC: 0.717; Div: 0.012; For: 0.030; Sig: 5.446]
[Iteration 022700/050000] [BC: 0.00003240; Div: 0.00015861; For: 0.00038510] [0:26:39.185546]
Lambda B: 1.887991
LR: 0.000176
Validation [Cube: BC: 0.754; Div: 0.012; For: 0.031; Sig: 5.522]
[Iteration 022800/050000] [BC: 0.00003075; Div: 0.00011959; For: 0.00024514] [0:26:46.223265]
Lambda B: 1.836538
LR: 0.000175
Validation [Cube: BC: 0.735; Div: 0.013; For: 0.030; Sig: 5.328]
[Iteration 022900/050000] [BC: 0.00003112; Div: 0.00013088; For: 0.00025334] [0:26:52.986613]
Lambda B: 1.786488
LR: 0.000174
Validation [Cube: BC: 0.722; Div: 0.012; For: 0.029; Sig: 5.267]
[Iteration 023000/050000] [BC: 0.00003394; Div: 0.00017087; For: 0.00037487] [0:26:59.882941]
Lambda B: 1.737801
LR: 0.000173
Validation [Cube: BC: 0.819; Div: 0.013; For: 0.030; Sig: 5.369]
[Iteration 023100/050000] [BC: 0.00003216; Div: 0.00012262; For: 0.00025983] [0:27:06.913041]
Lambda B: 1.690441
LR: 0.000173
Validation [Cube: BC: 0.725; Div: 0.011; For: 0.028; Sig: 5.102]
[Iteration 023200/050000] [BC: 0.00003344; Div: 0.00016497; For: 0.00031317] [0:27:14.277826]
Lambda B: 1.644372
LR: 0.000172
Validation [Cube: BC: 0.703; Div: 0.011; For: 0.028; Sig: 4.965]
[Iteration 023300/050000] [BC: 0.00003284; Div: 0.00012658; For: 0.00026778] [0:27:21.700288]
Lambda B: 1.599558
LR: 0.000171
Validation [Cube: BC: 0.733; Div: 0.013; For: 0.030; Sig: 5.261]
[Iteration 023400/050000] [BC: 0.00003263; Div: 0.00011382; For: 0.00024117] [0:27:28.730825]
Lambda B: 1.555966
LR: 0.000170
Validation [Cube: BC: 0.754; Div: 0.011; For: 0.028; Sig: 4.966]
[Iteration 023500/050000] [BC: 0.00003573; Div: 0.00015999; For: 0.00039711] [0:27:35.690638]
Lambda B: 1.513561
LR: 0.000169
Validation [Cube: BC: 0.709; Div: 0.012; For: 0.027; Sig: 4.810]
[Iteration 023600/050000] [BC: 0.00003311; Div: 0.00011118; For: 0.00023206] [0:27:42.948670]
Lambda B: 1.472313
LR: 0.000169
Validation [Cube: BC: 0.740; Div: 0.011; For: 0.028; Sig: 5.014]
[Iteration 023700/050000] [BC: 0.00003319; Div: 0.00009740; For: 0.00021372] [0:27:50.196073]
Lambda B: 1.432188
LR: 0.000168
Validation [Cube: BC: 0.795; Div: 0.012; For: 0.028; Sig: 4.942]
[Iteration 023800/050000] [BC: 0.00003487; Div: 0.00013216; For: 0.00028090] [0:27:57.225028]
Lambda B: 1.393157
LR: 0.000167
Validation [Cube: BC: 0.775; Div: 0.010; For: 0.027; Sig: 4.786]
[Iteration 023900/050000] [BC: 0.00003433; Div: 0.00011287; For: 0.00022318] [0:28:04.291128]
Lambda B: 1.355189
LR: 0.000166
Validation [Cube: BC: 0.801; Div: 0.012; For: 0.027; Sig: 4.943]
[Iteration 024000/050000] [BC: 0.00003539; Div: 0.00011292; For: 0.00029200] [0:28:11.309354]
Lambda B: 1.318257
LR: 0.000166
Validation [Cube: BC: 0.792; Div: 0.013; For: 0.030; Sig: 5.498]
[Iteration 024100/050000] [BC: 0.00003596; Div: 0.00012104; For: 0.00029744] [0:28:18.398215]
Lambda B: 1.282331
LR: 0.000165
Validation [Cube: BC: 0.833; Div: 0.011; For: 0.028; Sig: 5.032]
[Iteration 024200/050000] [BC: 0.00003587; Div: 0.00012019; For: 0.00024519] [0:28:25.465192]
Lambda B: 1.247384
LR: 0.000164
Validation [Cube: BC: 0.739; Div: 0.011; For: 0.025; Sig: 4.513]
[Iteration 024300/050000] [BC: 0.00003536; Div: 0.00009726; For: 0.00020884] [0:28:32.484257]
Lambda B: 1.213389
LR: 0.000163
Validation [Cube: BC: 0.878; Div: 0.011; For: 0.029; Sig: 5.103]
[Iteration 024400/050000] [BC: 0.00003563; Div: 0.00009212; For: 0.00019364] [0:28:39.513827]
Lambda B: 1.180321
LR: 0.000163
Validation [Cube: BC: 0.791; Div: 0.010; For: 0.025; Sig: 4.464]
[Iteration 024500/050000] [BC: 0.00003608; Div: 0.00009660; For: 0.00022329] [0:28:46.085214]
Lambda B: 1.148154
LR: 0.000162
Validation [Cube: BC: 0.973; Div: 0.012; For: 0.033; Sig: 5.833]
[Iteration 024600/050000] [BC: 0.00003797; Div: 0.00011555; For: 0.00030162] [0:28:53.223972]
Lambda B: 1.116863
LR: 0.000161
Validation [Cube: BC: 0.806; Div: 0.010; For: 0.026; Sig: 4.725]
[Iteration 024700/050000] [BC: 0.00003651; Div: 0.00008328; For: 0.00018417] [0:29:00.219295]
Lambda B: 1.086426
LR: 0.000160
Validation [Cube: BC: 0.866; Div: 0.011; For: 0.025; Sig: 4.533]
[Iteration 024800/050000] [BC: 0.00003837; Div: 0.00010996; For: 0.00027808] [0:29:06.913226]
Lambda B: 1.056818
LR: 0.000160
Validation [Cube: BC: 0.807; Div: 0.010; For: 0.025; Sig: 4.459]
[Iteration 024900/050000] [BC: 0.00003730; Div: 0.00008796; For: 0.00018406] [0:29:13.794906]
Lambda B: 1.028016
LR: 0.000159
Validation [Cube: BC: 0.842; Div: 0.011; For: 0.027; Sig: 4.780]
[Iteration 025000/050000] [BC: 0.00003859; Div: 0.00009571; For: 0.00024608] [0:29:21.050719]
Lambda B: 1.000000
LR: 0.000158
Validation [Cube: BC: 0.801; Div: 0.009; For: 0.024; Sig: 4.340]
[Iteration 025100/050000] [BC: 0.00003800; Div: 0.00008649; For: 0.00019936] [0:29:28.448694]
Lambda B: 0.999724
LR: 0.000157
Validation [Cube: BC: 0.813; Div: 0.009; For: 0.024; Sig: 4.284]
[Iteration 025200/050000] [BC: 0.00003957; Div: 0.00011546; For: 0.00028376] [0:29:35.781820]
Lambda B: 0.999724
LR: 0.000157
Validation [Cube: BC: 0.818; Div: 0.009; For: 0.025; Sig: 4.564]
[Iteration 025300/050000] [BC: 0.00003823; Div: 0.00008539; For: 0.00019908] [0:29:43.254222]
Lambda B: 0.999724
LR: 0.000156
Validation [Cube: BC: 0.803; Div: 0.011; For: 0.023; Sig: 4.180]
[Iteration 025400/050000] [BC: 0.00003745; Div: 0.00006887; For: 0.00015008] [0:29:50.230964]
Lambda B: 0.999724
LR: 0.000155
Validation [Cube: BC: 0.836; Div: 0.011; For: 0.024; Sig: 4.203]
[Iteration 025500/050000] [BC: 0.00003909; Div: 0.00009976; For: 0.00024540] [0:29:57.244537]
Lambda B: 0.999724
LR: 0.000155
Validation [Cube: BC: 0.833; Div: 0.009; For: 0.027; Sig: 4.757]
[Iteration 025600/050000] [BC: 0.00003829; Div: 0.00008440; For: 0.00018953] [0:30:04.363611]
Lambda B: 0.999724
LR: 0.000154
Validation [Cube: BC: 0.847; Div: 0.012; For: 0.026; Sig: 4.663]
[Iteration 025700/050000] [BC: 0.00003833; Div: 0.00008597; For: 0.00018248] [0:30:11.068718]
Lambda B: 0.999724
LR: 0.000153
Validation [Cube: BC: 0.824; Div: 0.009; For: 0.023; Sig: 4.211]
[Iteration 025800/050000] [BC: 0.00003836; Div: 0.00008625; For: 0.00019404] [0:30:18.125459]
Lambda B: 0.999724
LR: 0.000152
Validation [Cube: BC: 0.862; Div: 0.011; For: 0.027; Sig: 4.749]
[Iteration 025900/050000] [BC: 0.00004109; Div: 0.00014359; For: 0.00035411] [0:30:24.966609]
Lambda B: 0.999724
LR: 0.000152
Validation [Cube: BC: 0.844; Div: 0.009; For: 0.025; Sig: 4.420]
[Iteration 026000/050000] [BC: 0.00003771; Div: 0.00007212; For: 0.00015110] [0:30:32.051433]
Lambda B: 0.999724
LR: 0.000151
Validation [Cube: BC: 0.801; Div: 0.009; For: 0.022; Sig: 4.005]
[Iteration 026100/050000] [BC: 0.00003732; Div: 0.00006465; For: 0.00014030] [0:30:39.425095]
Lambda B: 0.999724
LR: 0.000150
Validation [Cube: BC: 0.803; Div: 0.011; For: 0.024; Sig: 4.360]
[Iteration 026200/050000] [BC: 0.00003956; Div: 0.00010740; For: 0.00026503] [0:30:46.815787]
Lambda B: 0.999724
LR: 0.000150
Validation [Cube: BC: 0.884; Div: 0.013; For: 0.030; Sig: 5.338]
[Iteration 026300/050000] [BC: 0.00003864; Div: 0.00011196; For: 0.00019277] [0:30:54.264133]
Lambda B: 0.999724
LR: 0.000149
Validation [Cube: BC: 0.814; Div: 0.011; For: 0.023; Sig: 4.097]
[Iteration 026400/050000] [BC: 0.00003776; Div: 0.00007276; For: 0.00015976] [0:31:01.318351]
Lambda B: 0.999724
LR: 0.000148
Validation [Cube: BC: 0.796; Div: 0.009; For: 0.024; Sig: 4.321]
[Iteration 026500/050000] [BC: 0.00003846; Div: 0.00008019; For: 0.00019676] [0:31:08.065921]
Lambda B: 0.999724
LR: 0.000148
Validation [Cube: BC: 0.904; Div: 0.011; For: 0.026; Sig: 4.564]
[Iteration 026600/050000] [BC: 0.00003968; Div: 0.00010012; For: 0.00024923] [0:31:14.741067]
Lambda B: 0.999724
LR: 0.000147
Validation [Cube: BC: 0.798; Div: 0.009; For: 0.023; Sig: 4.070]
[Iteration 026700/050000] [BC: 0.00003743; Div: 0.00006159; For: 0.00013441] [0:31:21.660879]
Lambda B: 0.999724
LR: 0.000146
Validation [Cube: BC: 0.834; Div: 0.011; For: 0.025; Sig: 4.432]
[Iteration 026800/050000] [BC: 0.00003811; Div: 0.00007513; For: 0.00017568] [0:31:28.792634]
Lambda B: 0.999724
LR: 0.000146
Validation [Cube: BC: 0.843; Div: 0.010; For: 0.024; Sig: 4.267]
[Iteration 026900/050000] [BC: 0.00003915; Div: 0.00009506; For: 0.00023562] [0:31:35.854753]
Lambda B: 0.999724
LR: 0.000145
Validation [Cube: BC: 0.853; Div: 0.010; For: 0.023; Sig: 4.096]
[Iteration 027000/050000] [BC: 0.00003806; Div: 0.00007449; For: 0.00016048] [0:31:42.924097]
Lambda B: 0.999724
LR: 0.000144
Validation [Cube: BC: 0.793; Div: 0.009; For: 0.024; Sig: 4.304]
[Iteration 027100/050000] [BC: 0.00003918; Div: 0.00009360; For: 0.00022333] [0:31:49.876581]
Lambda B: 0.999724
LR: 0.000144
Validation [Cube: BC: 0.796; Div: 0.010; For: 0.022; Sig: 4.003]
[Iteration 027200/050000] [BC: 0.00003790; Div: 0.00006830; For: 0.00015846] [0:31:56.783436]
Lambda B: 0.999724
LR: 0.000143
Validation [Cube: BC: 0.801; Div: 0.009; For: 0.022; Sig: 3.947]
[Iteration 027300/050000] [BC: 0.00003811; Div: 0.00007998; For: 0.00016740] [0:32:03.773604]
Lambda B: 0.999724
LR: 0.000142
Validation [Cube: BC: 0.798; Div: 0.010; For: 0.024; Sig: 4.301]
[Iteration 027400/050000] [BC: 0.00003943; Div: 0.00011506; For: 0.00026084] [0:32:11.080446]
Lambda B: 0.999724
LR: 0.000142
Validation [Cube: BC: 0.951; Div: 0.013; For: 0.035; Sig: 6.357]
[Iteration 027500/050000] [BC: 0.00003924; Div: 0.00010501; For: 0.00022552] [0:32:17.938047]
Lambda B: 0.999724
LR: 0.000141
Validation [Cube: BC: 0.816; Div: 0.008; For: 0.023; Sig: 4.081]
[Iteration 027600/050000] [BC: 0.00003766; Div: 0.00006173; For: 0.00013573] [0:32:24.635999]
Lambda B: 0.999724
LR: 0.000140
Validation [Cube: BC: 0.823; Div: 0.009; For: 0.023; Sig: 4.129]
[Iteration 027700/050000] [BC: 0.00003841; Div: 0.00007171; For: 0.00017184] [0:32:31.227392]
Lambda B: 0.999724
LR: 0.000140
Validation [Cube: BC: 0.899; Div: 0.008; For: 0.026; Sig: 4.654]
[Iteration 027800/050000] [BC: 0.00003785; Div: 0.00006864; For: 0.00015397] [0:32:38.738115]
Lambda B: 0.999724
LR: 0.000139
Validation [Cube: BC: 0.811; Div: 0.008; For: 0.022; Sig: 3.919]
[Iteration 027900/050000] [BC: 0.00003766; Div: 0.00006189; For: 0.00014183] [0:32:45.496043]
Lambda B: 0.999724
LR: 0.000138
Validation [Cube: BC: 0.845; Div: 0.012; For: 0.024; Sig: 4.264]
[Iteration 028000/050000] [BC: 0.00004148; Div: 0.00011373; For: 0.00035593] [0:32:52.297516]
Lambda B: 0.999724
LR: 0.000138
Validation [Cube: BC: 0.816; Div: 0.009; For: 0.025; Sig: 4.534]
[Iteration 028100/050000] [BC: 0.00003748; Div: 0.00006001; For: 0.00012750] [0:32:58.825259]
Lambda B: 0.999724
LR: 0.000137
Validation [Cube: BC: 0.808; Div: 0.010; For: 0.022; Sig: 3.938]
[Iteration 028200/050000] [BC: 0.00003752; Div: 0.00006058; For: 0.00013159] [0:33:05.750074]
Lambda B: 0.999724
LR: 0.000136
Validation [Cube: BC: 0.816; Div: 0.008; For: 0.022; Sig: 3.955]
[Iteration 028300/050000] [BC: 0.00003748; Div: 0.00006178; For: 0.00013082] [0:33:12.782168]
Lambda B: 0.999724
LR: 0.000136
Validation [Cube: BC: 0.832; Div: 0.009; For: 0.022; Sig: 3.959]
[Iteration 028400/050000] [BC: 0.00003896; Div: 0.00009630; For: 0.00021769] [0:33:19.386925]
Lambda B: 0.999724
LR: 0.000135
Validation [Cube: BC: 0.837; Div: 0.010; For: 0.027; Sig: 5.019]
[Iteration 028500/050000] [BC: 0.00003835; Div: 0.00007720; For: 0.00016413] [0:33:26.092500]
Lambda B: 0.999724
LR: 0.000135
Validation [Cube: BC: 0.795; Div: 0.010; For: 0.022; Sig: 4.009]
[Iteration 028600/050000] [BC: 0.00003786; Div: 0.00006723; For: 0.00015103] [0:33:32.889026]
Lambda B: 0.999724
LR: 0.000134
Validation [Cube: BC: 0.813; Div: 0.009; For: 0.024; Sig: 4.264]
[Iteration 028700/050000] [BC: 0.00003846; Div: 0.00007496; For: 0.00017398] [0:33:40.317271]
Lambda B: 0.999724
LR: 0.000133
Validation [Cube: BC: 0.812; Div: 0.010; For: 0.022; Sig: 3.988]
[Iteration 028800/050000] [BC: 0.00003803; Div: 0.00006874; For: 0.00015191] [0:33:47.267671]
Lambda B: 0.999724
LR: 0.000133
Validation [Cube: BC: 0.913; Div: 0.010; For: 0.027; Sig: 4.758]
[Iteration 028900/050000] [BC: 0.00004061; Div: 0.00012415; For: 0.00026631] [0:33:54.134786]
Lambda B: 0.999724
LR: 0.000132
Validation [Cube: BC: 0.808; Div: 0.008; For: 0.022; Sig: 3.996]
[Iteration 029000/050000] [BC: 0.00003765; Div: 0.00006103; For: 0.00013766] [0:34:01.828888]
Lambda B: 0.999724
LR: 0.000132
Validation [Cube: BC: 0.827; Div: 0.009; For: 0.022; Sig: 3.998]
[Iteration 029100/050000] [BC: 0.00003781; Div: 0.00006347; For: 0.00014971] [0:34:08.516491]
Lambda B: 0.999724
LR: 0.000131
Validation [Cube: BC: 0.805; Div: 0.009; For: 0.021; Sig: 3.869]
[Iteration 029200/050000] [BC: 0.00003811; Div: 0.00007086; For: 0.00016558] [0:34:14.531989]
Lambda B: 0.999724
LR: 0.000130
Validation [Cube: BC: 0.774; Div: 0.009; For: 0.023; Sig: 4.082]
[Iteration 029300/050000] [BC: 0.00003780; Div: 0.00007233; For: 0.00014493] [0:34:20.812416]
Lambda B: 0.999724
LR: 0.000130
Validation [Cube: BC: 0.799; Div: 0.008; For: 0.022; Sig: 3.990]
[Iteration 029400/050000] [BC: 0.00003851; Div: 0.00007758; For: 0.00018379] [0:34:27.286826]
Lambda B: 0.999724
LR: 0.000129
Validation [Cube: BC: 0.829; Div: 0.009; For: 0.022; Sig: 3.934]
[Iteration 029500/050000] [BC: 0.00003762; Div: 0.00006344; For: 0.00014695] [0:34:33.649587]
Lambda B: 0.999724
LR: 0.000129
Validation [Cube: BC: 0.895; Div: 0.008; For: 0.024; Sig: 4.280]
[Iteration 029600/050000] [BC: 0.00003778; Div: 0.00006372; For: 0.00014756] [0:34:40.238993]
Lambda B: 0.999724
LR: 0.000128
Validation [Cube: BC: 0.913; Div: 0.011; For: 0.027; Sig: 4.796]
[Iteration 029700/050000] [BC: 0.00003861; Div: 0.00007920; For: 0.00017987] [0:34:46.819230]
Lambda B: 0.999724
LR: 0.000127
Validation [Cube: BC: 0.771; Div: 0.011; For: 0.022; Sig: 3.978]
[Iteration 029800/050000] [BC: 0.00003797; Div: 0.00007084; For: 0.00015066] [0:34:53.424894]
Lambda B: 0.999724
LR: 0.000127
Validation [Cube: BC: 0.808; Div: 0.010; For: 0.022; Sig: 3.858]
[Iteration 029900/050000] [BC: 0.00003812; Div: 0.00006798; For: 0.00016649] [0:35:00.749149]
Lambda B: 0.999724
LR: 0.000126
Validation [Cube: BC: 0.906; Div: 0.010; For: 0.026; Sig: 4.688]
[Iteration 030000/050000] [BC: 0.00003846; Div: 0.00007766; For: 0.00017637] [0:35:07.405735]
Lambda B: 0.999724
LR: 0.000126
Validation [Cube: BC: 0.808; Div: 0.008; For: 0.023; Sig: 4.072]
[Iteration 030100/050000] [BC: 0.00003829; Div: 0.00006936; For: 0.00017305] [0:35:14.554455]
Lambda B: 0.999724
LR: 0.000125
Validation [Cube: BC: 0.863; Div: 0.008; For: 0.023; Sig: 4.203]
[Iteration 030200/050000] [BC: 0.00003772; Div: 0.00006345; For: 0.00013916] [0:35:22.145987]
Lambda B: 0.999724
LR: 0.000124
Validation [Cube: BC: 0.799; Div: 0.009; For: 0.023; Sig: 4.139]
[Iteration 030300/050000] [BC: 0.00003881; Div: 0.00008022; For: 0.00020755] [0:35:29.306800]
Lambda B: 0.999724
LR: 0.000124
Validation [Cube: BC: 0.818; Div: 0.010; For: 0.022; Sig: 3.872]
[Iteration 030400/050000] [BC: 0.00003761; Div: 0.00005817; For: 0.00013731] [0:35:36.301193]
Lambda B: 0.999724
LR: 0.000123
Validation [Cube: BC: 0.816; Div: 0.010; For: 0.022; Sig: 3.952]
[Iteration 030500/050000] [BC: 0.00003741; Div: 0.00005904; For: 0.00012478] [0:35:43.306422]
Lambda B: 0.999724
LR: 0.000123
Validation [Cube: BC: 0.813; Div: 0.010; For: 0.021; Sig: 3.851]
[Iteration 030600/050000] [BC: 0.00003788; Div: 0.00006610; For: 0.00014211] [0:35:50.008883]
Lambda B: 0.999724
LR: 0.000122
Validation [Cube: BC: 0.782; Div: 0.008; For: 0.022; Sig: 3.891]
[Iteration 030700/050000] [BC: 0.00003894; Div: 0.00008552; For: 0.00020986] [0:35:57.172233]
Lambda B: 0.999724
LR: 0.000122
Validation [Cube: BC: 0.915; Div: 0.008; For: 0.028; Sig: 5.004]
[Iteration 030800/050000] [BC: 0.00003888; Div: 0.00008196; For: 0.00018059] [0:36:04.450374]
Lambda B: 0.999724
LR: 0.000121
Validation [Cube: BC: 0.814; Div: 0.009; For: 0.021; Sig: 3.868]
[Iteration 030900/050000] [BC: 0.00003721; Div: 0.00005478; For: 0.00011809] [0:36:11.404179]
Lambda B: 0.999724
LR: 0.000120
Validation [Cube: BC: 0.802; Div: 0.010; For: 0.021; Sig: 3.805]
[Iteration 031000/050000] [BC: 0.00003744; Div: 0.00005823; For: 0.00012739] [0:36:18.415492]
Lambda B: 0.999724
LR: 0.000120
Validation [Cube: BC: 0.792; Div: 0.008; For: 0.022; Sig: 3.889]
[Iteration 031100/050000] [BC: 0.00003763; Div: 0.00006149; For: 0.00013972] [0:36:25.338891]
Lambda B: 0.999724
LR: 0.000119
Validation [Cube: BC: 0.839; Div: 0.011; For: 0.023; Sig: 4.231]
[Iteration 031200/050000] [BC: 0.00003913; Div: 0.00009191; For: 0.00020596] [0:36:31.815080]
Lambda B: 0.999724
LR: 0.000119
Validation [Cube: BC: 0.784; Div: 0.008; For: 0.021; Sig: 3.806]
[Iteration 031300/050000] [BC: 0.00003721; Div: 0.00005411; For: 0.00011993] [0:36:38.869870]
Lambda B: 0.999724
LR: 0.000118
Validation [Cube: BC: 0.812; Div: 0.009; For: 0.021; Sig: 3.835]
[Iteration 031400/050000] [BC: 0.00003811; Div: 0.00006872; For: 0.00017632] [0:36:45.575970]
Lambda B: 0.999724
LR: 0.000118
Validation [Cube: BC: 0.824; Div: 0.011; For: 0.023; Sig: 4.207]
[Iteration 031500/050000] [BC: 0.00003746; Div: 0.00005759; For: 0.00012470] [0:36:52.721477]
Lambda B: 0.999724
LR: 0.000117
Validation [Cube: BC: 0.806; Div: 0.010; For: 0.021; Sig: 3.758]
[Iteration 031600/050000] [BC: 0.00003829; Div: 0.00007850; For: 0.00016996] [0:36:59.735376]
Lambda B: 0.999724
LR: 0.000117
Validation [Cube: BC: 0.892; Div: 0.013; For: 0.027; Sig: 4.795]
[Iteration 031700/050000] [BC: 0.00003764; Div: 0.00005732; For: 0.00013061] [0:37:06.626710]
Lambda B: 0.999724
LR: 0.000116
Validation [Cube: BC: 0.790; Div: 0.009; For: 0.021; Sig: 3.785]
[Iteration 031800/050000] [BC: 0.00003749; Div: 0.00005799; For: 0.00013080] [0:37:12.856233]
Lambda B: 0.999724
LR: 0.000116
Validation [Cube: BC: 0.788; Div: 0.009; For: 0.021; Sig: 3.758]
[Iteration 031900/050000] [BC: 0.00003763; Div: 0.00006391; For: 0.00014661] [0:37:20.210970]
Lambda B: 0.999724
LR: 0.000115
Validation [Cube: BC: 0.820; Div: 0.008; For: 0.022; Sig: 3.869]
[Iteration 032000/050000] [BC: 0.00003870; Div: 0.00007755; For: 0.00019741] [0:37:27.267848]
Lambda B: 0.999724
LR: 0.000115
Validation [Cube: BC: 0.797; Div: 0.011; For: 0.021; Sig: 3.737]
[Iteration 032100/050000] [BC: 0.00003761; Div: 0.00005840; For: 0.00013599] [0:37:34.229264]
Lambda B: 0.999724
LR: 0.000114
Validation [Cube: BC: 0.797; Div: 0.010; For: 0.022; Sig: 3.971]
[Iteration 032200/050000] [BC: 0.00003736; Div: 0.00005707; For: 0.00012678] [0:37:41.644653]
Lambda B: 0.999724
LR: 0.000113
Validation [Cube: BC: 0.818; Div: 0.008; For: 0.023; Sig: 4.204]
[Iteration 032300/050000] [BC: 0.00003771; Div: 0.00006290; For: 0.00014600] [0:37:48.173929]
Lambda B: 0.999724
LR: 0.000113
Validation [Cube: BC: 0.814; Div: 0.009; For: 0.022; Sig: 3.889]
[Iteration 032400/050000] [BC: 0.00003768; Div: 0.00006184; For: 0.00014333] [0:37:54.344426]
Lambda B: 0.999724
LR: 0.000112
Validation [Cube: BC: 0.784; Div: 0.009; For: 0.022; Sig: 3.990]
[Iteration 032500/050000] [BC: 0.00003761; Div: 0.00006315; For: 0.00013313] [0:38:01.144160]
Lambda B: 0.999724
LR: 0.000112
Validation [Cube: BC: 0.803; Div: 0.008; For: 0.021; Sig: 3.803]
[Iteration 032600/050000] [BC: 0.00003808; Div: 0.00006607; For: 0.00016902] [0:38:08.076995]
Lambda B: 0.999724
LR: 0.000111
Validation [Cube: BC: 0.768; Div: 0.010; For: 0.022; Sig: 3.931]
[Iteration 032700/050000] [BC: 0.00003731; Div: 0.00005424; For: 0.00011767] [0:38:14.804217]
Lambda B: 0.999724
LR: 0.000111
Validation [Cube: BC: 0.816; Div: 0.008; For: 0.023; Sig: 4.089]
[Iteration 032800/050000] [BC: 0.00003857; Div: 0.00007876; For: 0.00018857] [0:38:21.802171]
Lambda B: 0.999724
LR: 0.000110
Validation [Cube: BC: 0.838; Div: 0.012; For: 0.023; Sig: 4.148]
[Iteration 032900/050000] [BC: 0.00003735; Div: 0.00005609; For: 0.00011906] [0:38:28.793287]
Lambda B: 0.999724
LR: 0.000110
Validation [Cube: BC: 0.800; Div: 0.008; For: 0.021; Sig: 3.868]
[Iteration 033000/050000] [BC: 0.00003735; Div: 0.00005629; For: 0.00012659] [0:38:35.568923]
Lambda B: 0.999724
LR: 0.000109
Validation [Cube: BC: 0.788; Div: 0.010; For: 0.021; Sig: 3.823]
[Iteration 033100/050000] [BC: 0.00003756; Div: 0.00006570; For: 0.00013752] [0:38:42.835806]
Lambda B: 0.999724
LR: 0.000109
Validation [Cube: BC: 0.830; Div: 0.012; For: 0.023; Sig: 4.109]
[Iteration 033200/050000] [BC: 0.00003732; Div: 0.00005847; For: 0.00012348] [0:38:49.675236]
Lambda B: 0.999724
LR: 0.000108
Validation [Cube: BC: 0.783; Div: 0.008; For: 0.021; Sig: 3.828]
[Iteration 033300/050000] [BC: 0.00003829; Div: 0.00007245; For: 0.00017914] [0:38:56.573436]
Lambda B: 0.999724
LR: 0.000108
Validation [Cube: BC: 0.944; Div: 0.008; For: 0.029; Sig: 5.201]
[Iteration 033400/050000] [BC: 0.00003801; Div: 0.00006712; For: 0.00016034] [0:39:03.654351]
Lambda B: 0.999724
LR: 0.000107
Validation [Cube: BC: 0.800; Div: 0.008; For: 0.021; Sig: 3.815]
[Iteration 033500/050000] [BC: 0.00003736; Div: 0.00005613; For: 0.00012514] [0:39:10.828855]
Lambda B: 0.999724
LR: 0.000107
Validation [Cube: BC: 0.815; Div: 0.012; For: 0.022; Sig: 3.950]
[Iteration 033600/050000] [BC: 0.00003744; Div: 0.00005981; For: 0.00012849] [0:39:17.650503]
Lambda B: 0.999724
LR: 0.000106
Validation [Cube: BC: 0.839; Div: 0.009; For: 0.022; Sig: 3.908]
[Iteration 033700/050000] [BC: 0.00003782; Div: 0.00006020; For: 0.00014594] [0:39:24.734101]
Lambda B: 0.999724
LR: 0.000106
Validation [Cube: BC: 0.789; Div: 0.009; For: 0.022; Sig: 3.971]
[Iteration 033800/050000] [BC: 0.00003703; Div: 0.00005196; For: 0.00011384] [0:39:32.157051]
Lambda B: 0.999724
LR: 0.000105
Validation [Cube: BC: 0.786; Div: 0.008; For: 0.021; Sig: 3.732]
[Iteration 033900/050000] [BC: 0.00003807; Div: 0.00006722; For: 0.00017096] [0:39:39.877452]
Lambda B: 0.999724
LR: 0.000105
Validation [Cube: BC: 0.780; Div: 0.010; For: 0.021; Sig: 3.828]
[Iteration 034000/050000] [BC: 0.00003748; Div: 0.00006059; For: 0.00013371] [0:39:46.575404]
Lambda B: 0.999724
LR: 0.000104
Validation [Cube: BC: 0.791; Div: 0.008; For: 0.021; Sig: 3.737]
[Iteration 034100/050000] [BC: 0.00003750; Div: 0.00006069; For: 0.00013562] [0:39:54.023778]
Lambda B: 0.999724
LR: 0.000104
Validation [Cube: BC: 0.783; Div: 0.008; For: 0.021; Sig: 3.796]
[Iteration 034200/050000] [BC: 0.00003715; Div: 0.00005142; For: 0.00011336] [0:40:00.892825]
Lambda B: 0.999724
LR: 0.000104
Validation [Cube: BC: 0.768; Div: 0.009; For: 0.021; Sig: 3.814]
[Iteration 034300/050000] [BC: 0.00003719; Div: 0.00005311; For: 0.00011703] [0:40:08.113449]
Lambda B: 0.999724
LR: 0.000103
Validation [Cube: BC: 0.795; Div: 0.009; For: 0.020; Sig: 3.689]
[Iteration 034400/050000] [BC: 0.00003731; Div: 0.00005701; For: 0.00013184] [0:40:15.023319]
Lambda B: 0.999724
LR: 0.000103
Validation [Cube: BC: 0.820; Div: 0.011; For: 0.024; Sig: 4.203]
[Iteration 034500/050000] [BC: 0.00003901; Div: 0.00007191; For: 0.00020181] [0:40:22.117355]
Lambda B: 0.999724
LR: 0.000102
Validation [Cube: BC: 0.771; Div: 0.009; For: 0.022; Sig: 3.945]
[Iteration 034600/050000] [BC: 0.00003700; Div: 0.00005061; For: 0.00011085] [0:40:29.192380]
Lambda B: 0.999724
LR: 0.000102
Validation [Cube: BC: 0.783; Div: 0.009; For: 0.021; Sig: 3.756]
[Iteration 034700/050000] [BC: 0.00003696; Div: 0.00005033; For: 0.00010794] [0:40:36.640250]
Lambda B: 0.999724
LR: 0.000101
Validation [Cube: BC: 0.777; Div: 0.008; For: 0.021; Sig: 3.757]
[Iteration 034800/050000] [BC: 0.00003760; Div: 0.00006129; For: 0.00015028] [0:40:43.478914]
Lambda B: 0.999724
LR: 0.000101
Validation [Cube: BC: 0.893; Div: 0.010; For: 0.025; Sig: 4.519]
[Iteration 034900/050000] [BC: 0.00003842; Div: 0.00007579; For: 0.00017272] [0:40:50.712892]
Lambda B: 0.999724
LR: 0.000100
Validation [Cube: BC: 0.792; Div: 0.007; For: 0.021; Sig: 3.748]
[Iteration 035000/050000] [BC: 0.00003716; Div: 0.00005335; For: 0.00011028] [0:40:57.501346]
Lambda B: 0.999724
LR: 0.000100
Validation [Cube: BC: 0.767; Div: 0.008; For: 0.021; Sig: 3.754]
[Iteration 035100/050000] [BC: 0.00003734; Div: 0.00005734; For: 0.00012338] [0:41:04.532155]
Lambda B: 0.999724
LR: 0.000099
Validation [Cube: BC: 0.808; Div: 0.009; For: 0.021; Sig: 3.778]
[Iteration 035200/050000] [BC: 0.00003730; Div: 0.00005672; For: 0.00013174] [0:41:11.108159]
Lambda B: 0.999724
LR: 0.000099
Validation [Cube: BC: 0.760; Div: 0.009; For: 0.021; Sig: 3.752]
[Iteration 035300/050000] [BC: 0.00003706; Div: 0.00005562; For: 0.00011616] [0:41:17.401804]
Lambda B: 0.999724
LR: 0.000098
Validation [Cube: BC: 0.805; Div: 0.008; For: 0.021; Sig: 3.827]
[Iteration 035400/050000] [BC: 0.00003716; Div: 0.00005794; For: 0.00012260] [0:41:23.755838]
Lambda B: 0.999724
LR: 0.000098
Validation [Cube: BC: 0.819; Div: 0.007; For: 0.022; Sig: 3.907]
[Iteration 035500/050000] [BC: 0.00003734; Div: 0.00005794; For: 0.00013243] [0:41:30.498984]
Lambda B: 0.999724
LR: 0.000097
Validation [Cube: BC: 0.788; Div: 0.008; For: 0.021; Sig: 3.829]
[Iteration 035600/050000] [BC: 0.00003739; Div: 0.00006062; For: 0.00013342] [0:41:37.305573]
Lambda B: 0.999724
LR: 0.000097
Validation [Cube: BC: 0.759; Div: 0.008; For: 0.021; Sig: 3.725]
[Iteration 035700/050000] [BC: 0.00003702; Div: 0.00005201; For: 0.00011299] [0:41:44.352150]
Lambda B: 0.999724
LR: 0.000097
Validation [Cube: BC: 0.772; Div: 0.009; For: 0.022; Sig: 3.891]
[Iteration 035800/050000] [BC: 0.00003742; Div: 0.00005864; For: 0.00012964] [0:41:51.638829]
Lambda B: 0.999724
LR: 0.000096
Validation [Cube: BC: 0.787; Div: 0.010; For: 0.021; Sig: 3.835]
[Iteration 035900/050000] [BC: 0.00003742; Div: 0.00006332; For: 0.00013893] [0:41:58.550743]
Lambda B: 0.999724
LR: 0.000096
Validation [Cube: BC: 0.820; Div: 0.008; For: 0.025; Sig: 4.455]
[Iteration 036000/050000] [BC: 0.00003721; Div: 0.00005577; For: 0.00012528] [0:42:05.603188]
Lambda B: 0.999724
LR: 0.000095
Validation [Cube: BC: 0.797; Div: 0.010; For: 0.022; Sig: 3.851]
[Iteration 036100/050000] [BC: 0.00003735; Div: 0.00005978; For: 0.00012388] [0:42:12.701475]
Lambda B: 0.999724
LR: 0.000095
Validation [Cube: BC: 0.798; Div: 0.008; For: 0.021; Sig: 3.800]
[Iteration 036200/050000] [BC: 0.00003690; Div: 0.00004930; For: 0.00010566] [0:42:19.654167]
Lambda B: 0.999724
LR: 0.000094
Validation [Cube: BC: 0.763; Div: 0.008; For: 0.021; Sig: 3.855]
[Iteration 036300/050000] [BC: 0.00003728; Div: 0.00005337; For: 0.00012632] [0:42:27.220737]
Lambda B: 0.999724
LR: 0.000094
Validation [Cube: BC: 0.839; Div: 0.008; For: 0.022; Sig: 3.930]
[Iteration 036400/050000] [BC: 0.00003761; Div: 0.00005880; For: 0.00014160] [0:42:34.303761]
Lambda B: 0.999724
LR: 0.000094
Validation [Cube: BC: 0.807; Div: 0.008; For: 0.022; Sig: 3.905]
[Iteration 036500/050000] [BC: 0.00003706; Div: 0.00005173; For: 0.00011794] [0:42:41.266297]
Lambda B: 0.999724
LR: 0.000093
Validation [Cube: BC: 0.787; Div: 0.008; For: 0.021; Sig: 3.787]
[Iteration 036600/050000] [BC: 0.00003702; Div: 0.00005420; For: 0.00011662] [0:42:48.422617]
Lambda B: 0.999724
LR: 0.000093
Validation [Cube: BC: 0.825; Div: 0.008; For: 0.021; Sig: 3.846]
[Iteration 036700/050000] [BC: 0.00003722; Div: 0.00005521; For: 0.00012718] [0:42:55.544008]
Lambda B: 0.999724
LR: 0.000092
Validation [Cube: BC: 0.808; Div: 0.009; For: 0.022; Sig: 3.948]
[Iteration 036800/050000] [BC: 0.00003701; Div: 0.00005123; For: 0.00011192] [0:43:02.686499]
Lambda B: 0.999724
LR: 0.000092
Validation [Cube: BC: 0.791; Div: 0.008; For: 0.021; Sig: 3.748]
[Iteration 036900/050000] [BC: 0.00003697; Div: 0.00005058; For: 0.00011038] [0:43:09.332028]
Lambda B: 0.999724
LR: 0.000091
Validation [Cube: BC: 0.788; Div: 0.008; For: 0.022; Sig: 3.914]
[Iteration 037000/050000] [BC: 0.00003800; Div: 0.00006372; For: 0.00016586] [0:43:16.453198]
Lambda B: 0.999724
LR: 0.000091
Validation [Cube: BC: 0.768; Div: 0.008; For: 0.020; Sig: 3.662]
[Iteration 037100/050000] [BC: 0.00003675; Div: 0.00004883; For: 0.00010369] [0:43:23.224502]
Lambda B: 0.999724
LR: 0.000091
Validation [Cube: BC: 0.764; Div: 0.009; For: 0.020; Sig: 3.675]
[Iteration 037200/050000] [BC: 0.00003712; Div: 0.00005644; For: 0.00011852] [0:43:30.225469]
Lambda B: 0.999724
LR: 0.000090
Validation [Cube: BC: 0.782; Div: 0.009; For: 0.021; Sig: 3.779]
[Iteration 037300/050000] [BC: 0.00003717; Div: 0.00005513; For: 0.00012786] [0:43:37.188272]
Lambda B: 0.999724
LR: 0.000090
Validation [Cube: BC: 0.797; Div: 0.010; For: 0.021; Sig: 3.804]
[Iteration 037400/050000] [BC: 0.00003721; Div: 0.00005476; For: 0.00012826] [0:43:43.931603]
Lambda B: 0.999724
LR: 0.000089
Validation [Cube: BC: 0.794; Div: 0.009; For: 0.023; Sig: 4.073]
[Iteration 037500/050000] [BC: 0.00003794; Div: 0.00007967; For: 0.00015537] [0:43:50.076053]
Lambda B: 0.999724
LR: 0.000089
Validation [Cube: BC: 0.791; Div: 0.009; For: 0.020; Sig: 3.678]
[Iteration 037600/050000] [BC: 0.00003672; Div: 0.00004806; For: 0.00010437] [0:43:56.471202]
Lambda B: 0.999724
LR: 0.000089
Validation [Cube: BC: 0.805; Div: 0.008; For: 0.020; Sig: 3.637]
[Iteration 037700/050000] [BC: 0.00003706; Div: 0.00005130; For: 0.00012232] [0:44:03.665058]
Lambda B: 0.999724
LR: 0.000088
Validation [Cube: BC: 0.816; Div: 0.008; For: 0.021; Sig: 3.774]
[Iteration 037800/050000] [BC: 0.00003700; Div: 0.00005195; For: 0.00011718] [0:44:11.428662]
Lambda B: 0.999724
LR: 0.000088
Validation [Cube: BC: 0.803; Div: 0.009; For: 0.022; Sig: 3.917]
[Iteration 037900/050000] [BC: 0.00003715; Div: 0.00005465; For: 0.00011904] [0:44:18.181432]
Lambda B: 0.999724
LR: 0.000087
Validation [Cube: BC: 0.780; Div: 0.008; For: 0.021; Sig: 3.863]
[Iteration 038000/050000] [BC: 0.00003696; Div: 0.00005151; For: 0.00011347] [0:44:25.383956]
Lambda B: 0.999724
LR: 0.000087
Validation [Cube: BC: 0.771; Div: 0.009; For: 0.021; Sig: 3.737]
[Iteration 038100/050000] [BC: 0.00003687; Div: 0.00005145; For: 0.00011199] [0:44:32.161310]
Lambda B: 0.999724
LR: 0.000086
Validation [Cube: BC: 0.797; Div: 0.009; For: 0.020; Sig: 3.610]
[Iteration 038200/050000] [BC: 0.00003686; Div: 0.00005070; For: 0.00010945] [0:44:39.348664]
Lambda B: 0.999724
LR: 0.000086
Validation [Cube: BC: 0.810; Div: 0.007; For: 0.021; Sig: 3.721]
[Iteration 038300/050000] [BC: 0.00003749; Div: 0.00005826; For: 0.00014301] [0:44:46.233547]
Lambda B: 0.999724
LR: 0.000086
Validation [Cube: BC: 0.801; Div: 0.008; For: 0.022; Sig: 3.912]
[Iteration 038400/050000] [BC: 0.00003678; Div: 0.00004907; For: 0.00010506] [0:44:53.024005]
Lambda B: 0.999724
LR: 0.000085
Validation [Cube: BC: 0.764; Div: 0.008; For: 0.021; Sig: 3.744]
[Iteration 038500/050000] [BC: 0.00003686; Div: 0.00005043; For: 0.00011075] [0:45:00.172928]
Lambda B: 0.999724
LR: 0.000085
Validation [Cube: BC: 0.784; Div: 0.008; For: 0.020; Sig: 3.651]
[Iteration 038600/050000] [BC: 0.00003701; Div: 0.00006587; For: 0.00012651] [0:45:07.232143]
Lambda B: 0.999724
LR: 0.000085
Validation [Cube: BC: 0.812; Div: 0.008; For: 0.021; Sig: 3.727]
[Iteration 038700/050000] [BC: 0.00003674; Div: 0.00004747; For: 0.00010419] [0:45:14.102851]
Lambda B: 0.999724
LR: 0.000084
Validation [Cube: BC: 0.795; Div: 0.009; For: 0.021; Sig: 3.842]
[Iteration 038800/050000] [BC: 0.00003684; Div: 0.00005033; For: 0.00011709] [0:45:20.747661]
Lambda B: 0.999724
LR: 0.000084
Validation [Cube: BC: 0.768; Div: 0.008; For: 0.022; Sig: 3.920]
[Iteration 038900/050000] [BC: 0.00003707; Div: 0.00005414; For: 0.00012051] [0:45:27.332998]
Lambda B: 0.999724
LR: 0.000083
Validation [Cube: BC: 0.806; Div: 0.007; For: 0.022; Sig: 3.918]
[Iteration 039000/050000] [BC: 0.00003663; Div: 0.00004696; For: 0.00010369] [0:45:34.448927]
Lambda B: 0.999724
LR: 0.000083
Validation [Cube: BC: 0.830; Div: 0.009; For: 0.021; Sig: 3.763]
[Iteration 039100/050000] [BC: 0.00003689; Div: 0.00005185; For: 0.00011816] [0:45:41.156355]
Lambda B: 0.999724
LR: 0.000083
Validation [Cube: BC: 0.781; Div: 0.010; For: 0.020; Sig: 3.696]
[Iteration 039200/050000] [BC: 0.00003710; Div: 0.00005373; For: 0.00012919] [0:45:47.934365]
Lambda B: 0.999724
LR: 0.000082
Validation [Cube: BC: 0.832; Div: 0.010; For: 0.022; Sig: 3.892]
[Iteration 039300/050000] [BC: 0.00003715; Div: 0.00005628; For: 0.00012545] [0:45:54.862883]
Lambda B: 0.999724
LR: 0.000082
Validation [Cube: BC: 0.800; Div: 0.009; For: 0.020; Sig: 3.597]
[Iteration 039400/050000] [BC: 0.00003661; Div: 0.00004591; For: 0.00010044] [0:46:01.968445]
Lambda B: 0.999724
LR: 0.000081
Validation [Cube: BC: 0.799; Div: 0.007; For: 0.020; Sig: 3.660]
[Iteration 039500/050000] [BC: 0.00003665; Div: 0.00004672; For: 0.00010135] [0:46:09.550687]
Lambda B: 0.999724
LR: 0.000081
Validation [Cube: BC: 0.771; Div: 0.008; For: 0.021; Sig: 3.751]
[Iteration 039600/050000] [BC: 0.00003697; Div: 0.00005430; For: 0.00011504] [0:46:16.367024]
Lambda B: 0.999724
LR: 0.000081
Validation [Cube: BC: 0.796; Div: 0.009; For: 0.021; Sig: 3.711]
[Iteration 039700/050000] [BC: 0.00003732; Div: 0.00005364; For: 0.00013444] [0:46:23.264773]
Lambda B: 0.999724
LR: 0.000080
Validation [Cube: BC: 0.826; Div: 0.011; For: 0.023; Sig: 4.072]
[Iteration 039800/050000] [BC: 0.00003693; Div: 0.00005060; For: 0.00011685] [0:46:30.115528]
Lambda B: 0.999724
LR: 0.000080
Validation [Cube: BC: 0.785; Div: 0.007; For: 0.020; Sig: 3.599]
[Iteration 039900/050000] [BC: 0.00003673; Div: 0.00004735; For: 0.00010232] [0:46:37.453463]
Lambda B: 0.999724
LR: 0.000080
Validation [Cube: BC: 0.753; Div: 0.008; For: 0.020; Sig: 3.668]
[Iteration 040000/050000] [BC: 0.00003676; Div: 0.00004913; For: 0.00010821] [0:46:44.895105]
Lambda B: 0.999724
LR: 0.000079
Validation [Cube: BC: 0.793; Div: 0.007; For: 0.021; Sig: 3.835]
[Iteration 040100/050000] [BC: 0.00003677; Div: 0.00004923; For: 0.00011182] [0:46:51.904903]
Lambda B: 0.999724
LR: 0.000079
Validation [Cube: BC: 0.799; Div: 0.008; For: 0.020; Sig: 3.658]
[Iteration 040200/050000] [BC: 0.00003704; Div: 0.00005601; For: 0.00012290] [0:46:58.668967]
Lambda B: 0.999724
LR: 0.000079
Validation [Cube: BC: 0.785; Div: 0.008; For: 0.020; Sig: 3.623]
[Iteration 040300/050000] [BC: 0.00003668; Div: 0.00004788; For: 0.00010714] [0:47:05.693159]
Lambda B: 0.999724
LR: 0.000078
Validation [Cube: BC: 0.770; Div: 0.007; For: 0.022; Sig: 3.868]
[Iteration 040400/050000] [BC: 0.00003723; Div: 0.00005587; For: 0.00013501] [0:47:12.712213]
Lambda B: 0.999724
LR: 0.000078
Validation [Cube: BC: 0.770; Div: 0.008; For: 0.020; Sig: 3.632]
[Iteration 040500/050000] [BC: 0.00003657; Div: 0.00004612; For: 0.00010070] [0:47:19.687735]
Lambda B: 0.999724
LR: 0.000077
Validation [Cube: BC: 0.779; Div: 0.008; For: 0.021; Sig: 3.722]
[Iteration 040600/050000] [BC: 0.00003658; Div: 0.00004667; For: 0.00010184] [0:47:26.951432]
Lambda B: 0.999724
LR: 0.000077
Validation [Cube: BC: 0.770; Div: 0.008; For: 0.020; Sig: 3.668]
[Iteration 040700/050000] [BC: 0.00003697; Div: 0.00005304; For: 0.00011634] [0:47:34.272590]
Lambda B: 0.999724
LR: 0.000077
Validation [Cube: BC: 0.791; Div: 0.011; For: 0.020; Sig: 3.583]
[Iteration 040800/050000] [BC: 0.00003666; Div: 0.00004803; For: 0.00010219] [0:47:41.542371]
Lambda B: 0.999724
LR: 0.000076
Validation [Cube: BC: 0.785; Div: 0.008; For: 0.021; Sig: 3.725]
[Iteration 040900/050000] [BC: 0.00003669; Div: 0.00004997; For: 0.00010938] [0:47:48.327911]
Lambda B: 0.999724
LR: 0.000076
Validation [Cube: BC: 0.777; Div: 0.009; For: 0.021; Sig: 3.781]
[Iteration 041000/050000] [BC: 0.00003723; Div: 0.00006298; For: 0.00013486] [0:47:55.373775]
Lambda B: 0.999724
LR: 0.000076
Validation [Cube: BC: 0.807; Div: 0.008; For: 0.021; Sig: 3.859]
[Iteration 041100/050000] [BC: 0.00003661; Div: 0.00004643; For: 0.00010320] [0:48:02.218159]
Lambda B: 0.999724
LR: 0.000075
Validation [Cube: BC: 0.783; Div: 0.011; For: 0.020; Sig: 3.577]
[Iteration 041200/050000] [BC: 0.00003639; Div: 0.00004504; For: 0.00009823] [0:48:09.279101]
Lambda B: 0.999724
LR: 0.000075
Validation [Cube: BC: 0.785; Div: 0.010; For: 0.020; Sig: 3.627]
[Iteration 041300/050000] [BC: 0.00003652; Div: 0.00004841; For: 0.00010464] [0:48:16.235636]
Lambda B: 0.999724
LR: 0.000075
Validation [Cube: BC: 0.760; Div: 0.008; For: 0.021; Sig: 3.730]
[Iteration 041400/050000] [BC: 0.00003667; Div: 0.00004817; For: 0.00011209] [0:48:23.213674]
Lambda B: 0.999724
LR: 0.000074
Validation [Cube: BC: 0.777; Div: 0.008; For: 0.022; Sig: 3.984]
[Iteration 041500/050000] [BC: 0.00003664; Div: 0.00004949; For: 0.00010855] [0:48:30.309617]
Lambda B: 0.999724
LR: 0.000074
Validation [Cube: BC: 0.802; Div: 0.009; For: 0.021; Sig: 3.739]
[Iteration 041600/050000] [BC: 0.00003662; Div: 0.00005053; For: 0.00010729] [0:48:37.361133]
Lambda B: 0.999724
LR: 0.000074
Validation [Cube: BC: 0.785; Div: 0.008; For: 0.020; Sig: 3.543]
[Iteration 041700/050000] [BC: 0.00003680; Div: 0.00005068; For: 0.00010822] [0:48:43.917562]
Lambda B: 0.999724
LR: 0.000073
Validation [Cube: BC: 0.777; Div: 0.007; For: 0.021; Sig: 3.727]
[Iteration 041800/050000] [BC: 0.00003677; Div: 0.00005019; For: 0.00011114] [0:48:51.338634]
Lambda B: 0.999724
LR: 0.000073
Validation [Cube: BC: 0.793; Div: 0.008; For: 0.021; Sig: 3.798]
[Iteration 041900/050000] [BC: 0.00003667; Div: 0.00004907; For: 0.00010623] [0:48:58.069463]
Lambda B: 0.999724
LR: 0.000073
Validation [Cube: BC: 0.795; Div: 0.008; For: 0.020; Sig: 3.634]
[Iteration 042000/050000] [BC: 0.00003716; Div: 0.00005381; For: 0.00012764] [0:49:05.326753]
Lambda B: 0.999724
LR: 0.000072
Validation [Cube: BC: 0.829; Div: 0.009; For: 0.022; Sig: 3.923]
[Iteration 042100/050000] [BC: 0.00003683; Div: 0.00004869; For: 0.00011319] [0:49:12.766964]
Lambda B: 0.999724
LR: 0.000072
Validation [Cube: BC: 0.799; Div: 0.008; For: 0.020; Sig: 3.694]
[Iteration 042200/050000] [BC: 0.00003661; Div: 0.00004765; For: 0.00010481] [0:49:19.540702]
Lambda B: 0.999724
LR: 0.000072
Validation [Cube: BC: 0.765; Div: 0.008; For: 0.021; Sig: 3.784]
[Iteration 042300/050000] [BC: 0.00003655; Div: 0.00004545; For: 0.00010110] [0:49:26.290105]
Lambda B: 0.999724
LR: 0.000071
Validation [Cube: BC: 0.787; Div: 0.008; For: 0.020; Sig: 3.568]
[Iteration 042400/050000] [BC: 0.00003642; Div: 0.00004526; For: 0.00009662] [0:49:33.363987]
Lambda B: 0.999724
LR: 0.000071
Validation [Cube: BC: 0.787; Div: 0.008; For: 0.021; Sig: 3.709]
[Iteration 042500/050000] [BC: 0.00003667; Div: 0.00004736; For: 0.00010175] [0:49:40.724657]
Lambda B: 0.999724
LR: 0.000071
Validation [Cube: BC: 0.778; Div: 0.010; For: 0.021; Sig: 3.706]
[Iteration 042600/050000] [BC: 0.00003666; Div: 0.00004804; For: 0.00011001] [0:49:47.654794]
Lambda B: 0.999724
LR: 0.000070
Validation [Cube: BC: 0.798; Div: 0.008; For: 0.021; Sig: 3.773]
[Iteration 042700/050000] [BC: 0.00003661; Div: 0.00005111; For: 0.00010882] [0:49:54.632265]
Lambda B: 0.999724
LR: 0.000070
Validation [Cube: BC: 0.783; Div: 0.007; For: 0.021; Sig: 3.748]
[Iteration 042800/050000] [BC: 0.00003669; Div: 0.00005209; For: 0.00011204] [0:50:01.887135]
Lambda B: 0.999724
LR: 0.000070
Validation [Cube: BC: 0.773; Div: 0.009; For: 0.020; Sig: 3.677]
[Iteration 042900/050000] [BC: 0.00003659; Div: 0.00004693; For: 0.00010558] [0:50:09.343296]
Lambda B: 0.999724
LR: 0.000069
Validation [Cube: BC: 0.775; Div: 0.009; For: 0.021; Sig: 3.805]
[Iteration 043000/050000] [BC: 0.00003669; Div: 0.00004872; For: 0.00010771] [0:50:16.083828]
Lambda B: 0.999724
LR: 0.000069
Validation [Cube: BC: 0.793; Div: 0.008; For: 0.020; Sig: 3.601]
[Iteration 043100/050000] [BC: 0.00003644; Div: 0.00004587; For: 0.00010152] [0:50:22.892239]
Lambda B: 0.999724
LR: 0.000069
Validation [Cube: BC: 0.770; Div: 0.007; For: 0.020; Sig: 3.649]
[Iteration 043200/050000] [BC: 0.00003651; Div: 0.00004692; For: 0.00010298] [0:50:29.652137]
Lambda B: 0.999724
LR: 0.000068
Validation [Cube: BC: 0.779; Div: 0.009; For: 0.020; Sig: 3.594]
[Iteration 043300/050000] [BC: 0.00003658; Div: 0.00004678; For: 0.00010169] [0:50:36.987317]
Lambda B: 0.999724
LR: 0.000068
Validation [Cube: BC: 0.780; Div: 0.008; For: 0.021; Sig: 3.831]
[Iteration 043400/050000] [BC: 0.00003645; Div: 0.00004633; For: 0.00010330] [0:50:43.921087]
Lambda B: 0.999724
LR: 0.000068
Validation [Cube: BC: 0.783; Div: 0.009; For: 0.020; Sig: 3.661]
[Iteration 043500/050000] [BC: 0.00003684; Div: 0.00005191; For: 0.00012069] [0:50:50.630608]
Lambda B: 0.999724
LR: 0.000067
Validation [Cube: BC: 0.804; Div: 0.009; For: 0.021; Sig: 3.694]
[Iteration 043600/050000] [BC: 0.00003645; Div: 0.00004512; For: 0.00009763] [0:50:58.010566]
Lambda B: 0.999724
LR: 0.000067
Validation [Cube: BC: 0.788; Div: 0.007; For: 0.020; Sig: 3.663]
[Iteration 043700/050000] [BC: 0.00003659; Div: 0.00004537; For: 0.00010133] [0:51:04.990092]
Lambda B: 0.999724
LR: 0.000067
Validation [Cube: BC: 0.789; Div: 0.008; For: 0.020; Sig: 3.622]
[Iteration 043800/050000] [BC: 0.00003662; Div: 0.00004699; For: 0.00010822] [0:51:12.039015]
Lambda B: 0.999724
LR: 0.000067
Validation [Cube: BC: 0.772; Div: 0.009; For: 0.020; Sig: 3.564]
[Iteration 043900/050000] [BC: 0.00003639; Div: 0.00004634; For: 0.00010037] [0:51:18.652948]
Lambda B: 0.999724
LR: 0.000066
Validation [Cube: BC: 0.765; Div: 0.009; For: 0.021; Sig: 3.692]
[Iteration 044000/050000] [BC: 0.00003641; Div: 0.00004522; For: 0.00010201] [0:51:25.979749]
Lambda B: 0.999724
LR: 0.000066
Validation [Cube: BC: 0.790; Div: 0.009; For: 0.020; Sig: 3.566]
[Iteration 044100/050000] [BC: 0.00003651; Div: 0.00004684; For: 0.00010376] [0:51:33.157750]
Lambda B: 0.999724
LR: 0.000066
Validation [Cube: BC: 0.779; Div: 0.008; For: 0.020; Sig: 3.624]
[Iteration 044200/050000] [BC: 0.00003685; Div: 0.00005308; For: 0.00012338] [0:51:40.572001]
Lambda B: 0.999724
LR: 0.000065
Validation [Cube: BC: 0.759; Div: 0.009; For: 0.020; Sig: 3.588]
[Iteration 044300/050000] [BC: 0.00003636; Div: 0.00004491; For: 0.00009590] [0:51:47.302852]
Lambda B: 0.999724
LR: 0.000065
Validation [Cube: BC: 0.771; Div: 0.008; For: 0.020; Sig: 3.639]
[Iteration 044400/050000] [BC: 0.00003632; Div: 0.00004621; For: 0.00009881] [0:51:54.047252]
Lambda B: 0.999724
LR: 0.000065
Validation [Cube: BC: 0.776; Div: 0.009; For: 0.020; Sig: 3.643]
[Iteration 044500/050000] [BC: 0.00003641; Div: 0.00004756; For: 0.00010293] [0:52:01.049845]
Lambda B: 0.999724
LR: 0.000064
Validation [Cube: BC: 0.787; Div: 0.009; For: 0.020; Sig: 3.610]
[Iteration 044600/050000] [BC: 0.00003634; Div: 0.00004509; For: 0.00009743] [0:52:07.963036]
Lambda B: 0.999724
LR: 0.000064
Validation [Cube: BC: 0.765; Div: 0.009; For: 0.020; Sig: 3.571]
[Iteration 044700/050000] [BC: 0.00003647; Div: 0.00004736; For: 0.00010435] [0:52:14.623945]
Lambda B: 0.999724
LR: 0.000064
Validation [Cube: BC: 0.762; Div: 0.009; For: 0.020; Sig: 3.527]
[Iteration 044800/050000] [BC: 0.00003654; Div: 0.00004661; For: 0.00010618] [0:52:22.115003]
Lambda B: 0.999724
LR: 0.000064
Validation [Cube: BC: 0.786; Div: 0.009; For: 0.020; Sig: 3.680]
[Iteration 044900/050000] [BC: 0.00003638; Div: 0.00004487; For: 0.00009605] [0:52:29.315362]
Lambda B: 0.999724
LR: 0.000063
Validation [Cube: BC: 0.784; Div: 0.010; For: 0.020; Sig: 3.560]
[Iteration 045000/050000] [BC: 0.00003671; Div: 0.00005231; For: 0.00011190] [0:52:36.320439]
Lambda B: 0.999724
LR: 0.000063
Validation [Cube: BC: 0.793; Div: 0.008; For: 0.020; Sig: 3.638]
[Iteration 045100/050000] [BC: 0.00003636; Div: 0.00004430; For: 0.00009751] [0:52:43.876424]
Lambda B: 0.999724
LR: 0.000063
Validation [Cube: BC: 0.764; Div: 0.008; For: 0.020; Sig: 3.523]
[Iteration 045200/050000] [BC: 0.00003626; Div: 0.00004453; For: 0.00009673] [0:52:51.168888]
Lambda B: 0.999724
LR: 0.000062
Validation [Cube: BC: 0.792; Div: 0.008; For: 0.020; Sig: 3.656]
[Iteration 045300/050000] [BC: 0.00003634; Div: 0.00004587; For: 0.00010168] [0:52:57.767890]
Lambda B: 0.999724
LR: 0.000062
Validation [Cube: BC: 0.774; Div: 0.007; For: 0.020; Sig: 3.644]
[Iteration 045400/050000] [BC: 0.00003670; Div: 0.00004912; For: 0.00011703] [0:53:04.179753]
Lambda B: 0.999724
LR: 0.000062
Validation [Cube: BC: 0.791; Div: 0.009; For: 0.022; Sig: 3.862]
[Iteration 045500/050000] [BC: 0.00003654; Div: 0.00004723; For: 0.00010896] [0:53:09.983852]
Lambda B: 0.999724
LR: 0.000062
Validation [Cube: BC: 0.786; Div: 0.008; For: 0.020; Sig: 3.595]
[Iteration 045600/050000] [BC: 0.00003620; Div: 0.00004326; For: 0.00009415] [0:53:16.225732]
Lambda B: 0.999724
LR: 0.000061
Validation [Cube: BC: 0.770; Div: 0.009; For: 0.020; Sig: 3.578]
[Iteration 045700/050000] [BC: 0.00003624; Div: 0.00004546; For: 0.00009673] [0:53:22.742168]
Lambda B: 0.999724
LR: 0.000061
Validation [Cube: BC: 0.779; Div: 0.008; For: 0.021; Sig: 3.729]
[Iteration 045800/050000] [BC: 0.00003612; Div: 0.00004275; For: 0.00009311] [0:53:29.712201]
Lambda B: 0.999724
LR: 0.000061
Validation [Cube: BC: 0.799; Div: 0.008; For: 0.021; Sig: 3.759]
[Iteration 045900/050000] [BC: 0.00003626; Div: 0.00004366; For: 0.00009497] [0:53:36.286256]
Lambda B: 0.999724
LR: 0.000060
Validation [Cube: BC: 0.772; Div: 0.008; For: 0.020; Sig: 3.675]
[Iteration 046000/050000] [BC: 0.00003654; Div: 0.00004855; For: 0.00010616] [0:53:43.499399]
Lambda B: 0.999724
LR: 0.000060
Validation [Cube: BC: 0.775; Div: 0.007; For: 0.020; Sig: 3.604]
[Iteration 046100/050000] [BC: 0.00003623; Div: 0.00004365; For: 0.00009703] [0:53:50.403630]
Lambda B: 0.999724
LR: 0.000060
Validation [Cube: BC: 0.758; Div: 0.011; For: 0.020; Sig: 3.620]
[Iteration 046200/050000] [BC: 0.00003659; Div: 0.00004761; For: 0.00010749] [0:53:57.204492]
Lambda B: 0.999724
LR: 0.000060
Validation [Cube: BC: 0.765; Div: 0.008; For: 0.020; Sig: 3.669]
[Iteration 046300/050000] [BC: 0.00003624; Div: 0.00004525; For: 0.00009968] [0:54:03.825299]
Lambda B: 0.999724
LR: 0.000059
Validation [Cube: BC: 0.789; Div: 0.008; For: 0.020; Sig: 3.687]
[Iteration 046400/050000] [BC: 0.00003621; Div: 0.00004334; For: 0.00009312] [0:54:10.551011]
Lambda B: 0.999724
LR: 0.000059
Validation [Cube: BC: 0.770; Div: 0.010; For: 0.020; Sig: 3.627]
[Iteration 046500/050000] [BC: 0.00003636; Div: 0.00004419; For: 0.00009966] [0:54:16.705529]
Lambda B: 0.999724
LR: 0.000059
Validation [Cube: BC: 0.802; Div: 0.007; For: 0.020; Sig: 3.627]
[Iteration 046600/050000] [BC: 0.00003641; Div: 0.00004518; For: 0.00010015] [0:54:23.134497]
Lambda B: 0.999724
LR: 0.000058
Validation [Cube: BC: 0.767; Div: 0.009; For: 0.020; Sig: 3.552]
[Iteration 046700/050000] [BC: 0.00003628; Div: 0.00004470; For: 0.00009588] [0:54:29.689932]
Lambda B: 0.999724
LR: 0.000058
Validation [Cube: BC: 0.772; Div: 0.008; For: 0.020; Sig: 3.608]
[Iteration 046800/050000] [BC: 0.00003629; Div: 0.00004567; For: 0.00010241] [0:54:36.828078]
Lambda B: 0.999724
LR: 0.000058
Validation [Cube: BC: 0.790; Div: 0.008; For: 0.020; Sig: 3.668]
[Iteration 046900/050000] [BC: 0.00003633; Div: 0.00004609; For: 0.00009859] [0:54:43.738395]
Lambda B: 0.999724
LR: 0.000058
Validation [Cube: BC: 0.765; Div: 0.008; For: 0.021; Sig: 3.727]
[Iteration 047000/050000] [BC: 0.00003631; Div: 0.00004804; For: 0.00010555] [0:54:50.801565]
Lambda B: 0.999724
LR: 0.000057
Validation [Cube: BC: 0.810; Div: 0.009; For: 0.021; Sig: 3.720]
[Iteration 047100/050000] [BC: 0.00003622; Div: 0.00004380; For: 0.00009495] [0:54:57.794034]
Lambda B: 0.999724
LR: 0.000057
Validation [Cube: BC: 0.752; Div: 0.009; For: 0.020; Sig: 3.547]
[Iteration 047200/050000] [BC: 0.00003614; Div: 0.00004265; For: 0.00009402] [0:55:04.863364]
Lambda B: 0.999724
LR: 0.000057
Validation [Cube: BC: 0.769; Div: 0.007; For: 0.020; Sig: 3.554]
[Iteration 047300/050000] [BC: 0.00003651; Div: 0.00004711; For: 0.00010918] [0:55:11.814329]
Lambda B: 0.999724
LR: 0.000057
Validation [Cube: BC: 0.765; Div: 0.009; For: 0.020; Sig: 3.526]
[Iteration 047400/050000] [BC: 0.00003603; Div: 0.00004208; For: 0.00009139] [0:55:19.306646]
Lambda B: 0.999724
LR: 0.000056
Validation [Cube: BC: 0.787; Div: 0.008; For: 0.021; Sig: 3.692]
[Iteration 047500/050000] [BC: 0.00003647; Div: 0.00004603; For: 0.00010585] [0:55:26.216424]
Lambda B: 0.999724
LR: 0.000056
Validation [Cube: BC: 0.803; Div: 0.008; For: 0.021; Sig: 3.728]
[Iteration 047600/050000] [BC: 0.00003627; Div: 0.00004337; For: 0.00009273] [0:55:33.433413]
Lambda B: 0.999724
LR: 0.000056
Validation [Cube: BC: 0.781; Div: 0.008; For: 0.020; Sig: 3.669]
[Iteration 047700/050000] [BC: 0.00003615; Div: 0.00004426; For: 0.00009244] [0:55:40.419872]
Lambda B: 0.999724
LR: 0.000056
Validation [Cube: BC: 0.753; Div: 0.008; For: 0.020; Sig: 3.538]
[Iteration 047800/050000] [BC: 0.00003628; Div: 0.00004507; For: 0.00009668] [0:55:47.897265]
Lambda B: 0.999724
LR: 0.000055
Validation [Cube: BC: 0.779; Div: 0.007; For: 0.020; Sig: 3.664]
[Iteration 047900/050000] [BC: 0.00003630; Div: 0.00004340; For: 0.00009631] [0:55:55.493097]
Lambda B: 0.999724
LR: 0.000055
Validation [Cube: BC: 0.794; Div: 0.007; For: 0.020; Sig: 3.588]
[Iteration 048000/050000] [BC: 0.00003632; Div: 0.00004606; For: 0.00010131] [0:56:02.385860]
Lambda B: 0.999724
LR: 0.000055
Validation [Cube: BC: 0.782; Div: 0.009; For: 0.021; Sig: 3.698]
[Iteration 048100/050000] [BC: 0.00003623; Div: 0.00004406; For: 0.00009705] [0:56:09.387468]
Lambda B: 0.999724
LR: 0.000055
Validation [Cube: BC: 0.763; Div: 0.009; For: 0.020; Sig: 3.613]
[Iteration 048200/050000] [BC: 0.00003619; Div: 0.00004396; For: 0.00009503] [0:56:16.446954]
Lambda B: 0.999724
LR: 0.000054
Validation [Cube: BC: 0.769; Div: 0.008; For: 0.020; Sig: 3.624]
[Iteration 048300/050000] [BC: 0.00003631; Div: 0.00004483; For: 0.00010032] [0:56:23.446724]
Lambda B: 0.999724
LR: 0.000054
Validation [Cube: BC: 0.779; Div: 0.009; For: 0.020; Sig: 3.610]
[Iteration 048400/050000] [BC: 0.00003630; Div: 0.00004717; For: 0.00010737] [0:56:30.435973]
Lambda B: 0.999724
LR: 0.000054
Validation [Cube: BC: 0.783; Div: 0.006; For: 0.020; Sig: 3.576]
[Iteration 048500/050000] [BC: 0.00003622; Div: 0.00004361; For: 0.00009948] [0:56:37.376521]
Lambda B: 0.999724
LR: 0.000054
Validation [Cube: BC: 0.786; Div: 0.007; For: 0.020; Sig: 3.568]
[Iteration 048600/050000] [BC: 0.00003619; Div: 0.00004338; For: 0.00009804] [0:56:44.417096]
Lambda B: 0.999724
LR: 0.000053
Validation [Cube: BC: 0.771; Div: 0.008; For: 0.021; Sig: 3.710]
[Iteration 048700/050000] [BC: 0.00003601; Div: 0.00004230; For: 0.00009069] [0:56:51.700719]
Lambda B: 0.999724
LR: 0.000053
Validation [Cube: BC: 0.767; Div: 0.009; For: 0.020; Sig: 3.583]
[Iteration 048800/050000] [BC: 0.00003608; Div: 0.00004248; For: 0.00009105] [0:56:58.736538]
Lambda B: 0.999724
LR: 0.000053
Validation [Cube: BC: 0.774; Div: 0.007; For: 0.020; Sig: 3.650]
[Iteration 048900/050000] [BC: 0.00003624; Div: 0.00004932; For: 0.00010394] [0:57:06.441890]
Lambda B: 0.999724
LR: 0.000053
Validation [Cube: BC: 0.771; Div: 0.007; For: 0.020; Sig: 3.638]
[Iteration 049000/050000] [BC: 0.00003616; Div: 0.00004344; For: 0.00009734] [0:57:13.826311]
Lambda B: 0.999724
LR: 0.000052
Validation [Cube: BC: 0.779; Div: 0.008; For: 0.020; Sig: 3.646]
[Iteration 049100/050000] [BC: 0.00003632; Div: 0.00004435; For: 0.00009900] [0:57:20.499484]
Lambda B: 0.999724
LR: 0.000052
Validation [Cube: BC: 0.766; Div: 0.007; For: 0.020; Sig: 3.563]
[Iteration 049200/050000] [BC: 0.00003600; Div: 0.00004107; For: 0.00008941] [0:57:26.552502]
Lambda B: 0.999724
LR: 0.000052
Validation [Cube: BC: 0.775; Div: 0.007; For: 0.020; Sig: 3.623]
[Iteration 049300/050000] [BC: 0.00003593; Div: 0.00004206; For: 0.00009047] [0:57:33.523687]
Lambda B: 0.999724
LR: 0.000052
Validation [Cube: BC: 0.777; Div: 0.010; For: 0.020; Sig: 3.588]
[Iteration 049400/050000] [BC: 0.00003624; Div: 0.00004485; For: 0.00010198] [0:57:40.516020]
Lambda B: 0.999724
LR: 0.000051
Validation [Cube: BC: 0.802; Div: 0.009; For: 0.020; Sig: 3.658]
[Iteration 049500/050000] [BC: 0.00003613; Div: 0.00004239; For: 0.00009334] [0:57:47.582746]
Lambda B: 0.999724
LR: 0.000051
Validation [Cube: BC: 0.761; Div: 0.008; For: 0.020; Sig: 3.533]
[Iteration 049600/050000] [BC: 0.00003615; Div: 0.00004287; For: 0.00009293] [0:57:54.821384]
Lambda B: 0.999724
LR: 0.000051
Validation [Cube: BC: 0.779; Div: 0.009; For: 0.020; Sig: 3.588]
[Iteration 049700/050000] [BC: 0.00003610; Div: 0.00004342; For: 0.00009356] [0:58:01.566310]
Lambda B: 0.999724
LR: 0.000051
Validation [Cube: BC: 0.764; Div: 0.008; For: 0.020; Sig: 3.517]
[Iteration 049800/050000] [BC: 0.00003612; Div: 0.00004484; For: 0.00009813] [0:58:08.464144]
Lambda B: 0.999724
LR: 0.000050
Validation [Cube: BC: 0.801; Div: 0.008; For: 0.020; Sig: 3.624]
[Iteration 049900/050000] [BC: 0.00003619; Div: 0.00004294; For: 0.00009687] [0:58:15.499821]
Lambda B: 0.999724
LR: 0.000050
Validation [Cube: BC: 0.757; Div: 0.010; For: 0.020; Sig: 3.537]
[Iteration 050000/050000] [BC: 0.00003615; Div: 0.00004315; For: 0.00009343] [0:58:23.146077]
Lambda B: 0.999724
LR: 0.000050
Validation [Cube: BC: 0.762; Div: 0.008; For: 0.020; Sig: 3.675]
TOTAL RUNTIME: 0:58:24.843140
