Configuration:
dim: 256, lambda_div: 0.100000, lambda_ff: 0.100000, decay_iterations: 50000, potential: True, vector_potential: False, 
Using device: cuda (gpus 1) ['NVIDIA GeForce RTX 3060']
[Iteration 010000/100000] [B-Field: 0.00231278; Div: 0.20368765; For: 0.41819027] [0:23:00.156388]
Lambda B: 251.188643
LR: 0.000397
Validation [Cube: B: 127.453; Div: 0.011; For: 0.674; Sig: 40.503]
[Iteration 020000/100000] [B-Field: 0.00091998; Div: 0.05268539; For: 0.10738292] [0:47:03.427640]
Lambda B: 63.095734
LR: 0.000315
Validation [Cube: B: 112.184; Div: 0.008; For: 0.482; Sig: 30.640]
[Iteration 030000/100000] [B-Field: 0.00081355; Div: 0.01829059; For: 0.03517856] [1:11:07.537230]
Lambda B: 15.848932
LR: 0.000251
Validation [Cube: B: 113.130; Div: 0.008; For: 0.325; Sig: 21.796]
[Iteration 040000/100000] [B-Field: 0.00087249; Div: 0.00600344; For: 0.01159010] [1:35:12.936592]
Lambda B: 3.981072
LR: 0.000199
Validation [Cube: B: 122.039; Div: 0.006; For: 0.198; Sig: 14.674]
[Iteration 050000/100000] [B-Field: 0.00099489; Div: 0.00190043; For: 0.00353416] [1:59:59.725750]
Lambda B: 1.000000
LR: 0.000158
Validation [Cube: B: 129.428; Div: 0.003; For: 0.108; Sig: 9.108]
[Iteration 060000/100000] [B-Field: 0.00106474; Div: 0.00092331; For: 0.00163418] [2:24:41.133320]
Lambda B: 0.999862
LR: 0.000126
Validation [Cube: B: 128.944; Div: 0.002; For: 0.089; Sig: 7.639]
[Iteration 070000/100000] [B-Field: 0.00104392; Div: 0.00069571; For: 0.00129656] [2:49:51.910337]
Lambda B: 0.999862
LR: 0.000100
Validation [Cube: B: 128.589; Div: 0.002; For: 0.088; Sig: 7.579]
[Iteration 080000/100000] [B-Field: 0.00102863; Div: 0.00053968; For: 0.00107363] [3:13:52.483715]
Lambda B: 0.999862
LR: 0.000079
Validation [Cube: B: 128.086; Div: 0.002; For: 0.083; Sig: 7.065]
[Iteration 090000/100000] [B-Field: 0.00101413; Div: 0.00043517; For: 0.00093122] [3:39:43.848821]
Lambda B: 0.999862
LR: 0.000063
Validation [Cube: B: 127.364; Div: 0.002; For: 0.084; Sig: 6.972]
[Iteration 100000/100000] [B-Field: 0.00100111; Div: 0.00036230; For: 0.00082750] [4:05:11.624171]
Lambda B: 0.999862
LR: 0.000050
Validation [Cube: B: 127.175; Div: 0.002; For: 0.081; Sig: 6.686]
TOTAL RUNTIME: 4:07:38.358416
