Configuration:
dim: 256, lambda_div: 0.100000, lambda_ff: 0.100000, decay_iterations: 50000, potential: True, vector_potential: False, 
Using device: cuda (gpus 1) ['NVIDIA RTX A6000']
[Iteration 010000/100000] [B-Field: 0.00689072; Div: 0.70061404; For: 1.46442783] [0:12:01.259521]
Lambda B: 251.188643
LR: 0.000397
Validation [Cube: B: 109.106; Div: 0.026; For: 1.027; Sig: 44.491]
[Iteration 020000/100000] [B-Field: 0.00254641; Div: 0.12351303; For: 0.25933874] [0:25:00.396435]
Lambda B: 63.095734
LR: 0.000315
Validation [Cube: B: 98.484; Div: 0.015; For: 0.631; Sig: 33.935]
[Iteration 030000/100000] [B-Field: 0.00228169; Div: 0.04680412; For: 0.08378573] [0:37:59.226314]
Lambda B: 15.848932
LR: 0.000251
Validation [Cube: B: 98.765; Div: 0.013; For: 0.449; Sig: 25.520]
[Iteration 040000/100000] [B-Field: 0.00242314; Div: 0.01688668; For: 0.03104293] [0:50:57.979670]
Lambda B: 3.981072
LR: 0.000199
Validation [Cube: B: 104.541; Div: 0.006; For: 0.316; Sig: 17.930]
[Iteration 050000/100000] [B-Field: 0.00280608; Div: 0.00573994; For: 0.01105915] [1:03:56.509621]
Lambda B: 1.000000
LR: 0.000158
Validation [Cube: B: 112.768; Div: 0.003; For: 0.193; Sig: 10.997]
[Iteration 060000/100000] [B-Field: 0.00306249; Div: 0.00266336; For: 0.00526163] [1:16:54.007273]
Lambda B: 0.999862
LR: 0.000126
Validation [Cube: B: 112.924; Div: 0.003; For: 0.176; Sig: 9.633]
[Iteration 070000/100000] [B-Field: 0.00302334; Div: 0.00205943; For: 0.00433442] [1:29:52.208594]
Lambda B: 0.999862
LR: 0.000100
Validation [Cube: B: 112.306; Div: 0.002; For: 0.167; Sig: 8.843]
[Iteration 080000/100000] [B-Field: 0.00298342; Div: 0.00168836; For: 0.00379187] [1:42:50.505311]
Lambda B: 0.999862
LR: 0.000079
Validation [Cube: B: 111.992; Div: 0.002; For: 0.162; Sig: 8.258]
[Iteration 090000/100000] [B-Field: 0.00295225; Div: 0.00141755; For: 0.00341761] [1:55:50.256802]
Lambda B: 0.999862
LR: 0.000063
Validation [Cube: B: 111.568; Div: 0.002; For: 0.160; Sig: 7.932]
[Iteration 100000/100000] [B-Field: 0.00292749; Div: 0.00123963; For: 0.00316592] [2:08:47.142869]
Lambda B: 0.999862
LR: 0.000050
Validation [Cube: B: 111.337; Div: 0.002; For: 0.161; Sig: 7.816]
TOTAL RUNTIME: 2:09:47.863056
